CRITICAL - 2021-08-04 00:40:05 --> Undefined variable $datos
#0 /Applications/XAMPP/xamppfiles/htdocs/empaquesys/app/Views/Rastreo/Vaddpallet.php(5): CodeIgniter\Debug\Exceptions->errorHandler(2, 'Undefined varia...', '/Applications/X...', 5)
#1 /Applications/XAMPP/xamppfiles/htdocs/empaquesys/vendor/codeigniter4/framework/system/View/View.php(230): include('/Applications/X...')
#2 /Applications/XAMPP/xamppfiles/htdocs/empaquesys/vendor/codeigniter4/framework/system/View/View.php(232): CodeIgniter\View\View->CodeIgniter\View\{closure}()
#3 /Applications/XAMPP/xamppfiles/htdocs/empaquesys/vendor/codeigniter4/framework/system/Common.php(1271): CodeIgniter\View\View->render('Rastreo/Vaddpal...', Array, true)
#4 /Applications/XAMPP/xamppfiles/htdocs/empaquesys/app/Controllers/Rastreo.php(41): view('Rastreo/Vaddpal...')
#5 /Applications/XAMPP/xamppfiles/htdocs/empaquesys/vendor/codeigniter4/framework/system/CodeIgniter.php(929): App\Controllers\Rastreo->Agregarpallet('1')
#6 /Applications/XAMPP/xamppfiles/htdocs/empaquesys/vendor/codeigniter4/framework/system/CodeIgniter.php(437): CodeIgniter\CodeIgniter->runController(Object(App\Controllers\Rastreo))
#7 /Applications/XAMPP/xamppfiles/htdocs/empaquesys/vendor/codeigniter4/framework/system/CodeIgniter.php(337): CodeIgniter\CodeIgniter->handleRequest(NULL, Object(Config\Cache), false)
#8 /Applications/XAMPP/xamppfiles/htdocs/empaquesys/index.php(44): CodeIgniter\CodeIgniter->run()
#9 {main}
CRITICAL - 2021-08-04 00:42:19 --> Undefined variable $datos
#0 /Applications/XAMPP/xamppfiles/htdocs/empaquesys/app/Views/Rastreo/Vaddpallet.php(5): CodeIgniter\Debug\Exceptions->errorHandler(2, 'Undefined varia...', '/Applications/X...', 5)
#1 /Applications/XAMPP/xamppfiles/htdocs/empaquesys/vendor/codeigniter4/framework/system/View/View.php(230): include('/Applications/X...')
#2 /Applications/XAMPP/xamppfiles/htdocs/empaquesys/vendor/codeigniter4/framework/system/View/View.php(232): CodeIgniter\View\View->CodeIgniter\View\{closure}()
#3 /Applications/XAMPP/xamppfiles/htdocs/empaquesys/vendor/codeigniter4/framework/system/Common.php(1271): CodeIgniter\View\View->render('Rastreo/Vaddpal...', Array, true)
#4 /Applications/XAMPP/xamppfiles/htdocs/empaquesys/app/Controllers/Rastreo.php(41): view('Rastreo/Vaddpal...')
#5 /Applications/XAMPP/xamppfiles/htdocs/empaquesys/vendor/codeigniter4/framework/system/CodeIgniter.php(929): App\Controllers\Rastreo->Agregarpallet('1')
#6 /Applications/XAMPP/xamppfiles/htdocs/empaquesys/vendor/codeigniter4/framework/system/CodeIgniter.php(437): CodeIgniter\CodeIgniter->runController(Object(App\Controllers\Rastreo))
#7 /Applications/XAMPP/xamppfiles/htdocs/empaquesys/vendor/codeigniter4/framework/system/CodeIgniter.php(337): CodeIgniter\CodeIgniter->handleRequest(NULL, Object(Config\Cache), false)
#8 /Applications/XAMPP/xamppfiles/htdocs/empaquesys/index.php(44): CodeIgniter\CodeIgniter->run()
#9 {main}
CRITICAL - 2021-08-04 00:43:49 --> Undefined variable $datos
#0 /Applications/XAMPP/xamppfiles/htdocs/empaquesys/app/Views/Rastreo/Vaddpallet.php(5): CodeIgniter\Debug\Exceptions->errorHandler(2, 'Undefined varia...', '/Applications/X...', 5)
#1 /Applications/XAMPP/xamppfiles/htdocs/empaquesys/vendor/codeigniter4/framework/system/View/View.php(230): include('/Applications/X...')
#2 /Applications/XAMPP/xamppfiles/htdocs/empaquesys/vendor/codeigniter4/framework/system/View/View.php(232): CodeIgniter\View\View->CodeIgniter\View\{closure}()
#3 /Applications/XAMPP/xamppfiles/htdocs/empaquesys/vendor/codeigniter4/framework/system/Common.php(1271): CodeIgniter\View\View->render('Rastreo/Vaddpal...', Array, true)
#4 /Applications/XAMPP/xamppfiles/htdocs/empaquesys/app/Controllers/Rastreo.php(41): view('Rastreo/Vaddpal...')
#5 /Applications/XAMPP/xamppfiles/htdocs/empaquesys/vendor/codeigniter4/framework/system/CodeIgniter.php(929): App\Controllers\Rastreo->Agregarpallet('1')
#6 /Applications/XAMPP/xamppfiles/htdocs/empaquesys/vendor/codeigniter4/framework/system/CodeIgniter.php(437): CodeIgniter\CodeIgniter->runController(Object(App\Controllers\Rastreo))
#7 /Applications/XAMPP/xamppfiles/htdocs/empaquesys/vendor/codeigniter4/framework/system/CodeIgniter.php(337): CodeIgniter\CodeIgniter->handleRequest(NULL, Object(Config\Cache), false)
#8 /Applications/XAMPP/xamppfiles/htdocs/empaquesys/index.php(44): CodeIgniter\CodeIgniter->run()
#9 {main}
CRITICAL - 2021-08-04 00:43:50 --> Undefined variable $datos
#0 /Applications/XAMPP/xamppfiles/htdocs/empaquesys/app/Views/Rastreo/Vaddpallet.php(5): CodeIgniter\Debug\Exceptions->errorHandler(2, 'Undefined varia...', '/Applications/X...', 5)
#1 /Applications/XAMPP/xamppfiles/htdocs/empaquesys/vendor/codeigniter4/framework/system/View/View.php(230): include('/Applications/X...')
#2 /Applications/XAMPP/xamppfiles/htdocs/empaquesys/vendor/codeigniter4/framework/system/View/View.php(232): CodeIgniter\View\View->CodeIgniter\View\{closure}()
#3 /Applications/XAMPP/xamppfiles/htdocs/empaquesys/vendor/codeigniter4/framework/system/Common.php(1271): CodeIgniter\View\View->render('Rastreo/Vaddpal...', Array, true)
#4 /Applications/XAMPP/xamppfiles/htdocs/empaquesys/app/Controllers/Rastreo.php(41): view('Rastreo/Vaddpal...')
#5 /Applications/XAMPP/xamppfiles/htdocs/empaquesys/vendor/codeigniter4/framework/system/CodeIgniter.php(929): App\Controllers\Rastreo->Agregarpallet('1')
#6 /Applications/XAMPP/xamppfiles/htdocs/empaquesys/vendor/codeigniter4/framework/system/CodeIgniter.php(437): CodeIgniter\CodeIgniter->runController(Object(App\Controllers\Rastreo))
#7 /Applications/XAMPP/xamppfiles/htdocs/empaquesys/vendor/codeigniter4/framework/system/CodeIgniter.php(337): CodeIgniter\CodeIgniter->handleRequest(NULL, Object(Config\Cache), false)
#8 /Applications/XAMPP/xamppfiles/htdocs/empaquesys/index.php(44): CodeIgniter\CodeIgniter->run()
#9 {main}
CRITICAL - 2021-08-04 00:44:00 --> Undefined variable $datos
#0 /Applications/XAMPP/xamppfiles/htdocs/empaquesys/app/Views/Rastreo/Vaddpallet.php(5): CodeIgniter\Debug\Exceptions->errorHandler(2, 'Undefined varia...', '/Applications/X...', 5)
#1 /Applications/XAMPP/xamppfiles/htdocs/empaquesys/vendor/codeigniter4/framework/system/View/View.php(230): include('/Applications/X...')
#2 /Applications/XAMPP/xamppfiles/htdocs/empaquesys/vendor/codeigniter4/framework/system/View/View.php(232): CodeIgniter\View\View->CodeIgniter\View\{closure}()
#3 /Applications/XAMPP/xamppfiles/htdocs/empaquesys/vendor/codeigniter4/framework/system/Common.php(1271): CodeIgniter\View\View->render('Rastreo/Vaddpal...', Array, true)
#4 /Applications/XAMPP/xamppfiles/htdocs/empaquesys/app/Controllers/Rastreo.php(41): view('Rastreo/Vaddpal...')
#5 /Applications/XAMPP/xamppfiles/htdocs/empaquesys/vendor/codeigniter4/framework/system/CodeIgniter.php(929): App\Controllers\Rastreo->Agregarpallet()
#6 /Applications/XAMPP/xamppfiles/htdocs/empaquesys/vendor/codeigniter4/framework/system/CodeIgniter.php(437): CodeIgniter\CodeIgniter->runController(Object(App\Controllers\Rastreo))
#7 /Applications/XAMPP/xamppfiles/htdocs/empaquesys/vendor/codeigniter4/framework/system/CodeIgniter.php(337): CodeIgniter\CodeIgniter->handleRequest(NULL, Object(Config\Cache), false)
#8 /Applications/XAMPP/xamppfiles/htdocs/empaquesys/index.php(44): CodeIgniter\CodeIgniter->run()
#9 {main}
CRITICAL - 2021-08-04 00:44:11 --> Undefined variable $datos
#0 /Applications/XAMPP/xamppfiles/htdocs/empaquesys/app/Views/Rastreo/Vaddpallet.php(5): CodeIgniter\Debug\Exceptions->errorHandler(2, 'Undefined varia...', '/Applications/X...', 5)
#1 /Applications/XAMPP/xamppfiles/htdocs/empaquesys/vendor/codeigniter4/framework/system/View/View.php(230): include('/Applications/X...')
#2 /Applications/XAMPP/xamppfiles/htdocs/empaquesys/vendor/codeigniter4/framework/system/View/View.php(232): CodeIgniter\View\View->CodeIgniter\View\{closure}()
#3 /Applications/XAMPP/xamppfiles/htdocs/empaquesys/vendor/codeigniter4/framework/system/Common.php(1271): CodeIgniter\View\View->render('Rastreo/Vaddpal...', Array, true)
#4 /Applications/XAMPP/xamppfiles/htdocs/empaquesys/app/Controllers/Rastreo.php(41): view('Rastreo/Vaddpal...')
#5 /Applications/XAMPP/xamppfiles/htdocs/empaquesys/vendor/codeigniter4/framework/system/CodeIgniter.php(929): App\Controllers\Rastreo->Agregarpallet('1')
#6 /Applications/XAMPP/xamppfiles/htdocs/empaquesys/vendor/codeigniter4/framework/system/CodeIgniter.php(437): CodeIgniter\CodeIgniter->runController(Object(App\Controllers\Rastreo))
#7 /Applications/XAMPP/xamppfiles/htdocs/empaquesys/vendor/codeigniter4/framework/system/CodeIgniter.php(337): CodeIgniter\CodeIgniter->handleRequest(NULL, Object(Config\Cache), false)
#8 /Applications/XAMPP/xamppfiles/htdocs/empaquesys/index.php(44): CodeIgniter\CodeIgniter->run()
#9 {main}
CRITICAL - 2021-08-04 01:06:14 --> Call to undefined function printr()
#0 /Applications/XAMPP/xamppfiles/htdocs/empaquesys/vendor/codeigniter4/framework/system/View/View.php(230): include()
#1 /Applications/XAMPP/xamppfiles/htdocs/empaquesys/vendor/codeigniter4/framework/system/View/View.php(232): CodeIgniter\View\View->CodeIgniter\View\{closure}()
#2 /Applications/XAMPP/xamppfiles/htdocs/empaquesys/vendor/codeigniter4/framework/system/Common.php(1271): CodeIgniter\View\View->render('Rastreo/Vaddpal...', Array, true)
#3 /Applications/XAMPP/xamppfiles/htdocs/empaquesys/app/Controllers/Rastreo.php(41): view('Rastreo/Vaddpal...')
#4 /Applications/XAMPP/xamppfiles/htdocs/empaquesys/vendor/codeigniter4/framework/system/CodeIgniter.php(929): App\Controllers\Rastreo->Agregarpallet('1')
#5 /Applications/XAMPP/xamppfiles/htdocs/empaquesys/vendor/codeigniter4/framework/system/CodeIgniter.php(437): CodeIgniter\CodeIgniter->runController(Object(App\Controllers\Rastreo))
#6 /Applications/XAMPP/xamppfiles/htdocs/empaquesys/vendor/codeigniter4/framework/system/CodeIgniter.php(337): CodeIgniter\CodeIgniter->handleRequest(NULL, Object(Config\Cache), false)
#7 /Applications/XAMPP/xamppfiles/htdocs/empaquesys/index.php(44): CodeIgniter\CodeIgniter->run()
#8 {main}
CRITICAL - 2021-08-04 01:07:08 --> Undefined variable $datos
#0 /Applications/XAMPP/xamppfiles/htdocs/empaquesys/app/Views/Rastreo/Vaddpallet.php(5): CodeIgniter\Debug\Exceptions->errorHandler(2, 'Undefined varia...', '/Applications/X...', 5)
#1 /Applications/XAMPP/xamppfiles/htdocs/empaquesys/vendor/codeigniter4/framework/system/View/View.php(230): include('/Applications/X...')
#2 /Applications/XAMPP/xamppfiles/htdocs/empaquesys/vendor/codeigniter4/framework/system/View/View.php(232): CodeIgniter\View\View->CodeIgniter\View\{closure}()
#3 /Applications/XAMPP/xamppfiles/htdocs/empaquesys/vendor/codeigniter4/framework/system/Common.php(1271): CodeIgniter\View\View->render('Rastreo/Vaddpal...', Array, true)
#4 /Applications/XAMPP/xamppfiles/htdocs/empaquesys/app/Controllers/Rastreo.php(41): view('Rastreo/Vaddpal...')
#5 /Applications/XAMPP/xamppfiles/htdocs/empaquesys/vendor/codeigniter4/framework/system/CodeIgniter.php(929): App\Controllers\Rastreo->Agregarpallet('1')
#6 /Applications/XAMPP/xamppfiles/htdocs/empaquesys/vendor/codeigniter4/framework/system/CodeIgniter.php(437): CodeIgniter\CodeIgniter->runController(Object(App\Controllers\Rastreo))
#7 /Applications/XAMPP/xamppfiles/htdocs/empaquesys/vendor/codeigniter4/framework/system/CodeIgniter.php(337): CodeIgniter\CodeIgniter->handleRequest(NULL, Object(Config\Cache), false)
#8 /Applications/XAMPP/xamppfiles/htdocs/empaquesys/index.php(44): CodeIgniter\CodeIgniter->run()
#9 {main}
CRITICAL - 2021-08-04 01:07:09 --> Undefined variable $datos
#0 /Applications/XAMPP/xamppfiles/htdocs/empaquesys/app/Views/Rastreo/Vaddpallet.php(5): CodeIgniter\Debug\Exceptions->errorHandler(2, 'Undefined varia...', '/Applications/X...', 5)
#1 /Applications/XAMPP/xamppfiles/htdocs/empaquesys/vendor/codeigniter4/framework/system/View/View.php(230): include('/Applications/X...')
#2 /Applications/XAMPP/xamppfiles/htdocs/empaquesys/vendor/codeigniter4/framework/system/View/View.php(232): CodeIgniter\View\View->CodeIgniter\View\{closure}()
#3 /Applications/XAMPP/xamppfiles/htdocs/empaquesys/vendor/codeigniter4/framework/system/Common.php(1271): CodeIgniter\View\View->render('Rastreo/Vaddpal...', Array, true)
#4 /Applications/XAMPP/xamppfiles/htdocs/empaquesys/app/Controllers/Rastreo.php(41): view('Rastreo/Vaddpal...')
#5 /Applications/XAMPP/xamppfiles/htdocs/empaquesys/vendor/codeigniter4/framework/system/CodeIgniter.php(929): App\Controllers\Rastreo->Agregarpallet('1')
#6 /Applications/XAMPP/xamppfiles/htdocs/empaquesys/vendor/codeigniter4/framework/system/CodeIgniter.php(437): CodeIgniter\CodeIgniter->runController(Object(App\Controllers\Rastreo))
#7 /Applications/XAMPP/xamppfiles/htdocs/empaquesys/vendor/codeigniter4/framework/system/CodeIgniter.php(337): CodeIgniter\CodeIgniter->handleRequest(NULL, Object(Config\Cache), false)
#8 /Applications/XAMPP/xamppfiles/htdocs/empaquesys/index.php(44): CodeIgniter\CodeIgniter->run()
#9 {main}
CRITICAL - 2021-08-04 01:08:53 --> Undefined variable $dato
#0 /Applications/XAMPP/xamppfiles/htdocs/empaquesys/app/Views/Rastreo/Vaddpallet.php(5): CodeIgniter\Debug\Exceptions->errorHandler(2, 'Undefined varia...', '/Applications/X...', 5)
#1 /Applications/XAMPP/xamppfiles/htdocs/empaquesys/vendor/codeigniter4/framework/system/View/View.php(230): include('/Applications/X...')
#2 /Applications/XAMPP/xamppfiles/htdocs/empaquesys/vendor/codeigniter4/framework/system/View/View.php(232): CodeIgniter\View\View->CodeIgniter\View\{closure}()
#3 /Applications/XAMPP/xamppfiles/htdocs/empaquesys/vendor/codeigniter4/framework/system/Common.php(1271): CodeIgniter\View\View->render('Rastreo/Vaddpal...', Array, true)
#4 /Applications/XAMPP/xamppfiles/htdocs/empaquesys/app/Controllers/Rastreo.php(41): view('Rastreo/Vaddpal...')
#5 /Applications/XAMPP/xamppfiles/htdocs/empaquesys/vendor/codeigniter4/framework/system/CodeIgniter.php(929): App\Controllers\Rastreo->Agregarpallet('1')
#6 /Applications/XAMPP/xamppfiles/htdocs/empaquesys/vendor/codeigniter4/framework/system/CodeIgniter.php(437): CodeIgniter\CodeIgniter->runController(Object(App\Controllers\Rastreo))
#7 /Applications/XAMPP/xamppfiles/htdocs/empaquesys/vendor/codeigniter4/framework/system/CodeIgniter.php(337): CodeIgniter\CodeIgniter->handleRequest(NULL, Object(Config\Cache), false)
#8 /Applications/XAMPP/xamppfiles/htdocs/empaquesys/index.php(44): CodeIgniter\CodeIgniter->run()
#9 {main}
CRITICAL - 2021-08-04 01:11:08 --> Undefined variable $dato
#0 /Applications/XAMPP/xamppfiles/htdocs/empaquesys/app/Views/Rastreo/Vaddpallet.php(5): CodeIgniter\Debug\Exceptions->errorHandler(2, 'Undefined varia...', '/Applications/X...', 5)
#1 /Applications/XAMPP/xamppfiles/htdocs/empaquesys/vendor/codeigniter4/framework/system/View/View.php(230): include('/Applications/X...')
#2 /Applications/XAMPP/xamppfiles/htdocs/empaquesys/vendor/codeigniter4/framework/system/View/View.php(232): CodeIgniter\View\View->CodeIgniter\View\{closure}()
#3 /Applications/XAMPP/xamppfiles/htdocs/empaquesys/vendor/codeigniter4/framework/system/Common.php(1271): CodeIgniter\View\View->render('Rastreo/Vaddpal...', Array, true)
#4 /Applications/XAMPP/xamppfiles/htdocs/empaquesys/app/Controllers/Rastreo.php(41): view('Rastreo/Vaddpal...')
#5 /Applications/XAMPP/xamppfiles/htdocs/empaquesys/vendor/codeigniter4/framework/system/CodeIgniter.php(929): App\Controllers\Rastreo->Agregarpallet('1')
#6 /Applications/XAMPP/xamppfiles/htdocs/empaquesys/vendor/codeigniter4/framework/system/CodeIgniter.php(437): CodeIgniter\CodeIgniter->runController(Object(App\Controllers\Rastreo))
#7 /Applications/XAMPP/xamppfiles/htdocs/empaquesys/vendor/codeigniter4/framework/system/CodeIgniter.php(337): CodeIgniter\CodeIgniter->handleRequest(NULL, Object(Config\Cache), false)
#8 /Applications/XAMPP/xamppfiles/htdocs/empaquesys/index.php(44): CodeIgniter\CodeIgniter->run()
#9 {main}
CRITICAL - 2021-08-04 01:28:09 --> Archivo inválido: {0}
#0 /Applications/XAMPP/xamppfiles/htdocs/empaquesys/vendor/codeigniter4/framework/system/View/View.php(213): CodeIgniter\Exceptions\FrameworkException::forInvalidFile('Rastro/Vaddpall...')
#1 /Applications/XAMPP/xamppfiles/htdocs/empaquesys/vendor/codeigniter4/framework/system/Common.php(1271): CodeIgniter\View\View->render('Rastro/Vaddpall...', Array, true)
#2 /Applications/XAMPP/xamppfiles/htdocs/empaquesys/app/Controllers/Rastreo.php(112): view('Rastro/Vaddpall...', Array)
#3 /Applications/XAMPP/xamppfiles/htdocs/empaquesys/vendor/codeigniter4/framework/system/CodeIgniter.php(929): App\Controllers\Rastreo->Obtenerrastreo('1')
#4 /Applications/XAMPP/xamppfiles/htdocs/empaquesys/vendor/codeigniter4/framework/system/CodeIgniter.php(437): CodeIgniter\CodeIgniter->runController(Object(App\Controllers\Rastreo))
#5 /Applications/XAMPP/xamppfiles/htdocs/empaquesys/vendor/codeigniter4/framework/system/CodeIgniter.php(337): CodeIgniter\CodeIgniter->handleRequest(NULL, Object(Config\Cache), false)
#6 /Applications/XAMPP/xamppfiles/htdocs/empaquesys/index.php(44): CodeIgniter\CodeIgniter->run()
#7 {main}
CRITICAL - 2021-08-04 01:29:28 --> Archivo inválido: {0}
#0 /Applications/XAMPP/xamppfiles/htdocs/empaquesys/vendor/codeigniter4/framework/system/View/View.php(213): CodeIgniter\Exceptions\FrameworkException::forInvalidFile('Rastro/Vaddpall...')
#1 /Applications/XAMPP/xamppfiles/htdocs/empaquesys/vendor/codeigniter4/framework/system/Common.php(1271): CodeIgniter\View\View->render('Rastro/Vaddpall...', Array, true)
#2 /Applications/XAMPP/xamppfiles/htdocs/empaquesys/app/Controllers/Rastreo.php(112): view('Rastro/Vaddpall...', Array)
#3 /Applications/XAMPP/xamppfiles/htdocs/empaquesys/vendor/codeigniter4/framework/system/CodeIgniter.php(929): App\Controllers\Rastreo->Obtenerrastreo('1')
#4 /Applications/XAMPP/xamppfiles/htdocs/empaquesys/vendor/codeigniter4/framework/system/CodeIgniter.php(437): CodeIgniter\CodeIgniter->runController(Object(App\Controllers\Rastreo))
#5 /Applications/XAMPP/xamppfiles/htdocs/empaquesys/vendor/codeigniter4/framework/system/CodeIgniter.php(337): CodeIgniter\CodeIgniter->handleRequest(NULL, Object(Config\Cache), false)
#6 /Applications/XAMPP/xamppfiles/htdocs/empaquesys/index.php(44): CodeIgniter\CodeIgniter->run()
#7 {main}
CRITICAL - 2021-08-04 01:29:36 --> Archivo inválido: {0}
#0 /Applications/XAMPP/xamppfiles/htdocs/empaquesys/vendor/codeigniter4/framework/system/View/View.php(213): CodeIgniter\Exceptions\FrameworkException::forInvalidFile('Rastro/Vaddpall...')
#1 /Applications/XAMPP/xamppfiles/htdocs/empaquesys/vendor/codeigniter4/framework/system/Common.php(1271): CodeIgniter\View\View->render('Rastro/Vaddpall...', Array, true)
#2 /Applications/XAMPP/xamppfiles/htdocs/empaquesys/app/Controllers/Rastreo.php(112): view('Rastro/Vaddpall...', Array)
#3 /Applications/XAMPP/xamppfiles/htdocs/empaquesys/vendor/codeigniter4/framework/system/CodeIgniter.php(929): App\Controllers\Rastreo->Obtenerrastreo('1')
#4 /Applications/XAMPP/xamppfiles/htdocs/empaquesys/vendor/codeigniter4/framework/system/CodeIgniter.php(437): CodeIgniter\CodeIgniter->runController(Object(App\Controllers\Rastreo))
#5 /Applications/XAMPP/xamppfiles/htdocs/empaquesys/vendor/codeigniter4/framework/system/CodeIgniter.php(337): CodeIgniter\CodeIgniter->handleRequest(NULL, Object(Config\Cache), false)
#6 /Applications/XAMPP/xamppfiles/htdocs/empaquesys/index.php(44): CodeIgniter\CodeIgniter->run()
#7 {main}
CRITICAL - 2021-08-04 01:30:04 --> Archivo inválido: {0}
#0 /Applications/XAMPP/xamppfiles/htdocs/empaquesys/vendor/codeigniter4/framework/system/View/View.php(213): CodeIgniter\Exceptions\FrameworkException::forInvalidFile('Rastro/Vaddpall...')
#1 /Applications/XAMPP/xamppfiles/htdocs/empaquesys/vendor/codeigniter4/framework/system/Common.php(1271): CodeIgniter\View\View->render('Rastro/Vaddpall...', Array, true)
#2 /Applications/XAMPP/xamppfiles/htdocs/empaquesys/app/Controllers/Rastreo.php(112): view('Rastro/Vaddpall...', Array)
#3 /Applications/XAMPP/xamppfiles/htdocs/empaquesys/vendor/codeigniter4/framework/system/CodeIgniter.php(929): App\Controllers\Rastreo->Obtenerrastreo('1')
#4 /Applications/XAMPP/xamppfiles/htdocs/empaquesys/vendor/codeigniter4/framework/system/CodeIgniter.php(437): CodeIgniter\CodeIgniter->runController(Object(App\Controllers\Rastreo))
#5 /Applications/XAMPP/xamppfiles/htdocs/empaquesys/vendor/codeigniter4/framework/system/CodeIgniter.php(337): CodeIgniter\CodeIgniter->handleRequest(NULL, Object(Config\Cache), false)
#6 /Applications/XAMPP/xamppfiles/htdocs/empaquesys/index.php(44): CodeIgniter\CodeIgniter->run()
#7 {main}
CRITICAL - 2021-08-04 01:30:13 --> Archivo inválido: {0}
#0 /Applications/XAMPP/xamppfiles/htdocs/empaquesys/vendor/codeigniter4/framework/system/View/View.php(213): CodeIgniter\Exceptions\FrameworkException::forInvalidFile('Rastro/Vaddpall...')
#1 /Applications/XAMPP/xamppfiles/htdocs/empaquesys/vendor/codeigniter4/framework/system/Common.php(1271): CodeIgniter\View\View->render('Rastro/Vaddpall...', Array, true)
#2 /Applications/XAMPP/xamppfiles/htdocs/empaquesys/app/Controllers/Rastreo.php(112): view('Rastro/Vaddpall...', Array)
#3 /Applications/XAMPP/xamppfiles/htdocs/empaquesys/vendor/codeigniter4/framework/system/CodeIgniter.php(929): App\Controllers\Rastreo->Obtenerrastreo('1')
#4 /Applications/XAMPP/xamppfiles/htdocs/empaquesys/vendor/codeigniter4/framework/system/CodeIgniter.php(437): CodeIgniter\CodeIgniter->runController(Object(App\Controllers\Rastreo))
#5 /Applications/XAMPP/xamppfiles/htdocs/empaquesys/vendor/codeigniter4/framework/system/CodeIgniter.php(337): CodeIgniter\CodeIgniter->handleRequest(NULL, Object(Config\Cache), false)
#6 /Applications/XAMPP/xamppfiles/htdocs/empaquesys/index.php(44): CodeIgniter\CodeIgniter->run()
#7 {main}
CRITICAL - 2021-08-04 02:25:29 --> Cannot redeclare App\Models\Mrastreos::insertar_datos_hrastreo()
#0 [internal function]: CodeIgniter\Debug\Exceptions->shutdownHandler()
#1 {main}
CRITICAL - 2021-08-04 02:29:06 --> Too few arguments to function App\Controllers\Rastreo::Obtenerrastreo(), 0 passed in /Applications/XAMPP/xamppfiles/htdocs/empaquesys/vendor/codeigniter4/framework/system/CodeIgniter.php on line 929 and exactly 1 expected
#0 /Applications/XAMPP/xamppfiles/htdocs/empaquesys/vendor/codeigniter4/framework/system/CodeIgniter.php(929): App\Controllers\Rastreo->Obtenerrastreo()
#1 /Applications/XAMPP/xamppfiles/htdocs/empaquesys/vendor/codeigniter4/framework/system/CodeIgniter.php(437): CodeIgniter\CodeIgniter->runController(Object(App\Controllers\Rastreo))
#2 /Applications/XAMPP/xamppfiles/htdocs/empaquesys/vendor/codeigniter4/framework/system/CodeIgniter.php(337): CodeIgniter\CodeIgniter->handleRequest(NULL, Object(Config\Cache), false)
#3 /Applications/XAMPP/xamppfiles/htdocs/empaquesys/index.php(44): CodeIgniter\CodeIgniter->run()
#4 {main}
CRITICAL - 2021-08-04 02:31:17 --> Too few arguments to function App\Controllers\Rastreo::Obtenerrastreo(), 0 passed in /Applications/XAMPP/xamppfiles/htdocs/empaquesys/vendor/codeigniter4/framework/system/CodeIgniter.php on line 929 and exactly 1 expected
#0 /Applications/XAMPP/xamppfiles/htdocs/empaquesys/vendor/codeigniter4/framework/system/CodeIgniter.php(929): App\Controllers\Rastreo->Obtenerrastreo()
#1 /Applications/XAMPP/xamppfiles/htdocs/empaquesys/vendor/codeigniter4/framework/system/CodeIgniter.php(437): CodeIgniter\CodeIgniter->runController(Object(App\Controllers\Rastreo))
#2 /Applications/XAMPP/xamppfiles/htdocs/empaquesys/vendor/codeigniter4/framework/system/CodeIgniter.php(337): CodeIgniter\CodeIgniter->handleRequest(NULL, Object(Config\Cache), false)
#3 /Applications/XAMPP/xamppfiles/htdocs/empaquesys/index.php(44): CodeIgniter\CodeIgniter->run()
#4 {main}
CRITICAL - 2021-08-04 02:31:25 --> Too few arguments to function App\Controllers\Rastreo::Obtenerrastreo(), 0 passed in /Applications/XAMPP/xamppfiles/htdocs/empaquesys/vendor/codeigniter4/framework/system/CodeIgniter.php on line 929 and exactly 1 expected
#0 /Applications/XAMPP/xamppfiles/htdocs/empaquesys/vendor/codeigniter4/framework/system/CodeIgniter.php(929): App\Controllers\Rastreo->Obtenerrastreo()
#1 /Applications/XAMPP/xamppfiles/htdocs/empaquesys/vendor/codeigniter4/framework/system/CodeIgniter.php(437): CodeIgniter\CodeIgniter->runController(Object(App\Controllers\Rastreo))
#2 /Applications/XAMPP/xamppfiles/htdocs/empaquesys/vendor/codeigniter4/framework/system/CodeIgniter.php(337): CodeIgniter\CodeIgniter->handleRequest(NULL, Object(Config\Cache), false)
#3 /Applications/XAMPP/xamppfiles/htdocs/empaquesys/index.php(44): CodeIgniter\CodeIgniter->run()
#4 {main}
CRITICAL - 2021-08-04 02:31:52 --> Too few arguments to function App\Controllers\Rastreo::Obtenerrastreo(), 0 passed in /Applications/XAMPP/xamppfiles/htdocs/empaquesys/vendor/codeigniter4/framework/system/CodeIgniter.php on line 929 and exactly 1 expected
#0 /Applications/XAMPP/xamppfiles/htdocs/empaquesys/vendor/codeigniter4/framework/system/CodeIgniter.php(929): App\Controllers\Rastreo->Obtenerrastreo()
#1 /Applications/XAMPP/xamppfiles/htdocs/empaquesys/vendor/codeigniter4/framework/system/CodeIgniter.php(437): CodeIgniter\CodeIgniter->runController(Object(App\Controllers\Rastreo))
#2 /Applications/XAMPP/xamppfiles/htdocs/empaquesys/vendor/codeigniter4/framework/system/CodeIgniter.php(337): CodeIgniter\CodeIgniter->handleRequest(NULL, Object(Config\Cache), false)
#3 /Applications/XAMPP/xamppfiles/htdocs/empaquesys/index.php(44): CodeIgniter\CodeIgniter->run()
#4 {main}
CRITICAL - 2021-08-04 02:42:44 --> Too few arguments to function App\Controllers\Rastreo::Obtenerrastreo(), 0 passed in /Applications/XAMPP/xamppfiles/htdocs/empaquesys/vendor/codeigniter4/framework/system/CodeIgniter.php on line 929 and exactly 1 expected
#0 /Applications/XAMPP/xamppfiles/htdocs/empaquesys/vendor/codeigniter4/framework/system/CodeIgniter.php(929): App\Controllers\Rastreo->Obtenerrastreo()
#1 /Applications/XAMPP/xamppfiles/htdocs/empaquesys/vendor/codeigniter4/framework/system/CodeIgniter.php(437): CodeIgniter\CodeIgniter->runController(Object(App\Controllers\Rastreo))
#2 /Applications/XAMPP/xamppfiles/htdocs/empaquesys/vendor/codeigniter4/framework/system/CodeIgniter.php(337): CodeIgniter\CodeIgniter->handleRequest(NULL, Object(Config\Cache), false)
#3 /Applications/XAMPP/xamppfiles/htdocs/empaquesys/index.php(44): CodeIgniter\CodeIgniter->run()
#4 {main}
CRITICAL - 2021-08-04 02:54:41 --> syntax error, unexpected token "echo", expecting ";"
#0 /Applications/XAMPP/xamppfiles/htdocs/empaquesys/vendor/codeigniter4/framework/system/Autoloader/Autoloader.php(273): CodeIgniter\Autoloader\Autoloader->includeFile('/Applications/X...')
#1 /Applications/XAMPP/xamppfiles/htdocs/empaquesys/vendor/codeigniter4/framework/system/Autoloader/Autoloader.php(247): CodeIgniter\Autoloader\Autoloader->loadInNamespace('App\\Controllers...')
#2 [internal function]: CodeIgniter\Autoloader\Autoloader->loadClass('App\\Controllers...')
#3 /Applications/XAMPP/xamppfiles/htdocs/empaquesys/vendor/codeigniter4/framework/system/CodeIgniter.php(886): class_exists('\\App\\Controller...', true)
#4 /Applications/XAMPP/xamppfiles/htdocs/empaquesys/vendor/codeigniter4/framework/system/CodeIgniter.php(422): CodeIgniter\CodeIgniter->startController()
#5 /Applications/XAMPP/xamppfiles/htdocs/empaquesys/vendor/codeigniter4/framework/system/CodeIgniter.php(337): CodeIgniter\CodeIgniter->handleRequest(NULL, Object(Config\Cache), false)
#6 /Applications/XAMPP/xamppfiles/htdocs/empaquesys/index.php(44): CodeIgniter\CodeIgniter->run()
#7 {main}
CRITICAL - 2021-08-04 02:54:42 --> syntax error, unexpected token "echo", expecting ";"
#0 /Applications/XAMPP/xamppfiles/htdocs/empaquesys/vendor/codeigniter4/framework/system/Router/Router.php(169): CodeIgniter\Router\Router->autoRoute('/Rastreo')
#1 /Applications/XAMPP/xamppfiles/htdocs/empaquesys/vendor/codeigniter4/framework/system/CodeIgniter.php(810): CodeIgniter\Router\Router->handle('/Rastreo')
#2 /Applications/XAMPP/xamppfiles/htdocs/empaquesys/vendor/codeigniter4/framework/system/CodeIgniter.php(390): CodeIgniter\CodeIgniter->tryToRouteIt(Object(CodeIgniter\Router\RouteCollection))
#3 /Applications/XAMPP/xamppfiles/htdocs/empaquesys/vendor/codeigniter4/framework/system/CodeIgniter.php(337): CodeIgniter\CodeIgniter->handleRequest(NULL, Object(Config\Cache), false)
#4 /Applications/XAMPP/xamppfiles/htdocs/empaquesys/index.php(44): CodeIgniter\CodeIgniter->run()
#5 {main}
CRITICAL - 2021-08-04 02:54:47 --> syntax error, unexpected token "echo", expecting ";"
#0 /Applications/XAMPP/xamppfiles/htdocs/empaquesys/vendor/codeigniter4/framework/system/Router/Router.php(169): CodeIgniter\Router\Router->autoRoute('/Rastreo/Obtene...')
#1 /Applications/XAMPP/xamppfiles/htdocs/empaquesys/vendor/codeigniter4/framework/system/CodeIgniter.php(810): CodeIgniter\Router\Router->handle('/Rastreo/Obtene...')
#2 /Applications/XAMPP/xamppfiles/htdocs/empaquesys/vendor/codeigniter4/framework/system/CodeIgniter.php(390): CodeIgniter\CodeIgniter->tryToRouteIt(Object(CodeIgniter\Router\RouteCollection))
#3 /Applications/XAMPP/xamppfiles/htdocs/empaquesys/vendor/codeigniter4/framework/system/CodeIgniter.php(337): CodeIgniter\CodeIgniter->handleRequest(NULL, Object(Config\Cache), false)
#4 /Applications/XAMPP/xamppfiles/htdocs/empaquesys/index.php(44): CodeIgniter\CodeIgniter->run()
#5 {main}
CRITICAL - 2021-08-04 02:55:24 --> syntax error, unexpected token "echo", expecting ";"
#0 /Applications/XAMPP/xamppfiles/htdocs/empaquesys/vendor/codeigniter4/framework/system/Router/Router.php(169): CodeIgniter\Router\Router->autoRoute('/Rastreo/Obtene...')
#1 /Applications/XAMPP/xamppfiles/htdocs/empaquesys/vendor/codeigniter4/framework/system/CodeIgniter.php(810): CodeIgniter\Router\Router->handle('/Rastreo/Obtene...')
#2 /Applications/XAMPP/xamppfiles/htdocs/empaquesys/vendor/codeigniter4/framework/system/CodeIgniter.php(390): CodeIgniter\CodeIgniter->tryToRouteIt(Object(CodeIgniter\Router\RouteCollection))
#3 /Applications/XAMPP/xamppfiles/htdocs/empaquesys/vendor/codeigniter4/framework/system/CodeIgniter.php(337): CodeIgniter\CodeIgniter->handleRequest(NULL, Object(Config\Cache), false)
#4 /Applications/XAMPP/xamppfiles/htdocs/empaquesys/index.php(44): CodeIgniter\CodeIgniter->run()
#5 {main}
CRITICAL - 2021-08-04 02:58:20 --> syntax error, unexpected floating-point number ".1", expecting ")"
#0 /Applications/XAMPP/xamppfiles/htdocs/empaquesys/vendor/codeigniter4/framework/system/Autoloader/Autoloader.php(273): CodeIgniter\Autoloader\Autoloader->includeFile('/Applications/X...')
#1 /Applications/XAMPP/xamppfiles/htdocs/empaquesys/vendor/codeigniter4/framework/system/Autoloader/Autoloader.php(247): CodeIgniter\Autoloader\Autoloader->loadInNamespace('App\\Controllers...')
#2 [internal function]: CodeIgniter\Autoloader\Autoloader->loadClass('App\\Controllers...')
#3 /Applications/XAMPP/xamppfiles/htdocs/empaquesys/vendor/codeigniter4/framework/system/CodeIgniter.php(886): class_exists('\\App\\Controller...', true)
#4 /Applications/XAMPP/xamppfiles/htdocs/empaquesys/vendor/codeigniter4/framework/system/CodeIgniter.php(422): CodeIgniter\CodeIgniter->startController()
#5 /Applications/XAMPP/xamppfiles/htdocs/empaquesys/vendor/codeigniter4/framework/system/CodeIgniter.php(337): CodeIgniter\CodeIgniter->handleRequest(NULL, Object(Config\Cache), false)
#6 /Applications/XAMPP/xamppfiles/htdocs/empaquesys/index.php(44): CodeIgniter\CodeIgniter->run()
#7 {main}
CRITICAL - 2021-08-04 03:01:40 --> syntax error, unexpected token "echo"
#0 /Applications/XAMPP/xamppfiles/htdocs/empaquesys/vendor/codeigniter4/framework/system/Autoloader/Autoloader.php(273): CodeIgniter\Autoloader\Autoloader->includeFile('/Applications/X...')
#1 /Applications/XAMPP/xamppfiles/htdocs/empaquesys/vendor/codeigniter4/framework/system/Autoloader/Autoloader.php(247): CodeIgniter\Autoloader\Autoloader->loadInNamespace('App\\Controllers...')
#2 [internal function]: CodeIgniter\Autoloader\Autoloader->loadClass('App\\Controllers...')
#3 /Applications/XAMPP/xamppfiles/htdocs/empaquesys/vendor/codeigniter4/framework/system/CodeIgniter.php(886): class_exists('\\App\\Controller...', true)
#4 /Applications/XAMPP/xamppfiles/htdocs/empaquesys/vendor/codeigniter4/framework/system/CodeIgniter.php(422): CodeIgniter\CodeIgniter->startController()
#5 /Applications/XAMPP/xamppfiles/htdocs/empaquesys/vendor/codeigniter4/framework/system/CodeIgniter.php(337): CodeIgniter\CodeIgniter->handleRequest(NULL, Object(Config\Cache), false)
#6 /Applications/XAMPP/xamppfiles/htdocs/empaquesys/index.php(44): CodeIgniter\CodeIgniter->run()
#7 {main}
CRITICAL - 2021-08-04 03:02:00 --> syntax error, unexpected token "echo"
#0 /Applications/XAMPP/xamppfiles/htdocs/empaquesys/vendor/codeigniter4/framework/system/Autoloader/Autoloader.php(273): CodeIgniter\Autoloader\Autoloader->includeFile('/Applications/X...')
#1 /Applications/XAMPP/xamppfiles/htdocs/empaquesys/vendor/codeigniter4/framework/system/Autoloader/Autoloader.php(247): CodeIgniter\Autoloader\Autoloader->loadInNamespace('App\\Controllers...')
#2 [internal function]: CodeIgniter\Autoloader\Autoloader->loadClass('App\\Controllers...')
#3 /Applications/XAMPP/xamppfiles/htdocs/empaquesys/vendor/codeigniter4/framework/system/CodeIgniter.php(886): class_exists('\\App\\Controller...', true)
#4 /Applications/XAMPP/xamppfiles/htdocs/empaquesys/vendor/codeigniter4/framework/system/CodeIgniter.php(422): CodeIgniter\CodeIgniter->startController()
#5 /Applications/XAMPP/xamppfiles/htdocs/empaquesys/vendor/codeigniter4/framework/system/CodeIgniter.php(337): CodeIgniter\CodeIgniter->handleRequest(NULL, Object(Config\Cache), false)
#6 /Applications/XAMPP/xamppfiles/htdocs/empaquesys/index.php(44): CodeIgniter\CodeIgniter->run()
#7 {main}
CRITICAL - 2021-08-04 03:02:23 --> syntax error, unexpected identifier "base_url", expecting ":"
#0 /Applications/XAMPP/xamppfiles/htdocs/empaquesys/vendor/codeigniter4/framework/system/Autoloader/Autoloader.php(273): CodeIgniter\Autoloader\Autoloader->includeFile('/Applications/X...')
#1 /Applications/XAMPP/xamppfiles/htdocs/empaquesys/vendor/codeigniter4/framework/system/Autoloader/Autoloader.php(247): CodeIgniter\Autoloader\Autoloader->loadInNamespace('App\\Controllers...')
#2 [internal function]: CodeIgniter\Autoloader\Autoloader->loadClass('App\\Controllers...')
#3 /Applications/XAMPP/xamppfiles/htdocs/empaquesys/vendor/codeigniter4/framework/system/CodeIgniter.php(886): class_exists('\\App\\Controller...', true)
#4 /Applications/XAMPP/xamppfiles/htdocs/empaquesys/vendor/codeigniter4/framework/system/CodeIgniter.php(422): CodeIgniter\CodeIgniter->startController()
#5 /Applications/XAMPP/xamppfiles/htdocs/empaquesys/vendor/codeigniter4/framework/system/CodeIgniter.php(337): CodeIgniter\CodeIgniter->handleRequest(NULL, Object(Config\Cache), false)
#6 /Applications/XAMPP/xamppfiles/htdocs/empaquesys/index.php(44): CodeIgniter\CodeIgniter->run()
#7 {main}
CRITICAL - 2021-08-04 03:16:48 --> No se puede encontrar la ruta {0} mientras se realiza el enrutamiento inverso.
#0 /Applications/XAMPP/xamppfiles/htdocs/empaquesys/vendor/codeigniter4/framework/system/HTTP/RedirectResponse.php(64): CodeIgniter\HTTP\Exceptions\HTTPException::forInvalidRedirectRoute('')
#1 /Applications/XAMPP/xamppfiles/htdocs/empaquesys/vendor/codeigniter4/framework/system/Common.php(972): CodeIgniter\HTTP\RedirectResponse->route(false)
#2 /Applications/XAMPP/xamppfiles/htdocs/empaquesys/app/Controllers/Rastreo.php(155): redirect('location', 'refresh')
#3 /Applications/XAMPP/xamppfiles/htdocs/empaquesys/vendor/codeigniter4/framework/system/CodeIgniter.php(929): App\Controllers\Rastreo->Insertarpallet()
#4 /Applications/XAMPP/xamppfiles/htdocs/empaquesys/vendor/codeigniter4/framework/system/CodeIgniter.php(437): CodeIgniter\CodeIgniter->runController(Object(App\Controllers\Rastreo))
#5 /Applications/XAMPP/xamppfiles/htdocs/empaquesys/vendor/codeigniter4/framework/system/CodeIgniter.php(337): CodeIgniter\CodeIgniter->handleRequest(NULL, Object(Config\Cache), false)
#6 /Applications/XAMPP/xamppfiles/htdocs/empaquesys/index.php(44): CodeIgniter\CodeIgniter->run()
#7 {main}
CRITICAL - 2021-08-04 03:18:53 --> syntax error, unexpected identifier "base_url", expecting ":"
#0 /Applications/XAMPP/xamppfiles/htdocs/empaquesys/vendor/codeigniter4/framework/system/Autoloader/Autoloader.php(273): CodeIgniter\Autoloader\Autoloader->includeFile('/Applications/X...')
#1 /Applications/XAMPP/xamppfiles/htdocs/empaquesys/vendor/codeigniter4/framework/system/Autoloader/Autoloader.php(247): CodeIgniter\Autoloader\Autoloader->loadInNamespace('App\\Controllers...')
#2 [internal function]: CodeIgniter\Autoloader\Autoloader->loadClass('App\\Controllers...')
#3 /Applications/XAMPP/xamppfiles/htdocs/empaquesys/vendor/codeigniter4/framework/system/CodeIgniter.php(886): class_exists('\\App\\Controller...', true)
#4 /Applications/XAMPP/xamppfiles/htdocs/empaquesys/vendor/codeigniter4/framework/system/CodeIgniter.php(422): CodeIgniter\CodeIgniter->startController()
#5 /Applications/XAMPP/xamppfiles/htdocs/empaquesys/vendor/codeigniter4/framework/system/CodeIgniter.php(337): CodeIgniter\CodeIgniter->handleRequest(NULL, Object(Config\Cache), false)
#6 /Applications/XAMPP/xamppfiles/htdocs/empaquesys/index.php(44): CodeIgniter\CodeIgniter->run()
#7 {main}
CRITICAL - 2021-08-04 03:20:05 --> syntax error, unexpected token ",", expecting ";"
#0 /Applications/XAMPP/xamppfiles/htdocs/empaquesys/vendor/codeigniter4/framework/system/Autoloader/Autoloader.php(273): CodeIgniter\Autoloader\Autoloader->includeFile('/Applications/X...')
#1 /Applications/XAMPP/xamppfiles/htdocs/empaquesys/vendor/codeigniter4/framework/system/Autoloader/Autoloader.php(247): CodeIgniter\Autoloader\Autoloader->loadInNamespace('App\\Controllers...')
#2 [internal function]: CodeIgniter\Autoloader\Autoloader->loadClass('App\\Controllers...')
#3 /Applications/XAMPP/xamppfiles/htdocs/empaquesys/vendor/codeigniter4/framework/system/CodeIgniter.php(886): class_exists('\\App\\Controller...', true)
#4 /Applications/XAMPP/xamppfiles/htdocs/empaquesys/vendor/codeigniter4/framework/system/CodeIgniter.php(422): CodeIgniter\CodeIgniter->startController()
#5 /Applications/XAMPP/xamppfiles/htdocs/empaquesys/vendor/codeigniter4/framework/system/CodeIgniter.php(337): CodeIgniter\CodeIgniter->handleRequest(NULL, Object(Config\Cache), false)
#6 /Applications/XAMPP/xamppfiles/htdocs/empaquesys/index.php(44): CodeIgniter\CodeIgniter->run()
#7 {main}
CRITICAL - 2021-08-04 03:20:38 --> No se puede encontrar la ruta {0} mientras se realiza el enrutamiento inverso.
#0 /Applications/XAMPP/xamppfiles/htdocs/empaquesys/vendor/codeigniter4/framework/system/HTTP/RedirectResponse.php(64): CodeIgniter\HTTP\Exceptions\HTTPException::forInvalidRedirectRoute('')
#1 /Applications/XAMPP/xamppfiles/htdocs/empaquesys/vendor/codeigniter4/framework/system/Common.php(972): CodeIgniter\HTTP\RedirectResponse->route(false)
#2 /Applications/XAMPP/xamppfiles/htdocs/empaquesys/app/Controllers/Rastreo.php(155): redirect('http://192.168....', 'refresh')
#3 /Applications/XAMPP/xamppfiles/htdocs/empaquesys/vendor/codeigniter4/framework/system/CodeIgniter.php(929): App\Controllers\Rastreo->Insertarpallet()
#4 /Applications/XAMPP/xamppfiles/htdocs/empaquesys/vendor/codeigniter4/framework/system/CodeIgniter.php(437): CodeIgniter\CodeIgniter->runController(Object(App\Controllers\Rastreo))
#5 /Applications/XAMPP/xamppfiles/htdocs/empaquesys/vendor/codeigniter4/framework/system/CodeIgniter.php(337): CodeIgniter\CodeIgniter->handleRequest(NULL, Object(Config\Cache), false)
#6 /Applications/XAMPP/xamppfiles/htdocs/empaquesys/index.php(44): CodeIgniter\CodeIgniter->run()
#7 {main}
CRITICAL - 2021-08-04 03:22:08 --> Too few arguments to function App\Controllers\Rastreo::Obtenerrastreo(), 0 passed in /Applications/XAMPP/xamppfiles/htdocs/empaquesys/vendor/codeigniter4/framework/system/CodeIgniter.php on line 929 and exactly 1 expected
#0 /Applications/XAMPP/xamppfiles/htdocs/empaquesys/vendor/codeigniter4/framework/system/CodeIgniter.php(929): App\Controllers\Rastreo->Obtenerrastreo()
#1 /Applications/XAMPP/xamppfiles/htdocs/empaquesys/vendor/codeigniter4/framework/system/CodeIgniter.php(437): CodeIgniter\CodeIgniter->runController(Object(App\Controllers\Rastreo))
#2 /Applications/XAMPP/xamppfiles/htdocs/empaquesys/vendor/codeigniter4/framework/system/CodeIgniter.php(337): CodeIgniter\CodeIgniter->handleRequest(NULL, Object(Config\Cache), false)
#3 /Applications/XAMPP/xamppfiles/htdocs/empaquesys/index.php(44): CodeIgniter\CodeIgniter->run()
#4 {main}
