CRITICAL - 2021-08-22 20:40:55 --> Undefined variable $title
#0 C:\xampp\htdocs\empaquesys\app\Views\Headers\Head.php(163): CodeIgniter\Debug\Exceptions->errorHandler(2, 'Undefined varia...', 'C:\\xampp\\htdocs...', 163)
#1 C:\xampp\htdocs\empaquesys\vendor\codeigniter4\framework\system\View\View.php(230): include('C:\\xampp\\htdocs...')
#2 C:\xampp\htdocs\empaquesys\vendor\codeigniter4\framework\system\View\View.php(232): CodeIgniter\View\View->CodeIgniter\View\{closure}()
#3 C:\xampp\htdocs\empaquesys\vendor\codeigniter4\framework\system\View\View.php(246): CodeIgniter\View\View->render('Headers/head', Array, true)
#4 C:\xampp\htdocs\empaquesys\vendor\codeigniter4\framework\system\Common.php(1271): CodeIgniter\View\View->render('Embarques/Vadde...', Array, true)
#5 C:\xampp\htdocs\empaquesys\app\Controllers\Embarques.php(25): view('Embarques/Vadde...')
#6 C:\xampp\htdocs\empaquesys\vendor\codeigniter4\framework\system\CodeIgniter.php(929): App\Controllers\Embarques->Agregarembarque()
#7 C:\xampp\htdocs\empaquesys\vendor\codeigniter4\framework\system\CodeIgniter.php(437): CodeIgniter\CodeIgniter->runController(Object(App\Controllers\Embarques))
#8 C:\xampp\htdocs\empaquesys\vendor\codeigniter4\framework\system\CodeIgniter.php(337): CodeIgniter\CodeIgniter->handleRequest(NULL, Object(Config\Cache), false)
#9 C:\xampp\htdocs\empaquesys\index.php(44): CodeIgniter\CodeIgniter->run()
#10 {main}
CRITICAL - 2021-08-22 20:41:49 --> syntax error, unexpected token ";"
#0 C:\xampp\htdocs\empaquesys\vendor\codeigniter4\framework\system\View\View.php(232): CodeIgniter\View\View->CodeIgniter\View\{closure}()
#1 C:\xampp\htdocs\empaquesys\vendor\codeigniter4\framework\system\View\View.php(246): CodeIgniter\View\View->render('Headers/head', Array, true)
#2 C:\xampp\htdocs\empaquesys\vendor\codeigniter4\framework\system\Common.php(1271): CodeIgniter\View\View->render('Embarques/Vadde...', Array, true)
#3 C:\xampp\htdocs\empaquesys\app\Controllers\Embarques.php(25): view('Embarques/Vadde...')
#4 C:\xampp\htdocs\empaquesys\vendor\codeigniter4\framework\system\CodeIgniter.php(929): App\Controllers\Embarques->Agregarembarque()
#5 C:\xampp\htdocs\empaquesys\vendor\codeigniter4\framework\system\CodeIgniter.php(437): CodeIgniter\CodeIgniter->runController(Object(App\Controllers\Embarques))
#6 C:\xampp\htdocs\empaquesys\vendor\codeigniter4\framework\system\CodeIgniter.php(337): CodeIgniter\CodeIgniter->handleRequest(NULL, Object(Config\Cache), false)
#7 C:\xampp\htdocs\empaquesys\index.php(44): CodeIgniter\CodeIgniter->run()
#8 {main}
CRITICAL - 2021-08-22 20:42:22 --> syntax error, unexpected token ";"
#0 C:\xampp\htdocs\empaquesys\vendor\codeigniter4\framework\system\View\View.php(232): CodeIgniter\View\View->CodeIgniter\View\{closure}()
#1 C:\xampp\htdocs\empaquesys\vendor\codeigniter4\framework\system\View\View.php(246): CodeIgniter\View\View->render('Headers/head', Array, true)
#2 C:\xampp\htdocs\empaquesys\vendor\codeigniter4\framework\system\Common.php(1271): CodeIgniter\View\View->render('Embarques/Vadde...', Array, true)
#3 C:\xampp\htdocs\empaquesys\app\Controllers\Embarques.php(25): view('Embarques/Vadde...')
#4 C:\xampp\htdocs\empaquesys\vendor\codeigniter4\framework\system\CodeIgniter.php(929): App\Controllers\Embarques->Agregarembarque()
#5 C:\xampp\htdocs\empaquesys\vendor\codeigniter4\framework\system\CodeIgniter.php(437): CodeIgniter\CodeIgniter->runController(Object(App\Controllers\Embarques))
#6 C:\xampp\htdocs\empaquesys\vendor\codeigniter4\framework\system\CodeIgniter.php(337): CodeIgniter\CodeIgniter->handleRequest(NULL, Object(Config\Cache), false)
#7 C:\xampp\htdocs\empaquesys\index.php(44): CodeIgniter\CodeIgniter->run()
#8 {main}
CRITICAL - 2021-08-22 20:42:24 --> syntax error, unexpected token ";"
#0 C:\xampp\htdocs\empaquesys\vendor\codeigniter4\framework\system\View\View.php(232): CodeIgniter\View\View->CodeIgniter\View\{closure}()
#1 C:\xampp\htdocs\empaquesys\vendor\codeigniter4\framework\system\View\View.php(246): CodeIgniter\View\View->render('Headers/head', Array, true)
#2 C:\xampp\htdocs\empaquesys\vendor\codeigniter4\framework\system\Common.php(1271): CodeIgniter\View\View->render('Embarques/Vadde...', Array, true)
#3 C:\xampp\htdocs\empaquesys\app\Controllers\Embarques.php(25): view('Embarques/Vadde...')
#4 C:\xampp\htdocs\empaquesys\vendor\codeigniter4\framework\system\CodeIgniter.php(929): App\Controllers\Embarques->Agregarembarque()
#5 C:\xampp\htdocs\empaquesys\vendor\codeigniter4\framework\system\CodeIgniter.php(437): CodeIgniter\CodeIgniter->runController(Object(App\Controllers\Embarques))
#6 C:\xampp\htdocs\empaquesys\vendor\codeigniter4\framework\system\CodeIgniter.php(337): CodeIgniter\CodeIgniter->handleRequest(NULL, Object(Config\Cache), false)
#7 C:\xampp\htdocs\empaquesys\index.php(44): CodeIgniter\CodeIgniter->run()
#8 {main}
