CRITICAL - 2021-07-29 21:45:55 --> syntax error, unexpected token ":", expecting "," or ";"
#0 /Applications/XAMPP/xamppfiles/htdocs/empaquesys/vendor/codeigniter4/framework/system/View/View.php(232): CodeIgniter\View\View->CodeIgniter\View\{closure}()
#1 /Applications/XAMPP/xamppfiles/htdocs/empaquesys/vendor/codeigniter4/framework/system/Common.php(1271): CodeIgniter\View\View->render('Headers/Head', Array, true)
#2 /Applications/XAMPP/xamppfiles/htdocs/empaquesys/app/Controllers/Pedidos.php(13): view('Headers/Head', Array)
#3 /Applications/XAMPP/xamppfiles/htdocs/empaquesys/vendor/codeigniter4/framework/system/CodeIgniter.php(929): App\Controllers\Pedidos->index()
#4 /Applications/XAMPP/xamppfiles/htdocs/empaquesys/vendor/codeigniter4/framework/system/CodeIgniter.php(437): CodeIgniter\CodeIgniter->runController(Object(App\Controllers\Pedidos))
#5 /Applications/XAMPP/xamppfiles/htdocs/empaquesys/vendor/codeigniter4/framework/system/CodeIgniter.php(337): CodeIgniter\CodeIgniter->handleRequest(NULL, Object(Config\Cache), false)
#6 /Applications/XAMPP/xamppfiles/htdocs/empaquesys/index.php(44): CodeIgniter\CodeIgniter->run()
#7 {main}
CRITICAL - 2021-07-29 22:05:21 --> Undefined variable $title
#0 /Applications/XAMPP/xamppfiles/htdocs/empaquesys/app/Views/Headers/Head.php(135): CodeIgniter\Debug\Exceptions->errorHandler(2, 'Undefined varia...', '/Applications/X...', 135)
#1 /Applications/XAMPP/xamppfiles/htdocs/empaquesys/vendor/codeigniter4/framework/system/View/View.php(230): include('/Applications/X...')
#2 /Applications/XAMPP/xamppfiles/htdocs/empaquesys/vendor/codeigniter4/framework/system/View/View.php(232): CodeIgniter\View\View->CodeIgniter\View\{closure}()
#3 /Applications/XAMPP/xamppfiles/htdocs/empaquesys/vendor/codeigniter4/framework/system/Common.php(1271): CodeIgniter\View\View->render('Headers/Head', Array, true)
#4 /Applications/XAMPP/xamppfiles/htdocs/empaquesys/app/Controllers/Pedidos.php(24): view('Headers/Head')
#5 /Applications/XAMPP/xamppfiles/htdocs/empaquesys/vendor/codeigniter4/framework/system/CodeIgniter.php(929): App\Controllers\Pedidos->Agregarpedido()
#6 /Applications/XAMPP/xamppfiles/htdocs/empaquesys/vendor/codeigniter4/framework/system/CodeIgniter.php(437): CodeIgniter\CodeIgniter->runController(Object(App\Controllers\Pedidos))
#7 /Applications/XAMPP/xamppfiles/htdocs/empaquesys/vendor/codeigniter4/framework/system/CodeIgniter.php(337): CodeIgniter\CodeIgniter->handleRequest(NULL, Object(Config\Cache), false)
#8 /Applications/XAMPP/xamppfiles/htdocs/empaquesys/index.php(44): CodeIgniter\CodeIgniter->run()
#9 {main}
CRITICAL - 2021-07-29 22:36:15 --> Undefined variable $title
#0 /Applications/XAMPP/xamppfiles/htdocs/empaquesys/app/Views/Headers/Head.php(135): CodeIgniter\Debug\Exceptions->errorHandler(2, 'Undefined varia...', '/Applications/X...', 135)
#1 /Applications/XAMPP/xamppfiles/htdocs/empaquesys/vendor/codeigniter4/framework/system/View/View.php(230): include('/Applications/X...')
#2 /Applications/XAMPP/xamppfiles/htdocs/empaquesys/vendor/codeigniter4/framework/system/View/View.php(232): CodeIgniter\View\View->CodeIgniter\View\{closure}()
#3 /Applications/XAMPP/xamppfiles/htdocs/empaquesys/vendor/codeigniter4/framework/system/Common.php(1271): CodeIgniter\View\View->render('Headers/Head', Array, true)
#4 /Applications/XAMPP/xamppfiles/htdocs/empaquesys/app/Controllers/Home.php(9): view('Headers/Head')
#5 /Applications/XAMPP/xamppfiles/htdocs/empaquesys/vendor/codeigniter4/framework/system/CodeIgniter.php(929): App\Controllers\Home->index()
#6 /Applications/XAMPP/xamppfiles/htdocs/empaquesys/vendor/codeigniter4/framework/system/CodeIgniter.php(437): CodeIgniter\CodeIgniter->runController(Object(App\Controllers\Home))
#7 /Applications/XAMPP/xamppfiles/htdocs/empaquesys/vendor/codeigniter4/framework/system/CodeIgniter.php(337): CodeIgniter\CodeIgniter->handleRequest(NULL, Object(Config\Cache), false)
#8 /Applications/XAMPP/xamppfiles/htdocs/empaquesys/index.php(44): CodeIgniter\CodeIgniter->run()
#9 {main}
