CRITICAL - 2021-12-03 01:03:33 --> include(C:\xampp\htdocs\empaquesys\vendor\fpdf\fpdf\src\Fpdf/font/helvetica13.php): Failed to open stream: No such file or directory
#0 C:\xampp\htdocs\empaquesys\vendor\fpdf\fpdf\src\Fpdf\Fpdf.php(1143): CodeIgniter\Debug\Exceptions->errorHandler(2, 'include(C:\\xamp...', 'C:\\xampp\\htdocs...', 1143)
#1 C:\xampp\htdocs\empaquesys\vendor\fpdf\fpdf\src\Fpdf\Fpdf.php(1143): include()
#2 C:\xampp\htdocs\empaquesys\vendor\fpdf\fpdf\src\Fpdf\Fpdf.php(461): Fpdf\Fpdf->_loadfont('helvetica13.php')
#3 C:\xampp\htdocs\empaquesys\vendor\fpdf\fpdf\src\Fpdf\Fpdf.php(509): Fpdf\Fpdf->AddFont('helvetica', '13')
#4 C:\xampp\htdocs\empaquesys\app\Controllers\Embarques.php(327): Fpdf\Fpdf->SetFont('helvetica', '13', 9)
#5 C:\xampp\htdocs\empaquesys\vendor\codeigniter4\framework\system\CodeIgniter.php(824): App\Controllers\Embarques->pdf_packing('SEA04')
#6 C:\xampp\htdocs\empaquesys\vendor\codeigniter4\framework\system\CodeIgniter.php(410): CodeIgniter\CodeIgniter->runController(Object(App\Controllers\Embarques))
#7 C:\xampp\htdocs\empaquesys\vendor\codeigniter4\framework\system\CodeIgniter.php(318): CodeIgniter\CodeIgniter->handleRequest(NULL, Object(Config\Cache), false)
#8 C:\xampp\htdocs\empaquesys\index.php(44): CodeIgniter\CodeIgniter->run()
#9 {main}
CRITICAL - 2021-12-03 01:03:33 --> Uncaught ErrorException: Undefined property: Config\Exceptions::$sensitiveDataInTrace in C:\xampp\htdocs\empaquesys\vendor\codeigniter4\framework\system\Debug\Exceptions.php:242
Stack trace:
#0 C:\xampp\htdocs\empaquesys\vendor\codeigniter4\framework\system\Debug\Exceptions.php(242): CodeIgniter\Debug\Exceptions->errorHandler(2, 'Undefined prope...', 'C:\\xampp\\htdocs...', 242)
#1 C:\xampp\htdocs\empaquesys\vendor\codeigniter4\framework\system\Debug\Exceptions.php(225): CodeIgniter\Debug\Exceptions->collectVars(Object(ErrorException), 500)
#2 C:\xampp\htdocs\empaquesys\vendor\codeigniter4\framework\system\Debug\Exceptions.php(232): CodeIgniter\Debug\Exceptions->CodeIgniter\Debug\{closure}()
#3 C:\xampp\htdocs\empaquesys\vendor\codeigniter4\framework\system\Debug\Exceptions.php(116): CodeIgniter\Debug\Exceptions->render(Object(ErrorException), 500)
#4 [internal function]: CodeIgniter\Debug\Exceptions->exceptionHandler(Object(ErrorException))
#5 {main}
  thrown
#0 [internal function]: CodeIgniter\Debug\Exceptions->shutdownHandler()
#1 {main}
CRITICAL - 2021-12-03 01:04:53 --> include(C:\xampp\htdocs\empaquesys\vendor\fpdf\fpdf\src\Fpdf/font/helvetica13.php): Failed to open stream: No such file or directory
#0 C:\xampp\htdocs\empaquesys\vendor\fpdf\fpdf\src\Fpdf\Fpdf.php(1143): CodeIgniter\Debug\Exceptions->errorHandler(2, 'include(C:\\xamp...', 'C:\\xampp\\htdocs...', 1143)
#1 C:\xampp\htdocs\empaquesys\vendor\fpdf\fpdf\src\Fpdf\Fpdf.php(1143): include()
#2 C:\xampp\htdocs\empaquesys\vendor\fpdf\fpdf\src\Fpdf\Fpdf.php(461): Fpdf\Fpdf->_loadfont('helvetica13.php')
#3 C:\xampp\htdocs\empaquesys\vendor\fpdf\fpdf\src\Fpdf\Fpdf.php(509): Fpdf\Fpdf->AddFont('helvetica', '13')
#4 C:\xampp\htdocs\empaquesys\app\Controllers\Embarques.php(327): Fpdf\Fpdf->SetFont('helvetica', '13', 9)
#5 C:\xampp\htdocs\empaquesys\vendor\codeigniter4\framework\system\CodeIgniter.php(824): App\Controllers\Embarques->pdf_packing('SEA04')
#6 C:\xampp\htdocs\empaquesys\vendor\codeigniter4\framework\system\CodeIgniter.php(410): CodeIgniter\CodeIgniter->runController(Object(App\Controllers\Embarques))
#7 C:\xampp\htdocs\empaquesys\vendor\codeigniter4\framework\system\CodeIgniter.php(318): CodeIgniter\CodeIgniter->handleRequest(NULL, Object(Config\Cache), false)
#8 C:\xampp\htdocs\empaquesys\index.php(44): CodeIgniter\CodeIgniter->run()
#9 {main}
CRITICAL - 2021-12-03 01:04:53 --> Uncaught ErrorException: Undefined property: Config\Exceptions::$sensitiveDataInTrace in C:\xampp\htdocs\empaquesys\vendor\codeigniter4\framework\system\Debug\Exceptions.php:242
Stack trace:
#0 C:\xampp\htdocs\empaquesys\vendor\codeigniter4\framework\system\Debug\Exceptions.php(242): CodeIgniter\Debug\Exceptions->errorHandler(2, 'Undefined prope...', 'C:\\xampp\\htdocs...', 242)
#1 C:\xampp\htdocs\empaquesys\vendor\codeigniter4\framework\system\Debug\Exceptions.php(225): CodeIgniter\Debug\Exceptions->collectVars(Object(ErrorException), 500)
#2 C:\xampp\htdocs\empaquesys\vendor\codeigniter4\framework\system\Debug\Exceptions.php(232): CodeIgniter\Debug\Exceptions->CodeIgniter\Debug\{closure}()
#3 C:\xampp\htdocs\empaquesys\vendor\codeigniter4\framework\system\Debug\Exceptions.php(116): CodeIgniter\Debug\Exceptions->render(Object(ErrorException), 500)
#4 [internal function]: CodeIgniter\Debug\Exceptions->exceptionHandler(Object(ErrorException))
#5 {main}
  thrown
#0 [internal function]: CodeIgniter\Debug\Exceptions->shutdownHandler()
#1 {main}
CRITICAL - 2021-12-03 01:05:34 --> include(C:\xampp\htdocs\empaquesys\vendor\fpdf\fpdf\src\Fpdf/font/helvetica13.php): Failed to open stream: No such file or directory
#0 C:\xampp\htdocs\empaquesys\vendor\fpdf\fpdf\src\Fpdf\Fpdf.php(1143): CodeIgniter\Debug\Exceptions->errorHandler(2, 'include(C:\\xamp...', 'C:\\xampp\\htdocs...', 1143)
#1 C:\xampp\htdocs\empaquesys\vendor\fpdf\fpdf\src\Fpdf\Fpdf.php(1143): include()
#2 C:\xampp\htdocs\empaquesys\vendor\fpdf\fpdf\src\Fpdf\Fpdf.php(461): Fpdf\Fpdf->_loadfont('helvetica13.php')
#3 C:\xampp\htdocs\empaquesys\vendor\fpdf\fpdf\src\Fpdf\Fpdf.php(509): Fpdf\Fpdf->AddFont('helvetica', '13')
#4 C:\xampp\htdocs\empaquesys\app\Controllers\Embarques.php(327): Fpdf\Fpdf->SetFont('helvetica', '13', 9)
#5 C:\xampp\htdocs\empaquesys\vendor\codeigniter4\framework\system\CodeIgniter.php(824): App\Controllers\Embarques->pdf_packing('SEA04')
#6 C:\xampp\htdocs\empaquesys\vendor\codeigniter4\framework\system\CodeIgniter.php(410): CodeIgniter\CodeIgniter->runController(Object(App\Controllers\Embarques))
#7 C:\xampp\htdocs\empaquesys\vendor\codeigniter4\framework\system\CodeIgniter.php(318): CodeIgniter\CodeIgniter->handleRequest(NULL, Object(Config\Cache), false)
#8 C:\xampp\htdocs\empaquesys\index.php(44): CodeIgniter\CodeIgniter->run()
#9 {main}
CRITICAL - 2021-12-03 01:05:34 --> Uncaught ErrorException: Undefined property: Config\Exceptions::$sensitiveDataInTrace in C:\xampp\htdocs\empaquesys\vendor\codeigniter4\framework\system\Debug\Exceptions.php:242
Stack trace:
#0 C:\xampp\htdocs\empaquesys\vendor\codeigniter4\framework\system\Debug\Exceptions.php(242): CodeIgniter\Debug\Exceptions->errorHandler(2, 'Undefined prope...', 'C:\\xampp\\htdocs...', 242)
#1 C:\xampp\htdocs\empaquesys\vendor\codeigniter4\framework\system\Debug\Exceptions.php(225): CodeIgniter\Debug\Exceptions->collectVars(Object(ErrorException), 500)
#2 C:\xampp\htdocs\empaquesys\vendor\codeigniter4\framework\system\Debug\Exceptions.php(232): CodeIgniter\Debug\Exceptions->CodeIgniter\Debug\{closure}()
#3 C:\xampp\htdocs\empaquesys\vendor\codeigniter4\framework\system\Debug\Exceptions.php(116): CodeIgniter\Debug\Exceptions->render(Object(ErrorException), 500)
#4 [internal function]: CodeIgniter\Debug\Exceptions->exceptionHandler(Object(ErrorException))
#5 {main}
  thrown
#0 [internal function]: CodeIgniter\Debug\Exceptions->shutdownHandler()
#1 {main}
CRITICAL - 2021-12-03 01:06:14 --> include(C:\xampp\htdocs\empaquesys\vendor\fpdf\fpdf\src\Fpdf/font/helvetica13.php): Failed to open stream: No such file or directory
#0 C:\xampp\htdocs\empaquesys\vendor\fpdf\fpdf\src\Fpdf\Fpdf.php(1143): CodeIgniter\Debug\Exceptions->errorHandler(2, 'include(C:\\xamp...', 'C:\\xampp\\htdocs...', 1143)
#1 C:\xampp\htdocs\empaquesys\vendor\fpdf\fpdf\src\Fpdf\Fpdf.php(1143): include()
#2 C:\xampp\htdocs\empaquesys\vendor\fpdf\fpdf\src\Fpdf\Fpdf.php(461): Fpdf\Fpdf->_loadfont('helvetica13.php')
#3 C:\xampp\htdocs\empaquesys\vendor\fpdf\fpdf\src\Fpdf\Fpdf.php(509): Fpdf\Fpdf->AddFont('helvetica', '13')
#4 C:\xampp\htdocs\empaquesys\app\Controllers\Embarques.php(327): Fpdf\Fpdf->SetFont('helvetica', '13', 9)
#5 C:\xampp\htdocs\empaquesys\vendor\codeigniter4\framework\system\CodeIgniter.php(824): App\Controllers\Embarques->pdf_packing('SEA04')
#6 C:\xampp\htdocs\empaquesys\vendor\codeigniter4\framework\system\CodeIgniter.php(410): CodeIgniter\CodeIgniter->runController(Object(App\Controllers\Embarques))
#7 C:\xampp\htdocs\empaquesys\vendor\codeigniter4\framework\system\CodeIgniter.php(318): CodeIgniter\CodeIgniter->handleRequest(NULL, Object(Config\Cache), false)
#8 C:\xampp\htdocs\empaquesys\index.php(44): CodeIgniter\CodeIgniter->run()
#9 {main}
CRITICAL - 2021-12-03 01:06:14 --> Uncaught ErrorException: Undefined property: Config\Exceptions::$sensitiveDataInTrace in C:\xampp\htdocs\empaquesys\vendor\codeigniter4\framework\system\Debug\Exceptions.php:242
Stack trace:
#0 C:\xampp\htdocs\empaquesys\vendor\codeigniter4\framework\system\Debug\Exceptions.php(242): CodeIgniter\Debug\Exceptions->errorHandler(2, 'Undefined prope...', 'C:\\xampp\\htdocs...', 242)
#1 C:\xampp\htdocs\empaquesys\vendor\codeigniter4\framework\system\Debug\Exceptions.php(225): CodeIgniter\Debug\Exceptions->collectVars(Object(ErrorException), 500)
#2 C:\xampp\htdocs\empaquesys\vendor\codeigniter4\framework\system\Debug\Exceptions.php(232): CodeIgniter\Debug\Exceptions->CodeIgniter\Debug\{closure}()
#3 C:\xampp\htdocs\empaquesys\vendor\codeigniter4\framework\system\Debug\Exceptions.php(116): CodeIgniter\Debug\Exceptions->render(Object(ErrorException), 500)
#4 [internal function]: CodeIgniter\Debug\Exceptions->exceptionHandler(Object(ErrorException))
#5 {main}
  thrown
#0 [internal function]: CodeIgniter\Debug\Exceptions->shutdownHandler()
#1 {main}
CRITICAL - 2021-12-03 01:06:16 --> include(C:\xampp\htdocs\empaquesys\vendor\fpdf\fpdf\src\Fpdf/font/helvetica13.php): Failed to open stream: No such file or directory
#0 C:\xampp\htdocs\empaquesys\vendor\fpdf\fpdf\src\Fpdf\Fpdf.php(1143): CodeIgniter\Debug\Exceptions->errorHandler(2, 'include(C:\\xamp...', 'C:\\xampp\\htdocs...', 1143)
#1 C:\xampp\htdocs\empaquesys\vendor\fpdf\fpdf\src\Fpdf\Fpdf.php(1143): include()
#2 C:\xampp\htdocs\empaquesys\vendor\fpdf\fpdf\src\Fpdf\Fpdf.php(461): Fpdf\Fpdf->_loadfont('helvetica13.php')
#3 C:\xampp\htdocs\empaquesys\vendor\fpdf\fpdf\src\Fpdf\Fpdf.php(509): Fpdf\Fpdf->AddFont('helvetica', '13')
#4 C:\xampp\htdocs\empaquesys\app\Controllers\Embarques.php(327): Fpdf\Fpdf->SetFont('helvetica', '13', 9)
#5 C:\xampp\htdocs\empaquesys\vendor\codeigniter4\framework\system\CodeIgniter.php(824): App\Controllers\Embarques->pdf_packing('SEA04')
#6 C:\xampp\htdocs\empaquesys\vendor\codeigniter4\framework\system\CodeIgniter.php(410): CodeIgniter\CodeIgniter->runController(Object(App\Controllers\Embarques))
#7 C:\xampp\htdocs\empaquesys\vendor\codeigniter4\framework\system\CodeIgniter.php(318): CodeIgniter\CodeIgniter->handleRequest(NULL, Object(Config\Cache), false)
#8 C:\xampp\htdocs\empaquesys\index.php(44): CodeIgniter\CodeIgniter->run()
#9 {main}
CRITICAL - 2021-12-03 01:06:16 --> Uncaught ErrorException: Undefined property: Config\Exceptions::$sensitiveDataInTrace in C:\xampp\htdocs\empaquesys\vendor\codeigniter4\framework\system\Debug\Exceptions.php:242
Stack trace:
#0 C:\xampp\htdocs\empaquesys\vendor\codeigniter4\framework\system\Debug\Exceptions.php(242): CodeIgniter\Debug\Exceptions->errorHandler(2, 'Undefined prope...', 'C:\\xampp\\htdocs...', 242)
#1 C:\xampp\htdocs\empaquesys\vendor\codeigniter4\framework\system\Debug\Exceptions.php(225): CodeIgniter\Debug\Exceptions->collectVars(Object(ErrorException), 500)
#2 C:\xampp\htdocs\empaquesys\vendor\codeigniter4\framework\system\Debug\Exceptions.php(232): CodeIgniter\Debug\Exceptions->CodeIgniter\Debug\{closure}()
#3 C:\xampp\htdocs\empaquesys\vendor\codeigniter4\framework\system\Debug\Exceptions.php(116): CodeIgniter\Debug\Exceptions->render(Object(ErrorException), 500)
#4 [internal function]: CodeIgniter\Debug\Exceptions->exceptionHandler(Object(ErrorException))
#5 {main}
  thrown
#0 [internal function]: CodeIgniter\Debug\Exceptions->shutdownHandler()
#1 {main}
CRITICAL - 2021-12-03 01:06:32 --> include(C:\xampp\htdocs\empaquesys\vendor\fpdf\fpdf\src\Fpdf/font/helvetica13.php): Failed to open stream: No such file or directory
#0 C:\xampp\htdocs\empaquesys\vendor\fpdf\fpdf\src\Fpdf\Fpdf.php(1143): CodeIgniter\Debug\Exceptions->errorHandler(2, 'include(C:\\xamp...', 'C:\\xampp\\htdocs...', 1143)
#1 C:\xampp\htdocs\empaquesys\vendor\fpdf\fpdf\src\Fpdf\Fpdf.php(1143): include()
#2 C:\xampp\htdocs\empaquesys\vendor\fpdf\fpdf\src\Fpdf\Fpdf.php(461): Fpdf\Fpdf->_loadfont('helvetica13.php')
#3 C:\xampp\htdocs\empaquesys\vendor\fpdf\fpdf\src\Fpdf\Fpdf.php(509): Fpdf\Fpdf->AddFont('helvetica', '13')
#4 C:\xampp\htdocs\empaquesys\app\Controllers\Embarques.php(327): Fpdf\Fpdf->SetFont('helvetica', '13', 9)
#5 C:\xampp\htdocs\empaquesys\vendor\codeigniter4\framework\system\CodeIgniter.php(824): App\Controllers\Embarques->pdf_packing('SEA04')
#6 C:\xampp\htdocs\empaquesys\vendor\codeigniter4\framework\system\CodeIgniter.php(410): CodeIgniter\CodeIgniter->runController(Object(App\Controllers\Embarques))
#7 C:\xampp\htdocs\empaquesys\vendor\codeigniter4\framework\system\CodeIgniter.php(318): CodeIgniter\CodeIgniter->handleRequest(NULL, Object(Config\Cache), false)
#8 C:\xampp\htdocs\empaquesys\index.php(44): CodeIgniter\CodeIgniter->run()
#9 {main}
CRITICAL - 2021-12-03 01:06:32 --> Uncaught ErrorException: Undefined property: Config\Exceptions::$sensitiveDataInTrace in C:\xampp\htdocs\empaquesys\vendor\codeigniter4\framework\system\Debug\Exceptions.php:242
Stack trace:
#0 C:\xampp\htdocs\empaquesys\vendor\codeigniter4\framework\system\Debug\Exceptions.php(242): CodeIgniter\Debug\Exceptions->errorHandler(2, 'Undefined prope...', 'C:\\xampp\\htdocs...', 242)
#1 C:\xampp\htdocs\empaquesys\vendor\codeigniter4\framework\system\Debug\Exceptions.php(225): CodeIgniter\Debug\Exceptions->collectVars(Object(ErrorException), 500)
#2 C:\xampp\htdocs\empaquesys\vendor\codeigniter4\framework\system\Debug\Exceptions.php(232): CodeIgniter\Debug\Exceptions->CodeIgniter\Debug\{closure}()
#3 C:\xampp\htdocs\empaquesys\vendor\codeigniter4\framework\system\Debug\Exceptions.php(116): CodeIgniter\Debug\Exceptions->render(Object(ErrorException), 500)
#4 [internal function]: CodeIgniter\Debug\Exceptions->exceptionHandler(Object(ErrorException))
#5 {main}
  thrown
#0 [internal function]: CodeIgniter\Debug\Exceptions->shutdownHandler()
#1 {main}
CRITICAL - 2021-12-03 01:06:34 --> include(C:\xampp\htdocs\empaquesys\vendor\fpdf\fpdf\src\Fpdf/font/helvetica13.php): Failed to open stream: No such file or directory
#0 C:\xampp\htdocs\empaquesys\vendor\fpdf\fpdf\src\Fpdf\Fpdf.php(1143): CodeIgniter\Debug\Exceptions->errorHandler(2, 'include(C:\\xamp...', 'C:\\xampp\\htdocs...', 1143)
#1 C:\xampp\htdocs\empaquesys\vendor\fpdf\fpdf\src\Fpdf\Fpdf.php(1143): include()
#2 C:\xampp\htdocs\empaquesys\vendor\fpdf\fpdf\src\Fpdf\Fpdf.php(461): Fpdf\Fpdf->_loadfont('helvetica13.php')
#3 C:\xampp\htdocs\empaquesys\vendor\fpdf\fpdf\src\Fpdf\Fpdf.php(509): Fpdf\Fpdf->AddFont('helvetica', '13')
#4 C:\xampp\htdocs\empaquesys\app\Controllers\Embarques.php(327): Fpdf\Fpdf->SetFont('helvetica', '13', 9)
#5 C:\xampp\htdocs\empaquesys\vendor\codeigniter4\framework\system\CodeIgniter.php(824): App\Controllers\Embarques->pdf_packing('SEA04')
#6 C:\xampp\htdocs\empaquesys\vendor\codeigniter4\framework\system\CodeIgniter.php(410): CodeIgniter\CodeIgniter->runController(Object(App\Controllers\Embarques))
#7 C:\xampp\htdocs\empaquesys\vendor\codeigniter4\framework\system\CodeIgniter.php(318): CodeIgniter\CodeIgniter->handleRequest(NULL, Object(Config\Cache), false)
#8 C:\xampp\htdocs\empaquesys\index.php(44): CodeIgniter\CodeIgniter->run()
#9 {main}
CRITICAL - 2021-12-03 01:06:34 --> Uncaught ErrorException: Undefined property: Config\Exceptions::$sensitiveDataInTrace in C:\xampp\htdocs\empaquesys\vendor\codeigniter4\framework\system\Debug\Exceptions.php:242
Stack trace:
#0 C:\xampp\htdocs\empaquesys\vendor\codeigniter4\framework\system\Debug\Exceptions.php(242): CodeIgniter\Debug\Exceptions->errorHandler(2, 'Undefined prope...', 'C:\\xampp\\htdocs...', 242)
#1 C:\xampp\htdocs\empaquesys\vendor\codeigniter4\framework\system\Debug\Exceptions.php(225): CodeIgniter\Debug\Exceptions->collectVars(Object(ErrorException), 500)
#2 C:\xampp\htdocs\empaquesys\vendor\codeigniter4\framework\system\Debug\Exceptions.php(232): CodeIgniter\Debug\Exceptions->CodeIgniter\Debug\{closure}()
#3 C:\xampp\htdocs\empaquesys\vendor\codeigniter4\framework\system\Debug\Exceptions.php(116): CodeIgniter\Debug\Exceptions->render(Object(ErrorException), 500)
#4 [internal function]: CodeIgniter\Debug\Exceptions->exceptionHandler(Object(ErrorException))
#5 {main}
  thrown
#0 [internal function]: CodeIgniter\Debug\Exceptions->shutdownHandler()
#1 {main}
CRITICAL - 2021-12-03 01:07:13 --> include(C:\xampp\htdocs\empaquesys\vendor\fpdf\fpdf\src\Fpdf/font/helvetica13.php): Failed to open stream: No such file or directory
#0 C:\xampp\htdocs\empaquesys\vendor\fpdf\fpdf\src\Fpdf\Fpdf.php(1143): CodeIgniter\Debug\Exceptions->errorHandler(2, 'include(C:\\xamp...', 'C:\\xampp\\htdocs...', 1143)
#1 C:\xampp\htdocs\empaquesys\vendor\fpdf\fpdf\src\Fpdf\Fpdf.php(1143): include()
#2 C:\xampp\htdocs\empaquesys\vendor\fpdf\fpdf\src\Fpdf\Fpdf.php(461): Fpdf\Fpdf->_loadfont('helvetica13.php')
#3 C:\xampp\htdocs\empaquesys\vendor\fpdf\fpdf\src\Fpdf\Fpdf.php(509): Fpdf\Fpdf->AddFont('helvetica', '13')
#4 C:\xampp\htdocs\empaquesys\app\Controllers\Embarques.php(327): Fpdf\Fpdf->SetFont('helvetica', '13', 9)
#5 C:\xampp\htdocs\empaquesys\vendor\codeigniter4\framework\system\CodeIgniter.php(824): App\Controllers\Embarques->pdf_packing('SEA04')
#6 C:\xampp\htdocs\empaquesys\vendor\codeigniter4\framework\system\CodeIgniter.php(410): CodeIgniter\CodeIgniter->runController(Object(App\Controllers\Embarques))
#7 C:\xampp\htdocs\empaquesys\vendor\codeigniter4\framework\system\CodeIgniter.php(318): CodeIgniter\CodeIgniter->handleRequest(NULL, Object(Config\Cache), false)
#8 C:\xampp\htdocs\empaquesys\index.php(44): CodeIgniter\CodeIgniter->run()
#9 {main}
CRITICAL - 2021-12-03 01:07:13 --> Uncaught ErrorException: Undefined property: Config\Exceptions::$sensitiveDataInTrace in C:\xampp\htdocs\empaquesys\vendor\codeigniter4\framework\system\Debug\Exceptions.php:242
Stack trace:
#0 C:\xampp\htdocs\empaquesys\vendor\codeigniter4\framework\system\Debug\Exceptions.php(242): CodeIgniter\Debug\Exceptions->errorHandler(2, 'Undefined prope...', 'C:\\xampp\\htdocs...', 242)
#1 C:\xampp\htdocs\empaquesys\vendor\codeigniter4\framework\system\Debug\Exceptions.php(225): CodeIgniter\Debug\Exceptions->collectVars(Object(ErrorException), 500)
#2 C:\xampp\htdocs\empaquesys\vendor\codeigniter4\framework\system\Debug\Exceptions.php(232): CodeIgniter\Debug\Exceptions->CodeIgniter\Debug\{closure}()
#3 C:\xampp\htdocs\empaquesys\vendor\codeigniter4\framework\system\Debug\Exceptions.php(116): CodeIgniter\Debug\Exceptions->render(Object(ErrorException), 500)
#4 [internal function]: CodeIgniter\Debug\Exceptions->exceptionHandler(Object(ErrorException))
#5 {main}
  thrown
#0 [internal function]: CodeIgniter\Debug\Exceptions->shutdownHandler()
#1 {main}
ERROR - 2021-12-03 03:25:35 --> You have an error in your SQL syntax; check the manual that corresponds to your MariaDB server version for the right syntax to use near ' SUM(cantidad) AS total, GROUP_CONCAT(calibre, ' - ', `cantidad`, '<br>') AS ...' at line 1
CRITICAL - 2021-12-03 03:25:35 --> You have an error in your SQL syntax; check the manual that corresponds to your MariaDB server version for the right syntax to use near ' SUM(cantidad) AS total, GROUP_CONCAT(calibre, ' - ', `cantidad`, '<br>') AS ...' at line 1
#0 C:\xampp\htdocs\empaquesys\vendor\codeigniter4\framework\system\Database\MySQLi\Connection.php(292): mysqli->query('SELECT `DISTINC...', 0)
#1 C:\xampp\htdocs\empaquesys\vendor\codeigniter4\framework\system\Database\BaseConnection.php(670): CodeIgniter\Database\MySQLi\Connection->execute('SELECT `DISTINC...')
#2 C:\xampp\htdocs\empaquesys\vendor\codeigniter4\framework\system\Database\BaseConnection.php(598): CodeIgniter\Database\BaseConnection->simpleQuery('SELECT `DISTINC...')
#3 C:\xampp\htdocs\empaquesys\vendor\codeigniter4\framework\system\Database\BaseBuilder.php(1443): CodeIgniter\Database\BaseConnection->query('SELECT `DISTINC...', Array, false)
#4 C:\xampp\htdocs\empaquesys\app\Models\Membarques.php(103): CodeIgniter\Database\BaseBuilder->get()
#5 C:\xampp\htdocs\empaquesys\app\Controllers\Embarques.php(118): App\Models\Membarques->sumarTotalpallet(Array)
#6 C:\xampp\htdocs\empaquesys\vendor\codeigniter4\framework\system\CodeIgniter.php(824): App\Controllers\Embarques->Agregarpallet('1')
#7 C:\xampp\htdocs\empaquesys\vendor\codeigniter4\framework\system\CodeIgniter.php(410): CodeIgniter\CodeIgniter->runController(Object(App\Controllers\Embarques))
#8 C:\xampp\htdocs\empaquesys\vendor\codeigniter4\framework\system\CodeIgniter.php(318): CodeIgniter\CodeIgniter->handleRequest(NULL, Object(Config\Cache), false)
#9 C:\xampp\htdocs\empaquesys\index.php(44): CodeIgniter\CodeIgniter->run()
#10 {main}
CRITICAL - 2021-12-03 03:25:35 --> Uncaught ErrorException: Undefined property: Config\Exceptions::$sensitiveDataInTrace in C:\xampp\htdocs\empaquesys\vendor\codeigniter4\framework\system\Debug\Exceptions.php:242
Stack trace:
#0 C:\xampp\htdocs\empaquesys\vendor\codeigniter4\framework\system\Debug\Exceptions.php(242): CodeIgniter\Debug\Exceptions->errorHandler(2, 'Undefined prope...', 'C:\\xampp\\htdocs...', 242)
#1 C:\xampp\htdocs\empaquesys\vendor\codeigniter4\framework\system\Debug\Exceptions.php(225): CodeIgniter\Debug\Exceptions->collectVars(Object(mysqli_sql_exception), 500)
#2 C:\xampp\htdocs\empaquesys\vendor\codeigniter4\framework\system\Debug\Exceptions.php(232): CodeIgniter\Debug\Exceptions->CodeIgniter\Debug\{closure}()
#3 C:\xampp\htdocs\empaquesys\vendor\codeigniter4\framework\system\Debug\Exceptions.php(116): CodeIgniter\Debug\Exceptions->render(Object(mysqli_sql_exception), 500)
#4 [internal function]: CodeIgniter\Debug\Exceptions->exceptionHandler(Object(mysqli_sql_exception))
#5 {main}
  thrown
#0 [internal function]: CodeIgniter\Debug\Exceptions->shutdownHandler()
#1 {main}
ERROR - 2021-12-03 03:26:05 --> You have an error in your SQL syntax; check the manual that corresponds to your MariaDB server version for the right syntax to use near '*, SUM(cantidad) AS total, GROUP_CONCAT(calibre, ' - ', `cantidad`, '<br>') A...' at line 1
CRITICAL - 2021-12-03 03:26:05 --> You have an error in your SQL syntax; check the manual that corresponds to your MariaDB server version for the right syntax to use near '*, SUM(cantidad) AS total, GROUP_CONCAT(calibre, ' - ', `cantidad`, '<br>') A...' at line 1
#0 C:\xampp\htdocs\empaquesys\vendor\codeigniter4\framework\system\Database\MySQLi\Connection.php(292): mysqli->query('SELECT `DISTINC...', 0)
#1 C:\xampp\htdocs\empaquesys\vendor\codeigniter4\framework\system\Database\BaseConnection.php(670): CodeIgniter\Database\MySQLi\Connection->execute('SELECT `DISTINC...')
#2 C:\xampp\htdocs\empaquesys\vendor\codeigniter4\framework\system\Database\BaseConnection.php(598): CodeIgniter\Database\BaseConnection->simpleQuery('SELECT `DISTINC...')
#3 C:\xampp\htdocs\empaquesys\vendor\codeigniter4\framework\system\Database\BaseBuilder.php(1443): CodeIgniter\Database\BaseConnection->query('SELECT `DISTINC...', Array, false)
#4 C:\xampp\htdocs\empaquesys\app\Models\Membarques.php(103): CodeIgniter\Database\BaseBuilder->get()
#5 C:\xampp\htdocs\empaquesys\app\Controllers\Embarques.php(118): App\Models\Membarques->sumarTotalpallet(Array)
#6 C:\xampp\htdocs\empaquesys\vendor\codeigniter4\framework\system\CodeIgniter.php(824): App\Controllers\Embarques->Agregarpallet('1')
#7 C:\xampp\htdocs\empaquesys\vendor\codeigniter4\framework\system\CodeIgniter.php(410): CodeIgniter\CodeIgniter->runController(Object(App\Controllers\Embarques))
#8 C:\xampp\htdocs\empaquesys\vendor\codeigniter4\framework\system\CodeIgniter.php(318): CodeIgniter\CodeIgniter->handleRequest(NULL, Object(Config\Cache), false)
#9 C:\xampp\htdocs\empaquesys\index.php(44): CodeIgniter\CodeIgniter->run()
#10 {main}
CRITICAL - 2021-12-03 03:26:05 --> Uncaught ErrorException: Undefined property: Config\Exceptions::$sensitiveDataInTrace in C:\xampp\htdocs\empaquesys\vendor\codeigniter4\framework\system\Debug\Exceptions.php:242
Stack trace:
#0 C:\xampp\htdocs\empaquesys\vendor\codeigniter4\framework\system\Debug\Exceptions.php(242): CodeIgniter\Debug\Exceptions->errorHandler(2, 'Undefined prope...', 'C:\\xampp\\htdocs...', 242)
#1 C:\xampp\htdocs\empaquesys\vendor\codeigniter4\framework\system\Debug\Exceptions.php(225): CodeIgniter\Debug\Exceptions->collectVars(Object(mysqli_sql_exception), 500)
#2 C:\xampp\htdocs\empaquesys\vendor\codeigniter4\framework\system\Debug\Exceptions.php(232): CodeIgniter\Debug\Exceptions->CodeIgniter\Debug\{closure}()
#3 C:\xampp\htdocs\empaquesys\vendor\codeigniter4\framework\system\Debug\Exceptions.php(116): CodeIgniter\Debug\Exceptions->render(Object(mysqli_sql_exception), 500)
#4 [internal function]: CodeIgniter\Debug\Exceptions->exceptionHandler(Object(mysqli_sql_exception))
#5 {main}
  thrown
#0 [internal function]: CodeIgniter\Debug\Exceptions->shutdownHandler()
#1 {main}
ERROR - 2021-12-03 03:26:06 --> You have an error in your SQL syntax; check the manual that corresponds to your MariaDB server version for the right syntax to use near '*, SUM(cantidad) AS total, GROUP_CONCAT(calibre, ' - ', `cantidad`, '<br>') A...' at line 1
CRITICAL - 2021-12-03 03:26:06 --> You have an error in your SQL syntax; check the manual that corresponds to your MariaDB server version for the right syntax to use near '*, SUM(cantidad) AS total, GROUP_CONCAT(calibre, ' - ', `cantidad`, '<br>') A...' at line 1
#0 C:\xampp\htdocs\empaquesys\vendor\codeigniter4\framework\system\Database\MySQLi\Connection.php(292): mysqli->query('SELECT `DISTINC...', 0)
#1 C:\xampp\htdocs\empaquesys\vendor\codeigniter4\framework\system\Database\BaseConnection.php(670): CodeIgniter\Database\MySQLi\Connection->execute('SELECT `DISTINC...')
#2 C:\xampp\htdocs\empaquesys\vendor\codeigniter4\framework\system\Database\BaseConnection.php(598): CodeIgniter\Database\BaseConnection->simpleQuery('SELECT `DISTINC...')
#3 C:\xampp\htdocs\empaquesys\vendor\codeigniter4\framework\system\Database\BaseBuilder.php(1443): CodeIgniter\Database\BaseConnection->query('SELECT `DISTINC...', Array, false)
#4 C:\xampp\htdocs\empaquesys\app\Models\Membarques.php(103): CodeIgniter\Database\BaseBuilder->get()
#5 C:\xampp\htdocs\empaquesys\app\Controllers\Embarques.php(118): App\Models\Membarques->sumarTotalpallet(Array)
#6 C:\xampp\htdocs\empaquesys\vendor\codeigniter4\framework\system\CodeIgniter.php(824): App\Controllers\Embarques->Agregarpallet('1')
#7 C:\xampp\htdocs\empaquesys\vendor\codeigniter4\framework\system\CodeIgniter.php(410): CodeIgniter\CodeIgniter->runController(Object(App\Controllers\Embarques))
#8 C:\xampp\htdocs\empaquesys\vendor\codeigniter4\framework\system\CodeIgniter.php(318): CodeIgniter\CodeIgniter->handleRequest(NULL, Object(Config\Cache), false)
#9 C:\xampp\htdocs\empaquesys\index.php(44): CodeIgniter\CodeIgniter->run()
#10 {main}
CRITICAL - 2021-12-03 03:26:06 --> Uncaught ErrorException: Undefined property: Config\Exceptions::$sensitiveDataInTrace in C:\xampp\htdocs\empaquesys\vendor\codeigniter4\framework\system\Debug\Exceptions.php:242
Stack trace:
#0 C:\xampp\htdocs\empaquesys\vendor\codeigniter4\framework\system\Debug\Exceptions.php(242): CodeIgniter\Debug\Exceptions->errorHandler(2, 'Undefined prope...', 'C:\\xampp\\htdocs...', 242)
#1 C:\xampp\htdocs\empaquesys\vendor\codeigniter4\framework\system\Debug\Exceptions.php(225): CodeIgniter\Debug\Exceptions->collectVars(Object(mysqli_sql_exception), 500)
#2 C:\xampp\htdocs\empaquesys\vendor\codeigniter4\framework\system\Debug\Exceptions.php(232): CodeIgniter\Debug\Exceptions->CodeIgniter\Debug\{closure}()
#3 C:\xampp\htdocs\empaquesys\vendor\codeigniter4\framework\system\Debug\Exceptions.php(116): CodeIgniter\Debug\Exceptions->render(Object(mysqli_sql_exception), 500)
#4 [internal function]: CodeIgniter\Debug\Exceptions->exceptionHandler(Object(mysqli_sql_exception))
#5 {main}
  thrown
#0 [internal function]: CodeIgniter\Debug\Exceptions->shutdownHandler()
#1 {main}
