CRITICAL - 2021-08-09 13:40:51 --> Class "TCPDF" not found
#0 /Applications/XAMPP/xamppfiles/htdocs/empaquesys/vendor/codeigniter4/framework/system/CodeIgniter.php(929): App\Controllers\Pedidos->pdf()
#1 /Applications/XAMPP/xamppfiles/htdocs/empaquesys/vendor/codeigniter4/framework/system/CodeIgniter.php(437): CodeIgniter\CodeIgniter->runController(Object(App\Controllers\Pedidos))
#2 /Applications/XAMPP/xamppfiles/htdocs/empaquesys/vendor/codeigniter4/framework/system/CodeIgniter.php(337): CodeIgniter\CodeIgniter->handleRequest(NULL, Object(Config\Cache), false)
#3 /Applications/XAMPP/xamppfiles/htdocs/empaquesys/index.php(44): CodeIgniter\CodeIgniter->run()
#4 {main}
CRITICAL - 2021-08-09 14:07:22 --> Object of class Fpdf\Fpdf could not be converted to string
#0 /Applications/XAMPP/xamppfiles/htdocs/empaquesys/vendor/codeigniter4/framework/system/CodeIgniter.php(929): App\Controllers\Pedidos->pdf()
#1 /Applications/XAMPP/xamppfiles/htdocs/empaquesys/vendor/codeigniter4/framework/system/CodeIgniter.php(437): CodeIgniter\CodeIgniter->runController(Object(App\Controllers\Pedidos))
#2 /Applications/XAMPP/xamppfiles/htdocs/empaquesys/vendor/codeigniter4/framework/system/CodeIgniter.php(337): CodeIgniter\CodeIgniter->handleRequest(NULL, Object(Config\Cache), false)
#3 /Applications/XAMPP/xamppfiles/htdocs/empaquesys/index.php(44): CodeIgniter\CodeIgniter->run()
#4 {main}
CRITICAL - 2021-08-09 14:30:50 --> Object of class Fpdf\Fpdf could not be converted to string
#0 /Applications/XAMPP/xamppfiles/htdocs/empaquesys/vendor/codeigniter4/framework/system/CodeIgniter.php(929): App\Controllers\Pedidos->pdf()
#1 /Applications/XAMPP/xamppfiles/htdocs/empaquesys/vendor/codeigniter4/framework/system/CodeIgniter.php(437): CodeIgniter\CodeIgniter->runController(Object(App\Controllers\Pedidos))
#2 /Applications/XAMPP/xamppfiles/htdocs/empaquesys/vendor/codeigniter4/framework/system/CodeIgniter.php(337): CodeIgniter\CodeIgniter->handleRequest(NULL, Object(Config\Cache), false)
#3 /Applications/XAMPP/xamppfiles/htdocs/empaquesys/index.php(44): CodeIgniter\CodeIgniter->run()
#4 {main}
CRITICAL - 2021-08-09 14:33:55 --> Object of class Fpdf\Fpdf could not be converted to string
#0 /Applications/XAMPP/xamppfiles/htdocs/empaquesys/vendor/codeigniter4/framework/system/CodeIgniter.php(929): App\Controllers\Pedidos->pdf()
#1 /Applications/XAMPP/xamppfiles/htdocs/empaquesys/vendor/codeigniter4/framework/system/CodeIgniter.php(437): CodeIgniter\CodeIgniter->runController(Object(App\Controllers\Pedidos))
#2 /Applications/XAMPP/xamppfiles/htdocs/empaquesys/vendor/codeigniter4/framework/system/CodeIgniter.php(337): CodeIgniter\CodeIgniter->handleRequest(NULL, Object(Config\Cache), false)
#3 /Applications/XAMPP/xamppfiles/htdocs/empaquesys/index.php(44): CodeIgniter\CodeIgniter->run()
#4 {main}
CRITICAL - 2021-08-09 14:34:15 --> Object of class Fpdf\Fpdf could not be converted to string
#0 /Applications/XAMPP/xamppfiles/htdocs/empaquesys/vendor/codeigniter4/framework/system/CodeIgniter.php(929): App\Controllers\Pedidos->pdf()
#1 /Applications/XAMPP/xamppfiles/htdocs/empaquesys/vendor/codeigniter4/framework/system/CodeIgniter.php(437): CodeIgniter\CodeIgniter->runController(Object(App\Controllers\Pedidos))
#2 /Applications/XAMPP/xamppfiles/htdocs/empaquesys/vendor/codeigniter4/framework/system/CodeIgniter.php(337): CodeIgniter\CodeIgniter->handleRequest(NULL, Object(Config\Cache), false)
#3 /Applications/XAMPP/xamppfiles/htdocs/empaquesys/index.php(44): CodeIgniter\CodeIgniter->run()
#4 {main}
CRITICAL - 2021-08-09 14:35:42 --> syntax error, unexpected single-quoted string "ñHola, Mundo!", expecting ")"
#0 /Applications/XAMPP/xamppfiles/htdocs/empaquesys/vendor/codeigniter4/framework/system/Router/Router.php(169): CodeIgniter\Router\Router->autoRoute('/Pedidos/pdf')
#1 /Applications/XAMPP/xamppfiles/htdocs/empaquesys/vendor/codeigniter4/framework/system/CodeIgniter.php(810): CodeIgniter\Router\Router->handle('/Pedidos/pdf')
#2 /Applications/XAMPP/xamppfiles/htdocs/empaquesys/vendor/codeigniter4/framework/system/CodeIgniter.php(390): CodeIgniter\CodeIgniter->tryToRouteIt(Object(CodeIgniter\Router\RouteCollection))
#3 /Applications/XAMPP/xamppfiles/htdocs/empaquesys/vendor/codeigniter4/framework/system/CodeIgniter.php(337): CodeIgniter\CodeIgniter->handleRequest(NULL, Object(Config\Cache), false)
#4 /Applications/XAMPP/xamppfiles/htdocs/empaquesys/index.php(44): CodeIgniter\CodeIgniter->run()
#5 {main}
CRITICAL - 2021-08-09 14:36:00 --> Object of class Fpdf\Fpdf could not be converted to string
#0 /Applications/XAMPP/xamppfiles/htdocs/empaquesys/vendor/codeigniter4/framework/system/CodeIgniter.php(929): App\Controllers\Pedidos->pdf()
#1 /Applications/XAMPP/xamppfiles/htdocs/empaquesys/vendor/codeigniter4/framework/system/CodeIgniter.php(437): CodeIgniter\CodeIgniter->runController(Object(App\Controllers\Pedidos))
#2 /Applications/XAMPP/xamppfiles/htdocs/empaquesys/vendor/codeigniter4/framework/system/CodeIgniter.php(337): CodeIgniter\CodeIgniter->handleRequest(NULL, Object(Config\Cache), false)
#3 /Applications/XAMPP/xamppfiles/htdocs/empaquesys/index.php(44): CodeIgniter\CodeIgniter->run()
#4 {main}
CRITICAL - 2021-08-09 14:36:11 --> Object of class Fpdf\Fpdf could not be converted to string
#0 /Applications/XAMPP/xamppfiles/htdocs/empaquesys/vendor/codeigniter4/framework/system/CodeIgniter.php(929): App\Controllers\Pedidos->pdf()
#1 /Applications/XAMPP/xamppfiles/htdocs/empaquesys/vendor/codeigniter4/framework/system/CodeIgniter.php(437): CodeIgniter\CodeIgniter->runController(Object(App\Controllers\Pedidos))
#2 /Applications/XAMPP/xamppfiles/htdocs/empaquesys/vendor/codeigniter4/framework/system/CodeIgniter.php(337): CodeIgniter\CodeIgniter->handleRequest(NULL, Object(Config\Cache), false)
#3 /Applications/XAMPP/xamppfiles/htdocs/empaquesys/index.php(44): CodeIgniter\CodeIgniter->run()
#4 {main}
CRITICAL - 2021-08-09 15:43:27 --> fopen(assets/fpdf-code.png): Failed to open stream: No such file or directory
#0 [internal function]: CodeIgniter\Debug\Exceptions->errorHandler(2, 'fopen(assets/fp...', '/Applications/X...', 1259)
#1 /Applications/XAMPP/xamppfiles/htdocs/empaquesys/vendor/fpdf/fpdf/src/Fpdf/Fpdf.php(1259): fopen('assets/fpdf-cod...', 'rb')
#2 /Applications/XAMPP/xamppfiles/htdocs/empaquesys/vendor/fpdf/fpdf/src/Fpdf/Fpdf.php(887): Fpdf\Fpdf->_parsepng('assets/fpdf-cod...')
#3 /Applications/XAMPP/xamppfiles/htdocs/empaquesys/app/Controllers/Pedidos.php(231): Fpdf\Fpdf->Image('assets/fpdf-cod...', NULL, NULL, 180)
#4 /Applications/XAMPP/xamppfiles/htdocs/empaquesys/vendor/codeigniter4/framework/system/CodeIgniter.php(929): App\Controllers\Pedidos->pdf()
#5 /Applications/XAMPP/xamppfiles/htdocs/empaquesys/vendor/codeigniter4/framework/system/CodeIgniter.php(437): CodeIgniter\CodeIgniter->runController(Object(App\Controllers\Pedidos))
#6 /Applications/XAMPP/xamppfiles/htdocs/empaquesys/vendor/codeigniter4/framework/system/CodeIgniter.php(337): CodeIgniter\CodeIgniter->handleRequest(NULL, Object(Config\Cache), false)
#7 /Applications/XAMPP/xamppfiles/htdocs/empaquesys/index.php(44): CodeIgniter\CodeIgniter->run()
#8 {main}
CRITICAL - 2021-08-09 15:45:04 --> Object of class Fpdf\Fpdf could not be converted to string
#0 /Applications/XAMPP/xamppfiles/htdocs/empaquesys/vendor/codeigniter4/framework/system/CodeIgniter.php(929): App\Controllers\Pedidos->pdf()
#1 /Applications/XAMPP/xamppfiles/htdocs/empaquesys/vendor/codeigniter4/framework/system/CodeIgniter.php(437): CodeIgniter\CodeIgniter->runController(Object(App\Controllers\Pedidos))
#2 /Applications/XAMPP/xamppfiles/htdocs/empaquesys/vendor/codeigniter4/framework/system/CodeIgniter.php(337): CodeIgniter\CodeIgniter->handleRequest(NULL, Object(Config\Cache), false)
#3 /Applications/XAMPP/xamppfiles/htdocs/empaquesys/index.php(44): CodeIgniter\CodeIgniter->run()
#4 {main}
CRITICAL - 2021-08-09 15:48:59 --> Object of class Fpdf\Fpdf could not be converted to string
#0 /Applications/XAMPP/xamppfiles/htdocs/empaquesys/vendor/codeigniter4/framework/system/CodeIgniter.php(929): App\Controllers\Pedidos->pdf()
#1 /Applications/XAMPP/xamppfiles/htdocs/empaquesys/vendor/codeigniter4/framework/system/CodeIgniter.php(437): CodeIgniter\CodeIgniter->runController(Object(App\Controllers\Pedidos))
#2 /Applications/XAMPP/xamppfiles/htdocs/empaquesys/vendor/codeigniter4/framework/system/CodeIgniter.php(337): CodeIgniter\CodeIgniter->handleRequest(NULL, Object(Config\Cache), false)
#3 /Applications/XAMPP/xamppfiles/htdocs/empaquesys/index.php(44): CodeIgniter\CodeIgniter->run()
#4 {main}
CRITICAL - 2021-08-09 15:52:30 --> Object of class Fpdf\Fpdf could not be converted to string
#0 /Applications/XAMPP/xamppfiles/htdocs/empaquesys/vendor/codeigniter4/framework/system/CodeIgniter.php(929): App\Controllers\Pedidos->pdf()
#1 /Applications/XAMPP/xamppfiles/htdocs/empaquesys/vendor/codeigniter4/framework/system/CodeIgniter.php(437): CodeIgniter\CodeIgniter->runController(Object(App\Controllers\Pedidos))
#2 /Applications/XAMPP/xamppfiles/htdocs/empaquesys/vendor/codeigniter4/framework/system/CodeIgniter.php(337): CodeIgniter\CodeIgniter->handleRequest(NULL, Object(Config\Cache), false)
#3 /Applications/XAMPP/xamppfiles/htdocs/empaquesys/index.php(44): CodeIgniter\CodeIgniter->run()
#4 {main}
CRITICAL - 2021-08-09 16:17:44 --> fopen(http://192.168.100.29/empaquesys/assets/logo.png): Failed to open stream: HTTP request failed! HTTP/1.1 404 Not Found

#0 [internal function]: CodeIgniter\Debug\Exceptions->errorHandler(2, 'fopen(http://19...', '/Applications/X...', 1259)
#1 /Applications/XAMPP/xamppfiles/htdocs/empaquesys/vendor/fpdf/fpdf/src/Fpdf/Fpdf.php(1259): fopen('http://192.168....', 'rb')
#2 /Applications/XAMPP/xamppfiles/htdocs/empaquesys/vendor/fpdf/fpdf/src/Fpdf/Fpdf.php(887): Fpdf\Fpdf->_parsepng('http://192.168....')
#3 /Applications/XAMPP/xamppfiles/htdocs/empaquesys/app/Controllers/Pedidos.php(232): Fpdf\Fpdf->Image('http://192.168....', NULL, NULL, 180)
#4 /Applications/XAMPP/xamppfiles/htdocs/empaquesys/vendor/codeigniter4/framework/system/CodeIgniter.php(929): App\Controllers\Pedidos->pdf()
#5 /Applications/XAMPP/xamppfiles/htdocs/empaquesys/vendor/codeigniter4/framework/system/CodeIgniter.php(437): CodeIgniter\CodeIgniter->runController(Object(App\Controllers\Pedidos))
#6 /Applications/XAMPP/xamppfiles/htdocs/empaquesys/vendor/codeigniter4/framework/system/CodeIgniter.php(337): CodeIgniter\CodeIgniter->handleRequest(NULL, Object(Config\Cache), false)
#7 /Applications/XAMPP/xamppfiles/htdocs/empaquesys/index.php(44): CodeIgniter\CodeIgniter->run()
#8 {main}
CRITICAL - 2021-08-09 16:19:50 --> fopen(http://192.168.100.29/empaquesys/assets/logo.png): Failed to open stream: HTTP request failed! HTTP/1.1 404 Not Found

#0 [internal function]: CodeIgniter\Debug\Exceptions->errorHandler(2, 'fopen(http://19...', '/Applications/X...', 1259)
#1 /Applications/XAMPP/xamppfiles/htdocs/empaquesys/vendor/fpdf/fpdf/src/Fpdf/Fpdf.php(1259): fopen('http://192.168....', 'rb')
#2 /Applications/XAMPP/xamppfiles/htdocs/empaquesys/vendor/fpdf/fpdf/src/Fpdf/Fpdf.php(887): Fpdf\Fpdf->_parsepng('http://192.168....')
#3 /Applications/XAMPP/xamppfiles/htdocs/empaquesys/app/Controllers/Pedidos.php(232): Fpdf\Fpdf->Image('http://192.168....', NULL, NULL, 180, 'PNG')
#4 /Applications/XAMPP/xamppfiles/htdocs/empaquesys/vendor/codeigniter4/framework/system/CodeIgniter.php(929): App\Controllers\Pedidos->pdf()
#5 /Applications/XAMPP/xamppfiles/htdocs/empaquesys/vendor/codeigniter4/framework/system/CodeIgniter.php(437): CodeIgniter\CodeIgniter->runController(Object(App\Controllers\Pedidos))
#6 /Applications/XAMPP/xamppfiles/htdocs/empaquesys/vendor/codeigniter4/framework/system/CodeIgniter.php(337): CodeIgniter\CodeIgniter->handleRequest(NULL, Object(Config\Cache), false)
#7 /Applications/XAMPP/xamppfiles/htdocs/empaquesys/index.php(44): CodeIgniter\CodeIgniter->run()
#8 {main}
CRITICAL - 2021-08-09 16:20:22 --> fopen(http://192.168.100.29/empaquesys/assets/logo.png): Failed to open stream: HTTP request failed! HTTP/1.1 404 Not Found

#0 [internal function]: CodeIgniter\Debug\Exceptions->errorHandler(2, 'fopen(http://19...', '/Applications/X...', 1259)
#1 /Applications/XAMPP/xamppfiles/htdocs/empaquesys/vendor/fpdf/fpdf/src/Fpdf/Fpdf.php(1259): fopen('http://192.168....', 'rb')
#2 /Applications/XAMPP/xamppfiles/htdocs/empaquesys/vendor/fpdf/fpdf/src/Fpdf/Fpdf.php(887): Fpdf\Fpdf->_parsepng('http://192.168....')
#3 /Applications/XAMPP/xamppfiles/htdocs/empaquesys/app/Controllers/Pedidos.php(232): Fpdf\Fpdf->Image('http://192.168....', 10, 10, -300)
#4 /Applications/XAMPP/xamppfiles/htdocs/empaquesys/vendor/codeigniter4/framework/system/CodeIgniter.php(929): App\Controllers\Pedidos->pdf()
#5 /Applications/XAMPP/xamppfiles/htdocs/empaquesys/vendor/codeigniter4/framework/system/CodeIgniter.php(437): CodeIgniter\CodeIgniter->runController(Object(App\Controllers\Pedidos))
#6 /Applications/XAMPP/xamppfiles/htdocs/empaquesys/vendor/codeigniter4/framework/system/CodeIgniter.php(337): CodeIgniter\CodeIgniter->handleRequest(NULL, Object(Config\Cache), false)
#7 /Applications/XAMPP/xamppfiles/htdocs/empaquesys/index.php(44): CodeIgniter\CodeIgniter->run()
#8 {main}
CRITICAL - 2021-08-09 16:25:00 --> fopen(http://192.168.100.29/empaquesys/assets/logo/logo.png): Failed to open stream: HTTP request failed! HTTP/1.1 404 Not Found

#0 [internal function]: CodeIgniter\Debug\Exceptions->errorHandler(2, 'fopen(http://19...', '/Applications/X...', 1259)
#1 /Applications/XAMPP/xamppfiles/htdocs/empaquesys/vendor/fpdf/fpdf/src/Fpdf/Fpdf.php(1259): fopen('http://192.168....', 'rb')
#2 /Applications/XAMPP/xamppfiles/htdocs/empaquesys/vendor/fpdf/fpdf/src/Fpdf/Fpdf.php(887): Fpdf\Fpdf->_parsepng('http://192.168....')
#3 /Applications/XAMPP/xamppfiles/htdocs/empaquesys/app/Controllers/Pedidos.php(232): Fpdf\Fpdf->Image('http://192.168....', 10, 10, -300)
#4 /Applications/XAMPP/xamppfiles/htdocs/empaquesys/vendor/codeigniter4/framework/system/CodeIgniter.php(929): App\Controllers\Pedidos->pdf()
#5 /Applications/XAMPP/xamppfiles/htdocs/empaquesys/vendor/codeigniter4/framework/system/CodeIgniter.php(437): CodeIgniter\CodeIgniter->runController(Object(App\Controllers\Pedidos))
#6 /Applications/XAMPP/xamppfiles/htdocs/empaquesys/vendor/codeigniter4/framework/system/CodeIgniter.php(337): CodeIgniter\CodeIgniter->handleRequest(NULL, Object(Config\Cache), false)
#7 /Applications/XAMPP/xamppfiles/htdocs/empaquesys/index.php(44): CodeIgniter\CodeIgniter->run()
#8 {main}
CRITICAL - 2021-08-09 16:25:55 --> syntax error, unexpected identifier "base_url", expecting ":"
#0 /Applications/XAMPP/xamppfiles/htdocs/empaquesys/vendor/codeigniter4/framework/system/Router/Router.php(169): CodeIgniter\Router\Router->autoRoute('/Pedidos/pdf')
#1 /Applications/XAMPP/xamppfiles/htdocs/empaquesys/vendor/codeigniter4/framework/system/CodeIgniter.php(810): CodeIgniter\Router\Router->handle('/Pedidos/pdf')
#2 /Applications/XAMPP/xamppfiles/htdocs/empaquesys/vendor/codeigniter4/framework/system/CodeIgniter.php(390): CodeIgniter\CodeIgniter->tryToRouteIt(Object(CodeIgniter\Router\RouteCollection))
#3 /Applications/XAMPP/xamppfiles/htdocs/empaquesys/vendor/codeigniter4/framework/system/CodeIgniter.php(337): CodeIgniter\CodeIgniter->handleRequest(NULL, Object(Config\Cache), false)
#4 /Applications/XAMPP/xamppfiles/htdocs/empaquesys/index.php(44): CodeIgniter\CodeIgniter->run()
#5 {main}
CRITICAL - 2021-08-09 16:26:40 --> getimagesize(http://192.168.100.29/empaquesys/assets/samples/banana.jpg): Failed to open stream: HTTP request failed! HTTP/1.1 404 Not Found

#0 [internal function]: CodeIgniter\Debug\Exceptions->errorHandler(2, 'getimagesize(ht...', '/Applications/X...', 1240)
#1 /Applications/XAMPP/xamppfiles/htdocs/empaquesys/vendor/fpdf/fpdf/src/Fpdf/Fpdf.php(1240): getimagesize('http://192.168....')
#2 /Applications/XAMPP/xamppfiles/htdocs/empaquesys/vendor/fpdf/fpdf/src/Fpdf/Fpdf.php(887): Fpdf\Fpdf->_parsejpg('http://192.168....')
#3 /Applications/XAMPP/xamppfiles/htdocs/empaquesys/app/Controllers/Pedidos.php(232): Fpdf\Fpdf->Image('http://192.168....', 10, 10, -300)
#4 /Applications/XAMPP/xamppfiles/htdocs/empaquesys/vendor/codeigniter4/framework/system/CodeIgniter.php(929): App\Controllers\Pedidos->pdf()
#5 /Applications/XAMPP/xamppfiles/htdocs/empaquesys/vendor/codeigniter4/framework/system/CodeIgniter.php(437): CodeIgniter\CodeIgniter->runController(Object(App\Controllers\Pedidos))
#6 /Applications/XAMPP/xamppfiles/htdocs/empaquesys/vendor/codeigniter4/framework/system/CodeIgniter.php(337): CodeIgniter\CodeIgniter->handleRequest(NULL, Object(Config\Cache), false)
#7 /Applications/XAMPP/xamppfiles/htdocs/empaquesys/index.php(44): CodeIgniter\CodeIgniter->run()
#8 {main}
CRITICAL - 2021-08-09 16:27:17 --> getimagesize(./assets/samples/banana.jpg): Failed to open stream: No such file or directory
#0 [internal function]: CodeIgniter\Debug\Exceptions->errorHandler(2, 'getimagesize(./...', '/Applications/X...', 1240)
#1 /Applications/XAMPP/xamppfiles/htdocs/empaquesys/vendor/fpdf/fpdf/src/Fpdf/Fpdf.php(1240): getimagesize('./assets/sample...')
#2 /Applications/XAMPP/xamppfiles/htdocs/empaquesys/vendor/fpdf/fpdf/src/Fpdf/Fpdf.php(887): Fpdf\Fpdf->_parsejpg('./assets/sample...')
#3 /Applications/XAMPP/xamppfiles/htdocs/empaquesys/app/Controllers/Pedidos.php(232): Fpdf\Fpdf->Image('./assets/sample...', 10, 10, -300)
#4 /Applications/XAMPP/xamppfiles/htdocs/empaquesys/vendor/codeigniter4/framework/system/CodeIgniter.php(929): App\Controllers\Pedidos->pdf()
#5 /Applications/XAMPP/xamppfiles/htdocs/empaquesys/vendor/codeigniter4/framework/system/CodeIgniter.php(437): CodeIgniter\CodeIgniter->runController(Object(App\Controllers\Pedidos))
#6 /Applications/XAMPP/xamppfiles/htdocs/empaquesys/vendor/codeigniter4/framework/system/CodeIgniter.php(337): CodeIgniter\CodeIgniter->handleRequest(NULL, Object(Config\Cache), false)
#7 /Applications/XAMPP/xamppfiles/htdocs/empaquesys/index.php(44): CodeIgniter\CodeIgniter->run()
#8 {main}
CRITICAL - 2021-08-09 16:27:36 --> getimagesize(assets/samples/banana.jpg): Failed to open stream: No such file or directory
#0 [internal function]: CodeIgniter\Debug\Exceptions->errorHandler(2, 'getimagesize(as...', '/Applications/X...', 1240)
#1 /Applications/XAMPP/xamppfiles/htdocs/empaquesys/vendor/fpdf/fpdf/src/Fpdf/Fpdf.php(1240): getimagesize('assets/samples/...')
#2 /Applications/XAMPP/xamppfiles/htdocs/empaquesys/vendor/fpdf/fpdf/src/Fpdf/Fpdf.php(887): Fpdf\Fpdf->_parsejpg('assets/samples/...')
#3 /Applications/XAMPP/xamppfiles/htdocs/empaquesys/app/Controllers/Pedidos.php(232): Fpdf\Fpdf->Image('assets/samples/...', 10, 10, -300)
#4 /Applications/XAMPP/xamppfiles/htdocs/empaquesys/vendor/codeigniter4/framework/system/CodeIgniter.php(929): App\Controllers\Pedidos->pdf()
#5 /Applications/XAMPP/xamppfiles/htdocs/empaquesys/vendor/codeigniter4/framework/system/CodeIgniter.php(437): CodeIgniter\CodeIgniter->runController(Object(App\Controllers\Pedidos))
#6 /Applications/XAMPP/xamppfiles/htdocs/empaquesys/vendor/codeigniter4/framework/system/CodeIgniter.php(337): CodeIgniter\CodeIgniter->handleRequest(NULL, Object(Config\Cache), false)
#7 /Applications/XAMPP/xamppfiles/htdocs/empaquesys/index.php(44): CodeIgniter\CodeIgniter->run()
#8 {main}
CRITICAL - 2021-08-09 16:45:32 --> getimagesize(../assets/samples/banana.jpg): Failed to open stream: No such file or directory
#0 [internal function]: CodeIgniter\Debug\Exceptions->errorHandler(2, 'getimagesize(.....', '/Applications/X...', 1240)
#1 /Applications/XAMPP/xamppfiles/htdocs/empaquesys/vendor/fpdf/fpdf/src/Fpdf/Fpdf.php(1240): getimagesize('../assets/sampl...')
#2 /Applications/XAMPP/xamppfiles/htdocs/empaquesys/vendor/fpdf/fpdf/src/Fpdf/Fpdf.php(887): Fpdf\Fpdf->_parsejpg('../assets/sampl...')
#3 /Applications/XAMPP/xamppfiles/htdocs/empaquesys/app/Controllers/Pedidos.php(232): Fpdf\Fpdf->Image('../assets/sampl...', 10, 10, -300)
#4 /Applications/XAMPP/xamppfiles/htdocs/empaquesys/vendor/codeigniter4/framework/system/CodeIgniter.php(929): App\Controllers\Pedidos->pdf()
#5 /Applications/XAMPP/xamppfiles/htdocs/empaquesys/vendor/codeigniter4/framework/system/CodeIgniter.php(437): CodeIgniter\CodeIgniter->runController(Object(App\Controllers\Pedidos))
#6 /Applications/XAMPP/xamppfiles/htdocs/empaquesys/vendor/codeigniter4/framework/system/CodeIgniter.php(337): CodeIgniter\CodeIgniter->handleRequest(NULL, Object(Config\Cache), false)
#7 /Applications/XAMPP/xamppfiles/htdocs/empaquesys/index.php(44): CodeIgniter\CodeIgniter->run()
#8 {main}
CRITICAL - 2021-08-09 16:45:44 --> getimagesize(././assets/samples/banana.jpg): Failed to open stream: No such file or directory
#0 [internal function]: CodeIgniter\Debug\Exceptions->errorHandler(2, 'getimagesize(./...', '/Applications/X...', 1240)
#1 /Applications/XAMPP/xamppfiles/htdocs/empaquesys/vendor/fpdf/fpdf/src/Fpdf/Fpdf.php(1240): getimagesize('././assets/samp...')
#2 /Applications/XAMPP/xamppfiles/htdocs/empaquesys/vendor/fpdf/fpdf/src/Fpdf/Fpdf.php(887): Fpdf\Fpdf->_parsejpg('././assets/samp...')
#3 /Applications/XAMPP/xamppfiles/htdocs/empaquesys/app/Controllers/Pedidos.php(232): Fpdf\Fpdf->Image('././assets/samp...', 10, 10, -300)
#4 /Applications/XAMPP/xamppfiles/htdocs/empaquesys/vendor/codeigniter4/framework/system/CodeIgniter.php(929): App\Controllers\Pedidos->pdf()
#5 /Applications/XAMPP/xamppfiles/htdocs/empaquesys/vendor/codeigniter4/framework/system/CodeIgniter.php(437): CodeIgniter\CodeIgniter->runController(Object(App\Controllers\Pedidos))
#6 /Applications/XAMPP/xamppfiles/htdocs/empaquesys/vendor/codeigniter4/framework/system/CodeIgniter.php(337): CodeIgniter\CodeIgniter->handleRequest(NULL, Object(Config\Cache), false)
#7 /Applications/XAMPP/xamppfiles/htdocs/empaquesys/index.php(44): CodeIgniter\CodeIgniter->run()
#8 {main}
CRITICAL - 2021-08-09 17:08:48 --> Undefined variable $header
#0 /Applications/XAMPP/xamppfiles/htdocs/empaquesys/app/Controllers/Pedidos.php(222): CodeIgniter\Debug\Exceptions->errorHandler(2, 'Undefined varia...', '/Applications/X...', 222)
#1 /Applications/XAMPP/xamppfiles/htdocs/empaquesys/vendor/codeigniter4/framework/system/CodeIgniter.php(929): App\Controllers\Pedidos->pdf()
#2 /Applications/XAMPP/xamppfiles/htdocs/empaquesys/vendor/codeigniter4/framework/system/CodeIgniter.php(437): CodeIgniter\CodeIgniter->runController(Object(App\Controllers\Pedidos))
#3 /Applications/XAMPP/xamppfiles/htdocs/empaquesys/vendor/codeigniter4/framework/system/CodeIgniter.php(337): CodeIgniter\CodeIgniter->handleRequest(NULL, Object(Config\Cache), false)
#4 /Applications/XAMPP/xamppfiles/htdocs/empaquesys/index.php(44): CodeIgniter\CodeIgniter->run()
#5 {main}
CRITICAL - 2021-08-09 17:13:17 --> syntax error, unexpected token "/"
#0 /Applications/XAMPP/xamppfiles/htdocs/empaquesys/vendor/codeigniter4/framework/system/Router/Router.php(169): CodeIgniter\Router\Router->autoRoute('/Pedidos/pdf')
#1 /Applications/XAMPP/xamppfiles/htdocs/empaquesys/vendor/codeigniter4/framework/system/CodeIgniter.php(810): CodeIgniter\Router\Router->handle('/Pedidos/pdf')
#2 /Applications/XAMPP/xamppfiles/htdocs/empaquesys/vendor/codeigniter4/framework/system/CodeIgniter.php(390): CodeIgniter\CodeIgniter->tryToRouteIt(Object(CodeIgniter\Router\RouteCollection))
#3 /Applications/XAMPP/xamppfiles/htdocs/empaquesys/vendor/codeigniter4/framework/system/CodeIgniter.php(337): CodeIgniter\CodeIgniter->handleRequest(NULL, Object(Config\Cache), false)
#4 /Applications/XAMPP/xamppfiles/htdocs/empaquesys/index.php(44): CodeIgniter\CodeIgniter->run()
#5 {main}
CRITICAL - 2021-08-09 17:13:27 --> fopen(http://192.168.100.29/empaquesysassets/logo/logo.png): Failed to open stream: HTTP request failed! HTTP/1.1 404 Not Found

#0 [internal function]: CodeIgniter\Debug\Exceptions->errorHandler(2, 'fopen(http://19...', '/Applications/X...', 1259)
#1 /Applications/XAMPP/xamppfiles/htdocs/empaquesys/vendor/fpdf/fpdf/src/Fpdf/Fpdf.php(1259): fopen('http://192.168....', 'rb')
#2 /Applications/XAMPP/xamppfiles/htdocs/empaquesys/vendor/fpdf/fpdf/src/Fpdf/Fpdf.php(887): Fpdf\Fpdf->_parsepng('http://192.168....')
#3 /Applications/XAMPP/xamppfiles/htdocs/empaquesys/app/Controllers/Pedidos.php(234): Fpdf\Fpdf->Image('http://192.168....', 185, 10, 20, 20, 'png')
#4 /Applications/XAMPP/xamppfiles/htdocs/empaquesys/vendor/codeigniter4/framework/system/CodeIgniter.php(929): App\Controllers\Pedidos->pdf()
#5 /Applications/XAMPP/xamppfiles/htdocs/empaquesys/vendor/codeigniter4/framework/system/CodeIgniter.php(437): CodeIgniter\CodeIgniter->runController(Object(App\Controllers\Pedidos))
#6 /Applications/XAMPP/xamppfiles/htdocs/empaquesys/vendor/codeigniter4/framework/system/CodeIgniter.php(337): CodeIgniter\CodeIgniter->handleRequest(NULL, Object(Config\Cache), false)
#7 /Applications/XAMPP/xamppfiles/htdocs/empaquesys/index.php(44): CodeIgniter\CodeIgniter->run()
#8 {main}
CRITICAL - 2021-08-09 17:37:32 --> syntax error, unexpected token ","
#0 /Applications/XAMPP/xamppfiles/htdocs/empaquesys/vendor/codeigniter4/framework/system/Router/Router.php(169): CodeIgniter\Router\Router->autoRoute('/Pedidos/pdf')
#1 /Applications/XAMPP/xamppfiles/htdocs/empaquesys/vendor/codeigniter4/framework/system/CodeIgniter.php(810): CodeIgniter\Router\Router->handle('/Pedidos/pdf')
#2 /Applications/XAMPP/xamppfiles/htdocs/empaquesys/vendor/codeigniter4/framework/system/CodeIgniter.php(390): CodeIgniter\CodeIgniter->tryToRouteIt(Object(CodeIgniter\Router\RouteCollection))
#3 /Applications/XAMPP/xamppfiles/htdocs/empaquesys/vendor/codeigniter4/framework/system/CodeIgniter.php(337): CodeIgniter\CodeIgniter->handleRequest(NULL, Object(Config\Cache), false)
#4 /Applications/XAMPP/xamppfiles/htdocs/empaquesys/index.php(44): CodeIgniter\CodeIgniter->run()
#5 {main}
CRITICAL - 2021-08-09 17:55:21 --> fopen(http://192.168.100.29/empaquesys/assets/logo/logo.png): Failed to open stream: HTTP request failed! HTTP/1.1 404 Not Found

#0 [internal function]: CodeIgniter\Debug\Exceptions->errorHandler(2, 'fopen(http://19...', '/Applications/X...', 1259)
#1 /Applications/XAMPP/xamppfiles/htdocs/empaquesys/vendor/fpdf/fpdf/src/Fpdf/Fpdf.php(1259): fopen('http://192.168....', 'rb')
#2 /Applications/XAMPP/xamppfiles/htdocs/empaquesys/vendor/fpdf/fpdf/src/Fpdf/Fpdf.php(887): Fpdf\Fpdf->_parsepng('http://192.168....')
#3 /Applications/XAMPP/xamppfiles/htdocs/empaquesys/app/Controllers/Pedidos.php(220): Fpdf\Fpdf->Image('http://192.168....', 185, 10, 20, 20, 'png')
#4 /Applications/XAMPP/xamppfiles/htdocs/empaquesys/vendor/codeigniter4/framework/system/CodeIgniter.php(929): App\Controllers\Pedidos->pdf()
#5 /Applications/XAMPP/xamppfiles/htdocs/empaquesys/vendor/codeigniter4/framework/system/CodeIgniter.php(437): CodeIgniter\CodeIgniter->runController(Object(App\Controllers\Pedidos))
#6 /Applications/XAMPP/xamppfiles/htdocs/empaquesys/vendor/codeigniter4/framework/system/CodeIgniter.php(337): CodeIgniter\CodeIgniter->handleRequest(NULL, Object(Config\Cache), false)
#7 /Applications/XAMPP/xamppfiles/htdocs/empaquesys/index.php(44): CodeIgniter\CodeIgniter->run()
#8 {main}
CRITICAL - 2021-08-09 17:57:00 --> fopen(http://192.168.100.29/empaquesys/logo/logo.png): Failed to open stream: HTTP request failed! HTTP/1.1 404 Not Found

#0 [internal function]: CodeIgniter\Debug\Exceptions->errorHandler(2, 'fopen(http://19...', '/Applications/X...', 1259)
#1 /Applications/XAMPP/xamppfiles/htdocs/empaquesys/vendor/fpdf/fpdf/src/Fpdf/Fpdf.php(1259): fopen('http://192.168....', 'rb')
#2 /Applications/XAMPP/xamppfiles/htdocs/empaquesys/vendor/fpdf/fpdf/src/Fpdf/Fpdf.php(887): Fpdf\Fpdf->_parsepng('http://192.168....')
#3 /Applications/XAMPP/xamppfiles/htdocs/empaquesys/app/Controllers/Pedidos.php(220): Fpdf\Fpdf->Image('http://192.168....', 185, 10, 20, 20, 'png')
#4 /Applications/XAMPP/xamppfiles/htdocs/empaquesys/vendor/codeigniter4/framework/system/CodeIgniter.php(929): App\Controllers\Pedidos->pdf()
#5 /Applications/XAMPP/xamppfiles/htdocs/empaquesys/vendor/codeigniter4/framework/system/CodeIgniter.php(437): CodeIgniter\CodeIgniter->runController(Object(App\Controllers\Pedidos))
#6 /Applications/XAMPP/xamppfiles/htdocs/empaquesys/vendor/codeigniter4/framework/system/CodeIgniter.php(337): CodeIgniter\CodeIgniter->handleRequest(NULL, Object(Config\Cache), false)
#7 /Applications/XAMPP/xamppfiles/htdocs/empaquesys/index.php(44): CodeIgniter\CodeIgniter->run()
#8 {main}
CRITICAL - 2021-08-09 18:01:41 --> fopen(http://192.168.100.29/empaquesys/assets/logo/logo.png): Failed to open stream: HTTP request failed! HTTP/1.1 404 Not Found

#0 [internal function]: CodeIgniter\Debug\Exceptions->errorHandler(2, 'fopen(http://19...', '/Applications/X...', 1259)
#1 /Applications/XAMPP/xamppfiles/htdocs/empaquesys/vendor/fpdf/fpdf/src/Fpdf/Fpdf.php(1259): fopen('http://192.168....', 'rb')
#2 /Applications/XAMPP/xamppfiles/htdocs/empaquesys/vendor/fpdf/fpdf/src/Fpdf/Fpdf.php(887): Fpdf\Fpdf->_parsepng('http://192.168....')
#3 /Applications/XAMPP/xamppfiles/htdocs/empaquesys/app/Controllers/Pedidos.php(220): Fpdf\Fpdf->Image('http://192.168....', 185, 10, 20, 20, 'png')
#4 /Applications/XAMPP/xamppfiles/htdocs/empaquesys/vendor/codeigniter4/framework/system/CodeIgniter.php(929): App\Controllers\Pedidos->pdf()
#5 /Applications/XAMPP/xamppfiles/htdocs/empaquesys/vendor/codeigniter4/framework/system/CodeIgniter.php(437): CodeIgniter\CodeIgniter->runController(Object(App\Controllers\Pedidos))
#6 /Applications/XAMPP/xamppfiles/htdocs/empaquesys/vendor/codeigniter4/framework/system/CodeIgniter.php(337): CodeIgniter\CodeIgniter->handleRequest(NULL, Object(Config\Cache), false)
#7 /Applications/XAMPP/xamppfiles/htdocs/empaquesys/index.php(44): CodeIgniter\CodeIgniter->run()
#8 {main}
CRITICAL - 2021-08-09 18:18:09 --> Call to undefined method App\Controllers\Pedidos::SetY()
#0 /Applications/XAMPP/xamppfiles/htdocs/empaquesys/vendor/codeigniter4/framework/system/CodeIgniter.php(929): App\Controllers\Pedidos->pdf()
#1 /Applications/XAMPP/xamppfiles/htdocs/empaquesys/vendor/codeigniter4/framework/system/CodeIgniter.php(437): CodeIgniter\CodeIgniter->runController(Object(App\Controllers\Pedidos))
#2 /Applications/XAMPP/xamppfiles/htdocs/empaquesys/vendor/codeigniter4/framework/system/CodeIgniter.php(337): CodeIgniter\CodeIgniter->handleRequest(NULL, Object(Config\Cache), false)
#3 /Applications/XAMPP/xamppfiles/htdocs/empaquesys/index.php(44): CodeIgniter\CodeIgniter->run()
#4 {main}
