CRITICAL - 2021-08-23 20:13:18 --> Undefined property: stdClass::$total
#0 C:\xampp\htdocs\empaquesys\app\Controllers\Rastreo.php(513): CodeIgniter\Debug\Exceptions->errorHandler(2, 'Undefined prope...', 'C:\\xampp\\htdocs...', 513)
#1 C:\xampp\htdocs\empaquesys\vendor\codeigniter4\framework\system\CodeIgniter.php(929): App\Controllers\Rastreo->pdf('2')
#2 C:\xampp\htdocs\empaquesys\vendor\codeigniter4\framework\system\CodeIgniter.php(437): CodeIgniter\CodeIgniter->runController(Object(App\Controllers\Rastreo))
#3 C:\xampp\htdocs\empaquesys\vendor\codeigniter4\framework\system\CodeIgniter.php(337): CodeIgniter\CodeIgniter->handleRequest(NULL, Object(Config\Cache), false)
#4 C:\xampp\htdocs\empaquesys\index.php(44): CodeIgniter\CodeIgniter->run()
#5 {main}
CRITICAL - 2021-08-23 20:45:01 --> syntax error, unexpected token ";"
#0 C:\xampp\htdocs\empaquesys\vendor\codeigniter4\framework\system\View\View.php(232): CodeIgniter\View\View->CodeIgniter\View\{closure}()
#1 C:\xampp\htdocs\empaquesys\vendor\codeigniter4\framework\system\Common.php(1271): CodeIgniter\View\View->render('Embarques/Vadde...', Array, true)
#2 C:\xampp\htdocs\empaquesys\app\Controllers\Embarques.php(25): view('Embarques/Vadde...')
#3 C:\xampp\htdocs\empaquesys\vendor\codeigniter4\framework\system\CodeIgniter.php(929): App\Controllers\Embarques->Agregarembarque()
#4 C:\xampp\htdocs\empaquesys\vendor\codeigniter4\framework\system\CodeIgniter.php(437): CodeIgniter\CodeIgniter->runController(Object(App\Controllers\Embarques))
#5 C:\xampp\htdocs\empaquesys\vendor\codeigniter4\framework\system\CodeIgniter.php(337): CodeIgniter\CodeIgniter->handleRequest(NULL, Object(Config\Cache), false)
#6 C:\xampp\htdocs\empaquesys\index.php(44): CodeIgniter\CodeIgniter->run()
#7 {main}
CRITICAL - 2021-08-23 22:02:29 --> Class "App\Controllers\Membarques" not found
#0 C:\xampp\htdocs\empaquesys\vendor\codeigniter4\framework\system\CodeIgniter.php(929): App\Controllers\Embarques->insertarhembarque()
#1 C:\xampp\htdocs\empaquesys\vendor\codeigniter4\framework\system\CodeIgniter.php(437): CodeIgniter\CodeIgniter->runController(Object(App\Controllers\Embarques))
#2 C:\xampp\htdocs\empaquesys\vendor\codeigniter4\framework\system\CodeIgniter.php(337): CodeIgniter\CodeIgniter->handleRequest(NULL, Object(Config\Cache), false)
#3 C:\xampp\htdocs\empaquesys\index.php(44): CodeIgniter\CodeIgniter->run()
#4 {main}
CRITICAL - 2021-08-23 22:10:26 --> syntax error, unexpected token ";", expecting ")"
#0 C:\xampp\htdocs\empaquesys\vendor\codeigniter4\framework\system\Router\Router.php(169): CodeIgniter\Router\Router->autoRoute('/Embarques/Agre...')
#1 C:\xampp\htdocs\empaquesys\vendor\codeigniter4\framework\system\CodeIgniter.php(810): CodeIgniter\Router\Router->handle('/Embarques/Agre...')
#2 C:\xampp\htdocs\empaquesys\vendor\codeigniter4\framework\system\CodeIgniter.php(390): CodeIgniter\CodeIgniter->tryToRouteIt(Object(CodeIgniter\Router\RouteCollection))
#3 C:\xampp\htdocs\empaquesys\vendor\codeigniter4\framework\system\CodeIgniter.php(337): CodeIgniter\CodeIgniter->handleRequest(NULL, Object(Config\Cache), false)
#4 C:\xampp\htdocs\empaquesys\index.php(44): CodeIgniter\CodeIgniter->run()
#5 {main}
CRITICAL - 2021-08-23 22:10:45 --> Too few arguments to function App\Models\Membarques::listarhembarques(), 0 passed in C:\xampp\htdocs\empaquesys\app\Controllers\Embarques.php on line 26 and exactly 1 expected
#0 C:\xampp\htdocs\empaquesys\app\Controllers\Embarques.php(26): App\Models\Membarques->listarhembarques()
#1 C:\xampp\htdocs\empaquesys\vendor\codeigniter4\framework\system\CodeIgniter.php(929): App\Controllers\Embarques->Agregarembarque()
#2 C:\xampp\htdocs\empaquesys\vendor\codeigniter4\framework\system\CodeIgniter.php(437): CodeIgniter\CodeIgniter->runController(Object(App\Controllers\Embarques))
#3 C:\xampp\htdocs\empaquesys\vendor\codeigniter4\framework\system\CodeIgniter.php(337): CodeIgniter\CodeIgniter->handleRequest(NULL, Object(Config\Cache), false)
#4 C:\xampp\htdocs\empaquesys\index.php(44): CodeIgniter\CodeIgniter->run()
#5 {main}
CRITICAL - 2021-08-23 22:11:11 --> Undefined property: stdClass::$fecha
#0 C:\xampp\htdocs\empaquesys\app\Views\Embarques\Vaddembarques.php(75): CodeIgniter\Debug\Exceptions->errorHandler(2, 'Undefined prope...', 'C:\\xampp\\htdocs...', 75)
#1 C:\xampp\htdocs\empaquesys\vendor\codeigniter4\framework\system\View\View.php(230): include('C:\\xampp\\htdocs...')
#2 C:\xampp\htdocs\empaquesys\vendor\codeigniter4\framework\system\View\View.php(232): CodeIgniter\View\View->CodeIgniter\View\{closure}()
#3 C:\xampp\htdocs\empaquesys\vendor\codeigniter4\framework\system\Common.php(1271): CodeIgniter\View\View->render('Embarques/Vadde...', Array, true)
#4 C:\xampp\htdocs\empaquesys\app\Controllers\Embarques.php(29): view('Embarques/Vadde...', Array)
#5 C:\xampp\htdocs\empaquesys\vendor\codeigniter4\framework\system\CodeIgniter.php(929): App\Controllers\Embarques->Agregarembarque()
#6 C:\xampp\htdocs\empaquesys\vendor\codeigniter4\framework\system\CodeIgniter.php(437): CodeIgniter\CodeIgniter->runController(Object(App\Controllers\Embarques))
#7 C:\xampp\htdocs\empaquesys\vendor\codeigniter4\framework\system\CodeIgniter.php(337): CodeIgniter\CodeIgniter->handleRequest(NULL, Object(Config\Cache), false)
#8 C:\xampp\htdocs\empaquesys\index.php(44): CodeIgniter\CodeIgniter->run()
#9 {main}
CRITICAL - 2021-08-23 22:11:32 --> Undefined property: stdClass::$destino
#0 C:\xampp\htdocs\empaquesys\app\Views\Embarques\Vaddembarques.php(77): CodeIgniter\Debug\Exceptions->errorHandler(2, 'Undefined prope...', 'C:\\xampp\\htdocs...', 77)
#1 C:\xampp\htdocs\empaquesys\vendor\codeigniter4\framework\system\View\View.php(230): include('C:\\xampp\\htdocs...')
#2 C:\xampp\htdocs\empaquesys\vendor\codeigniter4\framework\system\View\View.php(232): CodeIgniter\View\View->CodeIgniter\View\{closure}()
#3 C:\xampp\htdocs\empaquesys\vendor\codeigniter4\framework\system\Common.php(1271): CodeIgniter\View\View->render('Embarques/Vadde...', Array, true)
#4 C:\xampp\htdocs\empaquesys\app\Controllers\Embarques.php(29): view('Embarques/Vadde...', Array)
#5 C:\xampp\htdocs\empaquesys\vendor\codeigniter4\framework\system\CodeIgniter.php(929): App\Controllers\Embarques->Agregarembarque()
#6 C:\xampp\htdocs\empaquesys\vendor\codeigniter4\framework\system\CodeIgniter.php(437): CodeIgniter\CodeIgniter->runController(Object(App\Controllers\Embarques))
#7 C:\xampp\htdocs\empaquesys\vendor\codeigniter4\framework\system\CodeIgniter.php(337): CodeIgniter\CodeIgniter->handleRequest(NULL, Object(Config\Cache), false)
#8 C:\xampp\htdocs\empaquesys\index.php(44): CodeIgniter\CodeIgniter->run()
#9 {main}
CRITICAL - 2021-08-23 22:16:50 --> Too few arguments to function App\Controllers\Rastreo::Obtenerhrastreo(), 0 passed in C:\xampp\htdocs\empaquesys\vendor\codeigniter4\framework\system\CodeIgniter.php on line 929 and exactly 1 expected
#0 C:\xampp\htdocs\empaquesys\vendor\codeigniter4\framework\system\CodeIgniter.php(929): App\Controllers\Rastreo->Obtenerhrastreo()
#1 C:\xampp\htdocs\empaquesys\vendor\codeigniter4\framework\system\CodeIgniter.php(437): CodeIgniter\CodeIgniter->runController(Object(App\Controllers\Rastreo))
#2 C:\xampp\htdocs\empaquesys\vendor\codeigniter4\framework\system\CodeIgniter.php(337): CodeIgniter\CodeIgniter->handleRequest(NULL, Object(Config\Cache), false)
#3 C:\xampp\htdocs\empaquesys\index.php(44): CodeIgniter\CodeIgniter->run()
#4 {main}
CRITICAL - 2021-08-23 22:17:18 --> Too few arguments to function App\Controllers\Rastreo::Obtenerhrastreo(), 0 passed in C:\xampp\htdocs\empaquesys\vendor\codeigniter4\framework\system\CodeIgniter.php on line 929 and exactly 1 expected
#0 C:\xampp\htdocs\empaquesys\vendor\codeigniter4\framework\system\CodeIgniter.php(929): App\Controllers\Rastreo->Obtenerhrastreo()
#1 C:\xampp\htdocs\empaquesys\vendor\codeigniter4\framework\system\CodeIgniter.php(437): CodeIgniter\CodeIgniter->runController(Object(App\Controllers\Rastreo))
#2 C:\xampp\htdocs\empaquesys\vendor\codeigniter4\framework\system\CodeIgniter.php(337): CodeIgniter\CodeIgniter->handleRequest(NULL, Object(Config\Cache), false)
#3 C:\xampp\htdocs\empaquesys\index.php(44): CodeIgniter\CodeIgniter->run()
#4 {main}
CRITICAL - 2021-08-23 22:18:14 --> Too few arguments to function App\Controllers\Rastreo::Obtenerhrastreo(), 0 passed in C:\xampp\htdocs\empaquesys\vendor\codeigniter4\framework\system\CodeIgniter.php on line 929 and exactly 1 expected
#0 C:\xampp\htdocs\empaquesys\vendor\codeigniter4\framework\system\CodeIgniter.php(929): App\Controllers\Rastreo->Obtenerhrastreo()
#1 C:\xampp\htdocs\empaquesys\vendor\codeigniter4\framework\system\CodeIgniter.php(437): CodeIgniter\CodeIgniter->runController(Object(App\Controllers\Rastreo))
#2 C:\xampp\htdocs\empaquesys\vendor\codeigniter4\framework\system\CodeIgniter.php(337): CodeIgniter\CodeIgniter->handleRequest(NULL, Object(Config\Cache), false)
#3 C:\xampp\htdocs\empaquesys\index.php(44): CodeIgniter\CodeIgniter->run()
#4 {main}
CRITICAL - 2021-08-23 22:19:56 --> Too few arguments to function App\Controllers\Rastreo::Obtenerhrastreo(), 0 passed in C:\xampp\htdocs\empaquesys\vendor\codeigniter4\framework\system\CodeIgniter.php on line 929 and exactly 1 expected
#0 C:\xampp\htdocs\empaquesys\vendor\codeigniter4\framework\system\CodeIgniter.php(929): App\Controllers\Rastreo->Obtenerhrastreo()
#1 C:\xampp\htdocs\empaquesys\vendor\codeigniter4\framework\system\CodeIgniter.php(437): CodeIgniter\CodeIgniter->runController(Object(App\Controllers\Rastreo))
#2 C:\xampp\htdocs\empaquesys\vendor\codeigniter4\framework\system\CodeIgniter.php(337): CodeIgniter\CodeIgniter->handleRequest(NULL, Object(Config\Cache), false)
#3 C:\xampp\htdocs\empaquesys\index.php(44): CodeIgniter\CodeIgniter->run()
#4 {main}
