CRITICAL - 2021-07-30 00:15:10 --> Undefined variable $_post
#0 /Applications/XAMPP/xamppfiles/htdocs/empaquesys/app/Controllers/Pedidos.php(32): CodeIgniter\Debug\Exceptions->errorHandler(2, 'Undefined varia...', '/Applications/X...', 32)
#1 /Applications/XAMPP/xamppfiles/htdocs/empaquesys/vendor/codeigniter4/framework/system/CodeIgniter.php(929): App\Controllers\Pedidos->Insertar()
#2 /Applications/XAMPP/xamppfiles/htdocs/empaquesys/vendor/codeigniter4/framework/system/CodeIgniter.php(437): CodeIgniter\CodeIgniter->runController(Object(App\Controllers\Pedidos))
#3 /Applications/XAMPP/xamppfiles/htdocs/empaquesys/vendor/codeigniter4/framework/system/CodeIgniter.php(337): CodeIgniter\CodeIgniter->handleRequest(NULL, Object(Config\Cache), false)
#4 /Applications/XAMPP/xamppfiles/htdocs/empaquesys/index.php(44): CodeIgniter\CodeIgniter->run()
#5 {main}
ERROR - 2021-07-30 01:13:11 --> Unknown column 'capuchon' in 'field list'
CRITICAL - 2021-07-30 01:13:11 --> Unknown column 'capuchon' in 'field list'
#0 /Applications/XAMPP/xamppfiles/htdocs/empaquesys/vendor/codeigniter4/framework/system/Database/MySQLi/Connection.php(329): mysqli->query('INSERT INTO `t_...')
#1 /Applications/XAMPP/xamppfiles/htdocs/empaquesys/vendor/codeigniter4/framework/system/Database/BaseConnection.php(732): CodeIgniter\Database\MySQLi\Connection->execute('INSERT INTO `t_...')
#2 /Applications/XAMPP/xamppfiles/htdocs/empaquesys/vendor/codeigniter4/framework/system/Database/BaseConnection.php(647): CodeIgniter\Database\BaseConnection->simpleQuery('INSERT INTO `t_...')
#3 /Applications/XAMPP/xamppfiles/htdocs/empaquesys/vendor/codeigniter4/framework/system/Database/BaseBuilder.php(2277): CodeIgniter\Database\BaseConnection->query('INSERT INTO `t_...', Array, false)
#4 /Applications/XAMPP/xamppfiles/htdocs/empaquesys/app/Models/Mpedidos.php(15): CodeIgniter\Database\BaseBuilder->insert(Array)
#5 /Applications/XAMPP/xamppfiles/htdocs/empaquesys/app/Controllers/Pedidos.php(52): App\Models\Mpedidos->insertar_datos(Array)
#6 /Applications/XAMPP/xamppfiles/htdocs/empaquesys/vendor/codeigniter4/framework/system/CodeIgniter.php(929): App\Controllers\Pedidos->Insertar()
#7 /Applications/XAMPP/xamppfiles/htdocs/empaquesys/vendor/codeigniter4/framework/system/CodeIgniter.php(437): CodeIgniter\CodeIgniter->runController(Object(App\Controllers\Pedidos))
#8 /Applications/XAMPP/xamppfiles/htdocs/empaquesys/vendor/codeigniter4/framework/system/CodeIgniter.php(337): CodeIgniter\CodeIgniter->handleRequest(NULL, Object(Config\Cache), false)
#9 /Applications/XAMPP/xamppfiles/htdocs/empaquesys/index.php(44): CodeIgniter\CodeIgniter->run()
#10 {main}
CRITICAL - 2021-07-30 01:43:56 --> Undefined variable $session
#0 /Applications/XAMPP/xamppfiles/htdocs/empaquesys/app/Views/Footers/Foot.php(22): CodeIgniter\Debug\Exceptions->errorHandler(2, 'Undefined varia...', '/Applications/X...', 22)
#1 /Applications/XAMPP/xamppfiles/htdocs/empaquesys/vendor/codeigniter4/framework/system/View/View.php(230): include('/Applications/X...')
#2 /Applications/XAMPP/xamppfiles/htdocs/empaquesys/vendor/codeigniter4/framework/system/View/View.php(232): CodeIgniter\View\View->CodeIgniter\View\{closure}()
#3 /Applications/XAMPP/xamppfiles/htdocs/empaquesys/vendor/codeigniter4/framework/system/Common.php(1271): CodeIgniter\View\View->render('Footers/Foot', Array, true)
#4 /Applications/XAMPP/xamppfiles/htdocs/empaquesys/app/Controllers/Pedidos.php(18): view('Footers/Foot')
#5 /Applications/XAMPP/xamppfiles/htdocs/empaquesys/vendor/codeigniter4/framework/system/CodeIgniter.php(929): App\Controllers\Pedidos->index()
#6 /Applications/XAMPP/xamppfiles/htdocs/empaquesys/vendor/codeigniter4/framework/system/CodeIgniter.php(437): CodeIgniter\CodeIgniter->runController(Object(App\Controllers\Pedidos))
#7 /Applications/XAMPP/xamppfiles/htdocs/empaquesys/vendor/codeigniter4/framework/system/CodeIgniter.php(337): CodeIgniter\CodeIgniter->handleRequest(NULL, Object(Config\Cache), false)
#8 /Applications/XAMPP/xamppfiles/htdocs/empaquesys/index.php(44): CodeIgniter\CodeIgniter->run()
#9 {main}
CRITICAL - 2021-07-30 01:45:13 --> Undefined variable $session
#0 /Applications/XAMPP/xamppfiles/htdocs/empaquesys/app/Views/Footers/Foot.php(22): CodeIgniter\Debug\Exceptions->errorHandler(2, 'Undefined varia...', '/Applications/X...', 22)
#1 /Applications/XAMPP/xamppfiles/htdocs/empaquesys/vendor/codeigniter4/framework/system/View/View.php(230): include('/Applications/X...')
#2 /Applications/XAMPP/xamppfiles/htdocs/empaquesys/vendor/codeigniter4/framework/system/View/View.php(232): CodeIgniter\View\View->CodeIgniter\View\{closure}()
#3 /Applications/XAMPP/xamppfiles/htdocs/empaquesys/vendor/codeigniter4/framework/system/Common.php(1271): CodeIgniter\View\View->render('Footers/Foot', Array, true)
#4 /Applications/XAMPP/xamppfiles/htdocs/empaquesys/app/Controllers/Pedidos.php(18): view('Footers/Foot')
#5 /Applications/XAMPP/xamppfiles/htdocs/empaquesys/vendor/codeigniter4/framework/system/CodeIgniter.php(929): App\Controllers\Pedidos->index()
#6 /Applications/XAMPP/xamppfiles/htdocs/empaquesys/vendor/codeigniter4/framework/system/CodeIgniter.php(437): CodeIgniter\CodeIgniter->runController(Object(App\Controllers\Pedidos))
#7 /Applications/XAMPP/xamppfiles/htdocs/empaquesys/vendor/codeigniter4/framework/system/CodeIgniter.php(337): CodeIgniter\CodeIgniter->handleRequest(NULL, Object(Config\Cache), false)
#8 /Applications/XAMPP/xamppfiles/htdocs/empaquesys/index.php(44): CodeIgniter\CodeIgniter->run()
#9 {main}
