CRITICAL - 2021-09-14 02:14:26 --> Archivo inválido: Usuarios/VaddUssuarios.php
#0 C:\xampp\htdocs\empaquesys\vendor\codeigniter4\framework\system\View\View.php(213): CodeIgniter\Exceptions\FrameworkException::forInvalidFile('Usuarios/VaddUs...')
#1 C:\xampp\htdocs\empaquesys\vendor\codeigniter4\framework\system\Common.php(1271): CodeIgniter\View\View->render('Usuarios/VaddUs...', Array, true)
#2 C:\xampp\htdocs\empaquesys\app\Controllers\Usuarios.php(24): view('Usuarios/VaddUs...')
#3 C:\xampp\htdocs\empaquesys\vendor\codeigniter4\framework\system\CodeIgniter.php(929): App\Controllers\Usuarios->AgregarUsuario()
#4 C:\xampp\htdocs\empaquesys\vendor\codeigniter4\framework\system\CodeIgniter.php(437): CodeIgniter\CodeIgniter->runController(Object(App\Controllers\Usuarios))
#5 C:\xampp\htdocs\empaquesys\vendor\codeigniter4\framework\system\CodeIgniter.php(337): CodeIgniter\CodeIgniter->handleRequest(NULL, Object(Config\Cache), false)
#6 C:\xampp\htdocs\empaquesys\index.php(44): CodeIgniter\CodeIgniter->run()
#7 {main}
ERROR - 2021-09-14 02:43:41 --> Column 'pedido' cannot be null
CRITICAL - 2021-09-14 02:43:41 --> Column 'pedido' cannot be null
#0 C:\xampp\htdocs\empaquesys\vendor\codeigniter4\framework\system\Database\MySQLi\Connection.php(329): mysqli->query('INSERT INTO `t_...')
#1 C:\xampp\htdocs\empaquesys\vendor\codeigniter4\framework\system\Database\BaseConnection.php(732): CodeIgniter\Database\MySQLi\Connection->execute('INSERT INTO `t_...')
#2 C:\xampp\htdocs\empaquesys\vendor\codeigniter4\framework\system\Database\BaseConnection.php(647): CodeIgniter\Database\BaseConnection->simpleQuery('INSERT INTO `t_...')
#3 C:\xampp\htdocs\empaquesys\vendor\codeigniter4\framework\system\Database\BaseBuilder.php(2277): CodeIgniter\Database\BaseConnection->query('INSERT INTO `t_...', Array, false)
#4 C:\xampp\htdocs\empaquesys\app\Models\Membarques.php(46): CodeIgniter\Database\BaseBuilder->insert(Array)
#5 C:\xampp\htdocs\empaquesys\app\Controllers\Embarques.php(119): App\Models\Membarques->insertar_datos_pallet(Array)
#6 C:\xampp\htdocs\empaquesys\vendor\codeigniter4\framework\system\CodeIgniter.php(929): App\Controllers\Embarques->Insertarpallet()
#7 C:\xampp\htdocs\empaquesys\vendor\codeigniter4\framework\system\CodeIgniter.php(437): CodeIgniter\CodeIgniter->runController(Object(App\Controllers\Embarques))
#8 C:\xampp\htdocs\empaquesys\vendor\codeigniter4\framework\system\CodeIgniter.php(337): CodeIgniter\CodeIgniter->handleRequest(NULL, Object(Config\Cache), false)
#9 C:\xampp\htdocs\empaquesys\index.php(44): CodeIgniter\CodeIgniter->run()
#10 {main}
CRITICAL - 2021-09-14 03:06:31 --> You must set the database table to be used with your query.
#0 C:\xampp\htdocs\empaquesys\vendor\codeigniter4\framework\system\Model.php(602): CodeIgniter\Database\BaseConnection->table(NULL)
#1 C:\xampp\htdocs\empaquesys\vendor\codeigniter4\framework\system\Model.php(798): CodeIgniter\Model->builder()
#2 C:\xampp\htdocs\empaquesys\app\Controllers\Usuarios.php(81): CodeIgniter\Model->__call('usuariobtener', Array)
#3 C:\xampp\htdocs\empaquesys\vendor\codeigniter4\framework\system\CodeIgniter.php(929): App\Controllers\Usuarios->Obtenerusuario('7')
#4 C:\xampp\htdocs\empaquesys\vendor\codeigniter4\framework\system\CodeIgniter.php(437): CodeIgniter\CodeIgniter->runController(Object(App\Controllers\Usuarios))
#5 C:\xampp\htdocs\empaquesys\vendor\codeigniter4\framework\system\CodeIgniter.php(337): CodeIgniter\CodeIgniter->handleRequest(NULL, Object(Config\Cache), false)
#6 C:\xampp\htdocs\empaquesys\index.php(44): CodeIgniter\CodeIgniter->run()
#7 {main}
CRITICAL - 2021-09-14 03:18:35 --> You must set the database table to be used with your query.
#0 C:\xampp\htdocs\empaquesys\vendor\codeigniter4\framework\system\Model.php(602): CodeIgniter\Database\BaseConnection->table(NULL)
#1 C:\xampp\htdocs\empaquesys\vendor\codeigniter4\framework\system\Model.php(798): CodeIgniter\Model->builder()
#2 C:\xampp\htdocs\empaquesys\app\Controllers\Usuarios.php(104): CodeIgniter\Model->__call('Actualizarpedid...', Array)
#3 C:\xampp\htdocs\empaquesys\vendor\codeigniter4\framework\system\CodeIgniter.php(929): App\Controllers\Usuarios->Actualizar()
#4 C:\xampp\htdocs\empaquesys\vendor\codeigniter4\framework\system\CodeIgniter.php(437): CodeIgniter\CodeIgniter->runController(Object(App\Controllers\Usuarios))
#5 C:\xampp\htdocs\empaquesys\vendor\codeigniter4\framework\system\CodeIgniter.php(337): CodeIgniter\CodeIgniter->handleRequest(NULL, Object(Config\Cache), false)
#6 C:\xampp\htdocs\empaquesys\index.php(44): CodeIgniter\CodeIgniter->run()
#7 {main}
CRITICAL - 2021-09-14 03:34:31 --> Undefined variable $type
#0 C:\xampp\htdocs\empaquesys\app\Views\Headers\Head.php(49): CodeIgniter\Debug\Exceptions->errorHandler(2, 'Undefined varia...', 'C:\\xampp\\htdocs...', 49)
#1 C:\xampp\htdocs\empaquesys\vendor\codeigniter4\framework\system\View\View.php(230): include('C:\\xampp\\htdocs...')
#2 C:\xampp\htdocs\empaquesys\vendor\codeigniter4\framework\system\View\View.php(232): CodeIgniter\View\View->CodeIgniter\View\{closure}()
#3 C:\xampp\htdocs\empaquesys\vendor\codeigniter4\framework\system\Common.php(1271): CodeIgniter\View\View->render('Headers/Head', Array, true)
#4 C:\xampp\htdocs\empaquesys\app\Controllers\Home.php(12): view('Headers/Head', Array)
#5 C:\xampp\htdocs\empaquesys\vendor\codeigniter4\framework\system\CodeIgniter.php(929): App\Controllers\Home->index()
#6 C:\xampp\htdocs\empaquesys\vendor\codeigniter4\framework\system\CodeIgniter.php(437): CodeIgniter\CodeIgniter->runController(Object(App\Controllers\Home))
#7 C:\xampp\htdocs\empaquesys\vendor\codeigniter4\framework\system\CodeIgniter.php(337): CodeIgniter\CodeIgniter->handleRequest(NULL, Object(Config\Cache), false)
#8 C:\xampp\htdocs\empaquesys\index.php(44): CodeIgniter\CodeIgniter->run()
#9 {main}
CRITICAL - 2021-09-14 03:38:27 --> syntax error, unexpected token "public", expecting end of file
#0 C:\xampp\htdocs\empaquesys\vendor\codeigniter4\framework\system\Autoloader\Autoloader.php(273): CodeIgniter\Autoloader\Autoloader->includeFile('C:\\xampp\\htdocs...')
#1 C:\xampp\htdocs\empaquesys\vendor\codeigniter4\framework\system\Autoloader\Autoloader.php(247): CodeIgniter\Autoloader\Autoloader->loadInNamespace('App\\Filters\\Fil...')
#2 C:\xampp\htdocs\empaquesys\vendor\codeigniter4\framework\system\Filters\Filters.php(172): CodeIgniter\Autoloader\Autoloader->loadClass('App\\Filters\\Fil...')
#3 C:\xampp\htdocs\empaquesys\vendor\codeigniter4\framework\system\CodeIgniter.php(408): CodeIgniter\Filters\Filters->run('/Home', 'before')
#4 C:\xampp\htdocs\empaquesys\vendor\codeigniter4\framework\system\CodeIgniter.php(337): CodeIgniter\CodeIgniter->handleRequest(NULL, Object(Config\Cache), false)
#5 C:\xampp\htdocs\empaquesys\index.php(44): CodeIgniter\CodeIgniter->run()
#6 {main}
CRITICAL - 2021-09-14 03:39:08 --> Class "App\Filters\Filtrologin" not found
#0 C:\xampp\htdocs\empaquesys\vendor\codeigniter4\framework\system\CodeIgniter.php(408): CodeIgniter\Filters\Filters->run('/Home', 'before')
#1 C:\xampp\htdocs\empaquesys\vendor\codeigniter4\framework\system\CodeIgniter.php(337): CodeIgniter\CodeIgniter->handleRequest(NULL, Object(Config\Cache), false)
#2 C:\xampp\htdocs\empaquesys\index.php(44): CodeIgniter\CodeIgniter->run()
#3 {main}
