INFO - 2023-06-06 00:58:24 --> Session: Class initialized using 'CodeIgniter\Session\Handlers\FileHandler' driver.
INFO - 2023-06-06 00:58:46 --> Session: Class initialized using 'CodeIgniter\Session\Handlers\FileHandler' driver.
INFO - 2023-06-06 00:58:46 --> Session: Class initialized using 'CodeIgniter\Session\Handlers\FileHandler' driver.
INFO - 2023-06-06 00:59:08 --> Session: Class initialized using 'CodeIgniter\Session\Handlers\FileHandler' driver.
WARNING - 2023-06-06 00:59:10 --> [DEPRECATED] Function utf8_decode() is deprecated in APPPATH\Controllers\Rastreo.php on line 365.
 1 SYSTEMPATH\CodeIgniter.php(934): App\Controllers\Rastreo->pdf('30')
 2 SYSTEMPATH\CodeIgniter.php(499): CodeIgniter\CodeIgniter->runController(Object(App\Controllers\Rastreo))
 3 SYSTEMPATH\CodeIgniter.php(368): CodeIgniter\CodeIgniter->handleRequest(null, Object(Config\Cache), false)
 4 FCPATH\index.php(67): CodeIgniter\CodeIgniter->run()
WARNING - 2023-06-06 00:59:10 --> [DEPRECATED] Function utf8_decode() is deprecated in APPPATH\Controllers\Rastreo.php on line 369.
 1 SYSTEMPATH\CodeIgniter.php(934): App\Controllers\Rastreo->pdf('30')
 2 SYSTEMPATH\CodeIgniter.php(499): CodeIgniter\CodeIgniter->runController(Object(App\Controllers\Rastreo))
 3 SYSTEMPATH\CodeIgniter.php(368): CodeIgniter\CodeIgniter->handleRequest(null, Object(Config\Cache), false)
 4 FCPATH\index.php(67): CodeIgniter\CodeIgniter->run()
WARNING - 2023-06-06 00:59:10 --> [DEPRECATED] Function utf8_decode() is deprecated in APPPATH\Controllers\Rastreo.php on line 373.
 1 SYSTEMPATH\CodeIgniter.php(934): App\Controllers\Rastreo->pdf('30')
 2 SYSTEMPATH\CodeIgniter.php(499): CodeIgniter\CodeIgniter->runController(Object(App\Controllers\Rastreo))
 3 SYSTEMPATH\CodeIgniter.php(368): CodeIgniter\CodeIgniter->handleRequest(null, Object(Config\Cache), false)
 4 FCPATH\index.php(67): CodeIgniter\CodeIgniter->run()
WARNING - 2023-06-06 00:59:10 --> [DEPRECATED] Function utf8_decode() is deprecated in APPPATH\Controllers\Rastreo.php on line 377.
 1 SYSTEMPATH\CodeIgniter.php(934): App\Controllers\Rastreo->pdf('30')
 2 SYSTEMPATH\CodeIgniter.php(499): CodeIgniter\CodeIgniter->runController(Object(App\Controllers\Rastreo))
 3 SYSTEMPATH\CodeIgniter.php(368): CodeIgniter\CodeIgniter->handleRequest(null, Object(Config\Cache), false)
 4 FCPATH\index.php(67): CodeIgniter\CodeIgniter->run()
WARNING - 2023-06-06 00:59:10 --> [DEPRECATED] Function utf8_decode() is deprecated in APPPATH\Controllers\Rastreo.php on line 382.
 1 SYSTEMPATH\CodeIgniter.php(934): App\Controllers\Rastreo->pdf('30')
 2 SYSTEMPATH\CodeIgniter.php(499): CodeIgniter\CodeIgniter->runController(Object(App\Controllers\Rastreo))
 3 SYSTEMPATH\CodeIgniter.php(368): CodeIgniter\CodeIgniter->handleRequest(null, Object(Config\Cache), false)
 4 FCPATH\index.php(67): CodeIgniter\CodeIgniter->run()
WARNING - 2023-06-06 00:59:10 --> [DEPRECATED] Function utf8_decode() is deprecated in APPPATH\Controllers\Rastreo.php on line 386.
 1 SYSTEMPATH\CodeIgniter.php(934): App\Controllers\Rastreo->pdf('30')
 2 SYSTEMPATH\CodeIgniter.php(499): CodeIgniter\CodeIgniter->runController(Object(App\Controllers\Rastreo))
 3 SYSTEMPATH\CodeIgniter.php(368): CodeIgniter\CodeIgniter->handleRequest(null, Object(Config\Cache), false)
 4 FCPATH\index.php(67): CodeIgniter\CodeIgniter->run()
WARNING - 2023-06-06 00:59:10 --> [DEPRECATED] Function utf8_decode() is deprecated in APPPATH\Controllers\Rastreo.php on line 391.
 1 SYSTEMPATH\CodeIgniter.php(934): App\Controllers\Rastreo->pdf('30')
 2 SYSTEMPATH\CodeIgniter.php(499): CodeIgniter\CodeIgniter->runController(Object(App\Controllers\Rastreo))
 3 SYSTEMPATH\CodeIgniter.php(368): CodeIgniter\CodeIgniter->handleRequest(null, Object(Config\Cache), false)
 4 FCPATH\index.php(67): CodeIgniter\CodeIgniter->run()
WARNING - 2023-06-06 00:59:10 --> [DEPRECATED] Function utf8_decode() is deprecated in APPPATH\Controllers\Rastreo.php on line 395.
 1 SYSTEMPATH\CodeIgniter.php(934): App\Controllers\Rastreo->pdf('30')
 2 SYSTEMPATH\CodeIgniter.php(499): CodeIgniter\CodeIgniter->runController(Object(App\Controllers\Rastreo))
 3 SYSTEMPATH\CodeIgniter.php(368): CodeIgniter\CodeIgniter->handleRequest(null, Object(Config\Cache), false)
 4 FCPATH\index.php(67): CodeIgniter\CodeIgniter->run()
WARNING - 2023-06-06 00:59:10 --> [DEPRECATED] Function utf8_decode() is deprecated in APPPATH\Controllers\Rastreo.php on line 412.
 1 SYSTEMPATH\CodeIgniter.php(934): App\Controllers\Rastreo->pdf('30')
 2 SYSTEMPATH\CodeIgniter.php(499): CodeIgniter\CodeIgniter->runController(Object(App\Controllers\Rastreo))
 3 SYSTEMPATH\CodeIgniter.php(368): CodeIgniter\CodeIgniter->handleRequest(null, Object(Config\Cache), false)
 4 FCPATH\index.php(67): CodeIgniter\CodeIgniter->run()
WARNING - 2023-06-06 00:59:10 --> [DEPRECATED] Function utf8_decode() is deprecated in APPPATH\Controllers\Rastreo.php on line 424.
 1 SYSTEMPATH\CodeIgniter.php(934): App\Controllers\Rastreo->pdf('30')
 2 SYSTEMPATH\CodeIgniter.php(499): CodeIgniter\CodeIgniter->runController(Object(App\Controllers\Rastreo))
 3 SYSTEMPATH\CodeIgniter.php(368): CodeIgniter\CodeIgniter->handleRequest(null, Object(Config\Cache), false)
 4 FCPATH\index.php(67): CodeIgniter\CodeIgniter->run()
WARNING - 2023-06-06 00:59:10 --> [DEPRECATED] Function utf8_decode() is deprecated in APPPATH\Controllers\Rastreo.php on line 427.
 1 SYSTEMPATH\CodeIgniter.php(934): App\Controllers\Rastreo->pdf('30')
 2 SYSTEMPATH\CodeIgniter.php(499): CodeIgniter\CodeIgniter->runController(Object(App\Controllers\Rastreo))
 3 SYSTEMPATH\CodeIgniter.php(368): CodeIgniter\CodeIgniter->handleRequest(null, Object(Config\Cache), false)
 4 FCPATH\index.php(67): CodeIgniter\CodeIgniter->run()
WARNING - 2023-06-06 00:59:10 --> [DEPRECATED] Function utf8_decode() is deprecated in APPPATH\Controllers\Rastreo.php on line 424.
 1 SYSTEMPATH\CodeIgniter.php(934): App\Controllers\Rastreo->pdf('30')
 2 SYSTEMPATH\CodeIgniter.php(499): CodeIgniter\CodeIgniter->runController(Object(App\Controllers\Rastreo))
 3 SYSTEMPATH\CodeIgniter.php(368): CodeIgniter\CodeIgniter->handleRequest(null, Object(Config\Cache), false)
 4 FCPATH\index.php(67): CodeIgniter\CodeIgniter->run()
WARNING - 2023-06-06 00:59:10 --> [DEPRECATED] Function utf8_decode() is deprecated in APPPATH\Controllers\Rastreo.php on line 427.
 1 SYSTEMPATH\CodeIgniter.php(934): App\Controllers\Rastreo->pdf('30')
 2 SYSTEMPATH\CodeIgniter.php(499): CodeIgniter\CodeIgniter->runController(Object(App\Controllers\Rastreo))
 3 SYSTEMPATH\CodeIgniter.php(368): CodeIgniter\CodeIgniter->handleRequest(null, Object(Config\Cache), false)
 4 FCPATH\index.php(67): CodeIgniter\CodeIgniter->run()
WARNING - 2023-06-06 00:59:10 --> [DEPRECATED] Function utf8_decode() is deprecated in APPPATH\Controllers\Rastreo.php on line 424.
 1 SYSTEMPATH\CodeIgniter.php(934): App\Controllers\Rastreo->pdf('30')
 2 SYSTEMPATH\CodeIgniter.php(499): CodeIgniter\CodeIgniter->runController(Object(App\Controllers\Rastreo))
 3 SYSTEMPATH\CodeIgniter.php(368): CodeIgniter\CodeIgniter->handleRequest(null, Object(Config\Cache), false)
 4 FCPATH\index.php(67): CodeIgniter\CodeIgniter->run()
WARNING - 2023-06-06 00:59:10 --> [DEPRECATED] Function utf8_decode() is deprecated in APPPATH\Controllers\Rastreo.php on line 427.
 1 SYSTEMPATH\CodeIgniter.php(934): App\Controllers\Rastreo->pdf('30')
 2 SYSTEMPATH\CodeIgniter.php(499): CodeIgniter\CodeIgniter->runController(Object(App\Controllers\Rastreo))
 3 SYSTEMPATH\CodeIgniter.php(368): CodeIgniter\CodeIgniter->handleRequest(null, Object(Config\Cache), false)
 4 FCPATH\index.php(67): CodeIgniter\CodeIgniter->run()
WARNING - 2023-06-06 00:59:10 --> [DEPRECATED] Function utf8_decode() is deprecated in APPPATH\Controllers\Rastreo.php on line 424.
 1 SYSTEMPATH\CodeIgniter.php(934): App\Controllers\Rastreo->pdf('30')
 2 SYSTEMPATH\CodeIgniter.php(499): CodeIgniter\CodeIgniter->runController(Object(App\Controllers\Rastreo))
 3 SYSTEMPATH\CodeIgniter.php(368): CodeIgniter\CodeIgniter->handleRequest(null, Object(Config\Cache), false)
 4 FCPATH\index.php(67): CodeIgniter\CodeIgniter->run()
WARNING - 2023-06-06 00:59:10 --> [DEPRECATED] Function utf8_decode() is deprecated in APPPATH\Controllers\Rastreo.php on line 427.
 1 SYSTEMPATH\CodeIgniter.php(934): App\Controllers\Rastreo->pdf('30')
 2 SYSTEMPATH\CodeIgniter.php(499): CodeIgniter\CodeIgniter->runController(Object(App\Controllers\Rastreo))
 3 SYSTEMPATH\CodeIgniter.php(368): CodeIgniter\CodeIgniter->handleRequest(null, Object(Config\Cache), false)
 4 FCPATH\index.php(67): CodeIgniter\CodeIgniter->run()
WARNING - 2023-06-06 00:59:10 --> [DEPRECATED] Function utf8_decode() is deprecated in APPPATH\Controllers\Rastreo.php on line 424.
 1 SYSTEMPATH\CodeIgniter.php(934): App\Controllers\Rastreo->pdf('30')
 2 SYSTEMPATH\CodeIgniter.php(499): CodeIgniter\CodeIgniter->runController(Object(App\Controllers\Rastreo))
 3 SYSTEMPATH\CodeIgniter.php(368): CodeIgniter\CodeIgniter->handleRequest(null, Object(Config\Cache), false)
 4 FCPATH\index.php(67): CodeIgniter\CodeIgniter->run()
WARNING - 2023-06-06 00:59:10 --> [DEPRECATED] Function utf8_decode() is deprecated in APPPATH\Controllers\Rastreo.php on line 427.
 1 SYSTEMPATH\CodeIgniter.php(934): App\Controllers\Rastreo->pdf('30')
 2 SYSTEMPATH\CodeIgniter.php(499): CodeIgniter\CodeIgniter->runController(Object(App\Controllers\Rastreo))
 3 SYSTEMPATH\CodeIgniter.php(368): CodeIgniter\CodeIgniter->handleRequest(null, Object(Config\Cache), false)
 4 FCPATH\index.php(67): CodeIgniter\CodeIgniter->run()
WARNING - 2023-06-06 00:59:10 --> [DEPRECATED] Function utf8_decode() is deprecated in APPPATH\Controllers\Rastreo.php on line 424.
 1 SYSTEMPATH\CodeIgniter.php(934): App\Controllers\Rastreo->pdf('30')
 2 SYSTEMPATH\CodeIgniter.php(499): CodeIgniter\CodeIgniter->runController(Object(App\Controllers\Rastreo))
 3 SYSTEMPATH\CodeIgniter.php(368): CodeIgniter\CodeIgniter->handleRequest(null, Object(Config\Cache), false)
 4 FCPATH\index.php(67): CodeIgniter\CodeIgniter->run()
WARNING - 2023-06-06 00:59:10 --> [DEPRECATED] Function utf8_decode() is deprecated in APPPATH\Controllers\Rastreo.php on line 427.
 1 SYSTEMPATH\CodeIgniter.php(934): App\Controllers\Rastreo->pdf('30')
 2 SYSTEMPATH\CodeIgniter.php(499): CodeIgniter\CodeIgniter->runController(Object(App\Controllers\Rastreo))
 3 SYSTEMPATH\CodeIgniter.php(368): CodeIgniter\CodeIgniter->handleRequest(null, Object(Config\Cache), false)
 4 FCPATH\index.php(67): CodeIgniter\CodeIgniter->run()
WARNING - 2023-06-06 00:59:10 --> [DEPRECATED] Function utf8_decode() is deprecated in APPPATH\Controllers\Rastreo.php on line 453.
 1 SYSTEMPATH\CodeIgniter.php(934): App\Controllers\Rastreo->pdf('30')
 2 SYSTEMPATH\CodeIgniter.php(499): CodeIgniter\CodeIgniter->runController(Object(App\Controllers\Rastreo))
 3 SYSTEMPATH\CodeIgniter.php(368): CodeIgniter\CodeIgniter->handleRequest(null, Object(Config\Cache), false)
 4 FCPATH\index.php(67): CodeIgniter\CodeIgniter->run()
WARNING - 2023-06-06 00:59:10 --> [DEPRECATED] Function utf8_decode() is deprecated in APPPATH\Controllers\Rastreo.php on line 463.
 1 SYSTEMPATH\CodeIgniter.php(934): App\Controllers\Rastreo->pdf('30')
 2 SYSTEMPATH\CodeIgniter.php(499): CodeIgniter\CodeIgniter->runController(Object(App\Controllers\Rastreo))
 3 SYSTEMPATH\CodeIgniter.php(368): CodeIgniter\CodeIgniter->handleRequest(null, Object(Config\Cache), false)
 4 FCPATH\index.php(67): CodeIgniter\CodeIgniter->run()
WARNING - 2023-06-06 00:59:10 --> [DEPRECATED] Function utf8_decode() is deprecated in APPPATH\Controllers\Rastreo.php on line 463.
 1 SYSTEMPATH\CodeIgniter.php(934): App\Controllers\Rastreo->pdf('30')
 2 SYSTEMPATH\CodeIgniter.php(499): CodeIgniter\CodeIgniter->runController(Object(App\Controllers\Rastreo))
 3 SYSTEMPATH\CodeIgniter.php(368): CodeIgniter\CodeIgniter->handleRequest(null, Object(Config\Cache), false)
 4 FCPATH\index.php(67): CodeIgniter\CodeIgniter->run()
WARNING - 2023-06-06 00:59:10 --> [DEPRECATED] Function utf8_decode() is deprecated in APPPATH\Controllers\Rastreo.php on line 463.
 1 SYSTEMPATH\CodeIgniter.php(934): App\Controllers\Rastreo->pdf('30')
 2 SYSTEMPATH\CodeIgniter.php(499): CodeIgniter\CodeIgniter->runController(Object(App\Controllers\Rastreo))
 3 SYSTEMPATH\CodeIgniter.php(368): CodeIgniter\CodeIgniter->handleRequest(null, Object(Config\Cache), false)
 4 FCPATH\index.php(67): CodeIgniter\CodeIgniter->run()
WARNING - 2023-06-06 00:59:10 --> [DEPRECATED] Function utf8_decode() is deprecated in APPPATH\Controllers\Rastreo.php on line 467.
 1 SYSTEMPATH\CodeIgniter.php(934): App\Controllers\Rastreo->pdf('30')
 2 SYSTEMPATH\CodeIgniter.php(499): CodeIgniter\CodeIgniter->runController(Object(App\Controllers\Rastreo))
 3 SYSTEMPATH\CodeIgniter.php(368): CodeIgniter\CodeIgniter->handleRequest(null, Object(Config\Cache), false)
 4 FCPATH\index.php(67): CodeIgniter\CodeIgniter->run()
INFO - 2023-06-06 00:59:19 --> Session: Class initialized using 'CodeIgniter\Session\Handlers\FileHandler' driver.
WARNING - 2023-06-06 00:59:21 --> [DEPRECATED] Function utf8_decode() is deprecated in APPPATH\Controllers\Rastreo.php on line 365.
 1 SYSTEMPATH\CodeIgniter.php(934): App\Controllers\Rastreo->pdf('29')
 2 SYSTEMPATH\CodeIgniter.php(499): CodeIgniter\CodeIgniter->runController(Object(App\Controllers\Rastreo))
 3 SYSTEMPATH\CodeIgniter.php(368): CodeIgniter\CodeIgniter->handleRequest(null, Object(Config\Cache), false)
 4 FCPATH\index.php(67): CodeIgniter\CodeIgniter->run()
WARNING - 2023-06-06 00:59:21 --> [DEPRECATED] Function utf8_decode() is deprecated in APPPATH\Controllers\Rastreo.php on line 369.
 1 SYSTEMPATH\CodeIgniter.php(934): App\Controllers\Rastreo->pdf('29')
 2 SYSTEMPATH\CodeIgniter.php(499): CodeIgniter\CodeIgniter->runController(Object(App\Controllers\Rastreo))
 3 SYSTEMPATH\CodeIgniter.php(368): CodeIgniter\CodeIgniter->handleRequest(null, Object(Config\Cache), false)
 4 FCPATH\index.php(67): CodeIgniter\CodeIgniter->run()
WARNING - 2023-06-06 00:59:21 --> [DEPRECATED] Function utf8_decode() is deprecated in APPPATH\Controllers\Rastreo.php on line 373.
 1 SYSTEMPATH\CodeIgniter.php(934): App\Controllers\Rastreo->pdf('29')
 2 SYSTEMPATH\CodeIgniter.php(499): CodeIgniter\CodeIgniter->runController(Object(App\Controllers\Rastreo))
 3 SYSTEMPATH\CodeIgniter.php(368): CodeIgniter\CodeIgniter->handleRequest(null, Object(Config\Cache), false)
 4 FCPATH\index.php(67): CodeIgniter\CodeIgniter->run()
WARNING - 2023-06-06 00:59:21 --> [DEPRECATED] Function utf8_decode() is deprecated in APPPATH\Controllers\Rastreo.php on line 377.
 1 SYSTEMPATH\CodeIgniter.php(934): App\Controllers\Rastreo->pdf('29')
 2 SYSTEMPATH\CodeIgniter.php(499): CodeIgniter\CodeIgniter->runController(Object(App\Controllers\Rastreo))
 3 SYSTEMPATH\CodeIgniter.php(368): CodeIgniter\CodeIgniter->handleRequest(null, Object(Config\Cache), false)
 4 FCPATH\index.php(67): CodeIgniter\CodeIgniter->run()
WARNING - 2023-06-06 00:59:21 --> [DEPRECATED] Function utf8_decode() is deprecated in APPPATH\Controllers\Rastreo.php on line 382.
 1 SYSTEMPATH\CodeIgniter.php(934): App\Controllers\Rastreo->pdf('29')
 2 SYSTEMPATH\CodeIgniter.php(499): CodeIgniter\CodeIgniter->runController(Object(App\Controllers\Rastreo))
 3 SYSTEMPATH\CodeIgniter.php(368): CodeIgniter\CodeIgniter->handleRequest(null, Object(Config\Cache), false)
 4 FCPATH\index.php(67): CodeIgniter\CodeIgniter->run()
WARNING - 2023-06-06 00:59:21 --> [DEPRECATED] Function utf8_decode() is deprecated in APPPATH\Controllers\Rastreo.php on line 386.
 1 SYSTEMPATH\CodeIgniter.php(934): App\Controllers\Rastreo->pdf('29')
 2 SYSTEMPATH\CodeIgniter.php(499): CodeIgniter\CodeIgniter->runController(Object(App\Controllers\Rastreo))
 3 SYSTEMPATH\CodeIgniter.php(368): CodeIgniter\CodeIgniter->handleRequest(null, Object(Config\Cache), false)
 4 FCPATH\index.php(67): CodeIgniter\CodeIgniter->run()
WARNING - 2023-06-06 00:59:21 --> [DEPRECATED] Function utf8_decode() is deprecated in APPPATH\Controllers\Rastreo.php on line 391.
 1 SYSTEMPATH\CodeIgniter.php(934): App\Controllers\Rastreo->pdf('29')
 2 SYSTEMPATH\CodeIgniter.php(499): CodeIgniter\CodeIgniter->runController(Object(App\Controllers\Rastreo))
 3 SYSTEMPATH\CodeIgniter.php(368): CodeIgniter\CodeIgniter->handleRequest(null, Object(Config\Cache), false)
 4 FCPATH\index.php(67): CodeIgniter\CodeIgniter->run()
WARNING - 2023-06-06 00:59:21 --> [DEPRECATED] Function utf8_decode() is deprecated in APPPATH\Controllers\Rastreo.php on line 395.
 1 SYSTEMPATH\CodeIgniter.php(934): App\Controllers\Rastreo->pdf('29')
 2 SYSTEMPATH\CodeIgniter.php(499): CodeIgniter\CodeIgniter->runController(Object(App\Controllers\Rastreo))
 3 SYSTEMPATH\CodeIgniter.php(368): CodeIgniter\CodeIgniter->handleRequest(null, Object(Config\Cache), false)
 4 FCPATH\index.php(67): CodeIgniter\CodeIgniter->run()
WARNING - 2023-06-06 00:59:21 --> [DEPRECATED] Function utf8_decode() is deprecated in APPPATH\Controllers\Rastreo.php on line 412.
 1 SYSTEMPATH\CodeIgniter.php(934): App\Controllers\Rastreo->pdf('29')
 2 SYSTEMPATH\CodeIgniter.php(499): CodeIgniter\CodeIgniter->runController(Object(App\Controllers\Rastreo))
 3 SYSTEMPATH\CodeIgniter.php(368): CodeIgniter\CodeIgniter->handleRequest(null, Object(Config\Cache), false)
 4 FCPATH\index.php(67): CodeIgniter\CodeIgniter->run()
WARNING - 2023-06-06 00:59:21 --> [DEPRECATED] Function utf8_decode() is deprecated in APPPATH\Controllers\Rastreo.php on line 424.
 1 SYSTEMPATH\CodeIgniter.php(934): App\Controllers\Rastreo->pdf('29')
 2 SYSTEMPATH\CodeIgniter.php(499): CodeIgniter\CodeIgniter->runController(Object(App\Controllers\Rastreo))
 3 SYSTEMPATH\CodeIgniter.php(368): CodeIgniter\CodeIgniter->handleRequest(null, Object(Config\Cache), false)
 4 FCPATH\index.php(67): CodeIgniter\CodeIgniter->run()
WARNING - 2023-06-06 00:59:21 --> [DEPRECATED] Function utf8_decode() is deprecated in APPPATH\Controllers\Rastreo.php on line 427.
 1 SYSTEMPATH\CodeIgniter.php(934): App\Controllers\Rastreo->pdf('29')
 2 SYSTEMPATH\CodeIgniter.php(499): CodeIgniter\CodeIgniter->runController(Object(App\Controllers\Rastreo))
 3 SYSTEMPATH\CodeIgniter.php(368): CodeIgniter\CodeIgniter->handleRequest(null, Object(Config\Cache), false)
 4 FCPATH\index.php(67): CodeIgniter\CodeIgniter->run()
WARNING - 2023-06-06 00:59:21 --> [DEPRECATED] Function utf8_decode() is deprecated in APPPATH\Controllers\Rastreo.php on line 424.
 1 SYSTEMPATH\CodeIgniter.php(934): App\Controllers\Rastreo->pdf('29')
 2 SYSTEMPATH\CodeIgniter.php(499): CodeIgniter\CodeIgniter->runController(Object(App\Controllers\Rastreo))
 3 SYSTEMPATH\CodeIgniter.php(368): CodeIgniter\CodeIgniter->handleRequest(null, Object(Config\Cache), false)
 4 FCPATH\index.php(67): CodeIgniter\CodeIgniter->run()
WARNING - 2023-06-06 00:59:21 --> [DEPRECATED] Function utf8_decode() is deprecated in APPPATH\Controllers\Rastreo.php on line 427.
 1 SYSTEMPATH\CodeIgniter.php(934): App\Controllers\Rastreo->pdf('29')
 2 SYSTEMPATH\CodeIgniter.php(499): CodeIgniter\CodeIgniter->runController(Object(App\Controllers\Rastreo))
 3 SYSTEMPATH\CodeIgniter.php(368): CodeIgniter\CodeIgniter->handleRequest(null, Object(Config\Cache), false)
 4 FCPATH\index.php(67): CodeIgniter\CodeIgniter->run()
WARNING - 2023-06-06 00:59:21 --> [DEPRECATED] Function utf8_decode() is deprecated in APPPATH\Controllers\Rastreo.php on line 424.
 1 SYSTEMPATH\CodeIgniter.php(934): App\Controllers\Rastreo->pdf('29')
 2 SYSTEMPATH\CodeIgniter.php(499): CodeIgniter\CodeIgniter->runController(Object(App\Controllers\Rastreo))
 3 SYSTEMPATH\CodeIgniter.php(368): CodeIgniter\CodeIgniter->handleRequest(null, Object(Config\Cache), false)
 4 FCPATH\index.php(67): CodeIgniter\CodeIgniter->run()
WARNING - 2023-06-06 00:59:21 --> [DEPRECATED] Function utf8_decode() is deprecated in APPPATH\Controllers\Rastreo.php on line 427.
 1 SYSTEMPATH\CodeIgniter.php(934): App\Controllers\Rastreo->pdf('29')
 2 SYSTEMPATH\CodeIgniter.php(499): CodeIgniter\CodeIgniter->runController(Object(App\Controllers\Rastreo))
 3 SYSTEMPATH\CodeIgniter.php(368): CodeIgniter\CodeIgniter->handleRequest(null, Object(Config\Cache), false)
 4 FCPATH\index.php(67): CodeIgniter\CodeIgniter->run()
WARNING - 2023-06-06 00:59:21 --> [DEPRECATED] Function utf8_decode() is deprecated in APPPATH\Controllers\Rastreo.php on line 424.
 1 SYSTEMPATH\CodeIgniter.php(934): App\Controllers\Rastreo->pdf('29')
 2 SYSTEMPATH\CodeIgniter.php(499): CodeIgniter\CodeIgniter->runController(Object(App\Controllers\Rastreo))
 3 SYSTEMPATH\CodeIgniter.php(368): CodeIgniter\CodeIgniter->handleRequest(null, Object(Config\Cache), false)
 4 FCPATH\index.php(67): CodeIgniter\CodeIgniter->run()
WARNING - 2023-06-06 00:59:21 --> [DEPRECATED] Function utf8_decode() is deprecated in APPPATH\Controllers\Rastreo.php on line 427.
 1 SYSTEMPATH\CodeIgniter.php(934): App\Controllers\Rastreo->pdf('29')
 2 SYSTEMPATH\CodeIgniter.php(499): CodeIgniter\CodeIgniter->runController(Object(App\Controllers\Rastreo))
 3 SYSTEMPATH\CodeIgniter.php(368): CodeIgniter\CodeIgniter->handleRequest(null, Object(Config\Cache), false)
 4 FCPATH\index.php(67): CodeIgniter\CodeIgniter->run()
WARNING - 2023-06-06 00:59:21 --> [DEPRECATED] Function utf8_decode() is deprecated in APPPATH\Controllers\Rastreo.php on line 424.
 1 SYSTEMPATH\CodeIgniter.php(934): App\Controllers\Rastreo->pdf('29')
 2 SYSTEMPATH\CodeIgniter.php(499): CodeIgniter\CodeIgniter->runController(Object(App\Controllers\Rastreo))
 3 SYSTEMPATH\CodeIgniter.php(368): CodeIgniter\CodeIgniter->handleRequest(null, Object(Config\Cache), false)
 4 FCPATH\index.php(67): CodeIgniter\CodeIgniter->run()
WARNING - 2023-06-06 00:59:21 --> [DEPRECATED] Function utf8_decode() is deprecated in APPPATH\Controllers\Rastreo.php on line 427.
 1 SYSTEMPATH\CodeIgniter.php(934): App\Controllers\Rastreo->pdf('29')
 2 SYSTEMPATH\CodeIgniter.php(499): CodeIgniter\CodeIgniter->runController(Object(App\Controllers\Rastreo))
 3 SYSTEMPATH\CodeIgniter.php(368): CodeIgniter\CodeIgniter->handleRequest(null, Object(Config\Cache), false)
 4 FCPATH\index.php(67): CodeIgniter\CodeIgniter->run()
WARNING - 2023-06-06 00:59:21 --> [DEPRECATED] Function utf8_decode() is deprecated in APPPATH\Controllers\Rastreo.php on line 424.
 1 SYSTEMPATH\CodeIgniter.php(934): App\Controllers\Rastreo->pdf('29')
 2 SYSTEMPATH\CodeIgniter.php(499): CodeIgniter\CodeIgniter->runController(Object(App\Controllers\Rastreo))
 3 SYSTEMPATH\CodeIgniter.php(368): CodeIgniter\CodeIgniter->handleRequest(null, Object(Config\Cache), false)
 4 FCPATH\index.php(67): CodeIgniter\CodeIgniter->run()
WARNING - 2023-06-06 00:59:21 --> [DEPRECATED] Function utf8_decode() is deprecated in APPPATH\Controllers\Rastreo.php on line 427.
 1 SYSTEMPATH\CodeIgniter.php(934): App\Controllers\Rastreo->pdf('29')
 2 SYSTEMPATH\CodeIgniter.php(499): CodeIgniter\CodeIgniter->runController(Object(App\Controllers\Rastreo))
 3 SYSTEMPATH\CodeIgniter.php(368): CodeIgniter\CodeIgniter->handleRequest(null, Object(Config\Cache), false)
 4 FCPATH\index.php(67): CodeIgniter\CodeIgniter->run()
WARNING - 2023-06-06 00:59:21 --> [DEPRECATED] Function utf8_decode() is deprecated in APPPATH\Controllers\Rastreo.php on line 424.
 1 SYSTEMPATH\CodeIgniter.php(934): App\Controllers\Rastreo->pdf('29')
 2 SYSTEMPATH\CodeIgniter.php(499): CodeIgniter\CodeIgniter->runController(Object(App\Controllers\Rastreo))
 3 SYSTEMPATH\CodeIgniter.php(368): CodeIgniter\CodeIgniter->handleRequest(null, Object(Config\Cache), false)
 4 FCPATH\index.php(67): CodeIgniter\CodeIgniter->run()
WARNING - 2023-06-06 00:59:21 --> [DEPRECATED] Function utf8_decode() is deprecated in APPPATH\Controllers\Rastreo.php on line 427.
 1 SYSTEMPATH\CodeIgniter.php(934): App\Controllers\Rastreo->pdf('29')
 2 SYSTEMPATH\CodeIgniter.php(499): CodeIgniter\CodeIgniter->runController(Object(App\Controllers\Rastreo))
 3 SYSTEMPATH\CodeIgniter.php(368): CodeIgniter\CodeIgniter->handleRequest(null, Object(Config\Cache), false)
 4 FCPATH\index.php(67): CodeIgniter\CodeIgniter->run()
WARNING - 2023-06-06 00:59:21 --> [DEPRECATED] Function utf8_decode() is deprecated in APPPATH\Controllers\Rastreo.php on line 424.
 1 SYSTEMPATH\CodeIgniter.php(934): App\Controllers\Rastreo->pdf('29')
 2 SYSTEMPATH\CodeIgniter.php(499): CodeIgniter\CodeIgniter->runController(Object(App\Controllers\Rastreo))
 3 SYSTEMPATH\CodeIgniter.php(368): CodeIgniter\CodeIgniter->handleRequest(null, Object(Config\Cache), false)
 4 FCPATH\index.php(67): CodeIgniter\CodeIgniter->run()
WARNING - 2023-06-06 00:59:21 --> [DEPRECATED] Function utf8_decode() is deprecated in APPPATH\Controllers\Rastreo.php on line 427.
 1 SYSTEMPATH\CodeIgniter.php(934): App\Controllers\Rastreo->pdf('29')
 2 SYSTEMPATH\CodeIgniter.php(499): CodeIgniter\CodeIgniter->runController(Object(App\Controllers\Rastreo))
 3 SYSTEMPATH\CodeIgniter.php(368): CodeIgniter\CodeIgniter->handleRequest(null, Object(Config\Cache), false)
 4 FCPATH\index.php(67): CodeIgniter\CodeIgniter->run()
WARNING - 2023-06-06 00:59:21 --> [DEPRECATED] Function utf8_decode() is deprecated in APPPATH\Controllers\Rastreo.php on line 453.
 1 SYSTEMPATH\CodeIgniter.php(934): App\Controllers\Rastreo->pdf('29')
 2 SYSTEMPATH\CodeIgniter.php(499): CodeIgniter\CodeIgniter->runController(Object(App\Controllers\Rastreo))
 3 SYSTEMPATH\CodeIgniter.php(368): CodeIgniter\CodeIgniter->handleRequest(null, Object(Config\Cache), false)
 4 FCPATH\index.php(67): CodeIgniter\CodeIgniter->run()
WARNING - 2023-06-06 00:59:21 --> [DEPRECATED] Function utf8_decode() is deprecated in APPPATH\Controllers\Rastreo.php on line 463.
 1 SYSTEMPATH\CodeIgniter.php(934): App\Controllers\Rastreo->pdf('29')
 2 SYSTEMPATH\CodeIgniter.php(499): CodeIgniter\CodeIgniter->runController(Object(App\Controllers\Rastreo))
 3 SYSTEMPATH\CodeIgniter.php(368): CodeIgniter\CodeIgniter->handleRequest(null, Object(Config\Cache), false)
 4 FCPATH\index.php(67): CodeIgniter\CodeIgniter->run()
WARNING - 2023-06-06 00:59:21 --> [DEPRECATED] Function utf8_decode() is deprecated in APPPATH\Controllers\Rastreo.php on line 463.
 1 SYSTEMPATH\CodeIgniter.php(934): App\Controllers\Rastreo->pdf('29')
 2 SYSTEMPATH\CodeIgniter.php(499): CodeIgniter\CodeIgniter->runController(Object(App\Controllers\Rastreo))
 3 SYSTEMPATH\CodeIgniter.php(368): CodeIgniter\CodeIgniter->handleRequest(null, Object(Config\Cache), false)
 4 FCPATH\index.php(67): CodeIgniter\CodeIgniter->run()
WARNING - 2023-06-06 00:59:22 --> [DEPRECATED] Function utf8_decode() is deprecated in APPPATH\Controllers\Rastreo.php on line 463.
 1 SYSTEMPATH\CodeIgniter.php(934): App\Controllers\Rastreo->pdf('29')
 2 SYSTEMPATH\CodeIgniter.php(499): CodeIgniter\CodeIgniter->runController(Object(App\Controllers\Rastreo))
 3 SYSTEMPATH\CodeIgniter.php(368): CodeIgniter\CodeIgniter->handleRequest(null, Object(Config\Cache), false)
 4 FCPATH\index.php(67): CodeIgniter\CodeIgniter->run()
WARNING - 2023-06-06 00:59:22 --> [DEPRECATED] Function utf8_decode() is deprecated in APPPATH\Controllers\Rastreo.php on line 467.
 1 SYSTEMPATH\CodeIgniter.php(934): App\Controllers\Rastreo->pdf('29')
 2 SYSTEMPATH\CodeIgniter.php(499): CodeIgniter\CodeIgniter->runController(Object(App\Controllers\Rastreo))
 3 SYSTEMPATH\CodeIgniter.php(368): CodeIgniter\CodeIgniter->handleRequest(null, Object(Config\Cache), false)
 4 FCPATH\index.php(67): CodeIgniter\CodeIgniter->run()
INFO - 2023-06-06 00:59:41 --> Session: Class initialized using 'CodeIgniter\Session\Handlers\FileHandler' driver.
WARNING - 2023-06-06 00:59:45 --> [DEPRECATED] Function utf8_decode() is deprecated in APPPATH\Controllers\Rastreo.php on line 365.
 1 SYSTEMPATH\CodeIgniter.php(934): App\Controllers\Rastreo->pdf('30')
 2 SYSTEMPATH\CodeIgniter.php(499): CodeIgniter\CodeIgniter->runController(Object(App\Controllers\Rastreo))
 3 SYSTEMPATH\CodeIgniter.php(368): CodeIgniter\CodeIgniter->handleRequest(null, Object(Config\Cache), false)
 4 FCPATH\index.php(67): CodeIgniter\CodeIgniter->run()
WARNING - 2023-06-06 00:59:45 --> [DEPRECATED] Function utf8_decode() is deprecated in APPPATH\Controllers\Rastreo.php on line 369.
 1 SYSTEMPATH\CodeIgniter.php(934): App\Controllers\Rastreo->pdf('30')
 2 SYSTEMPATH\CodeIgniter.php(499): CodeIgniter\CodeIgniter->runController(Object(App\Controllers\Rastreo))
 3 SYSTEMPATH\CodeIgniter.php(368): CodeIgniter\CodeIgniter->handleRequest(null, Object(Config\Cache), false)
 4 FCPATH\index.php(67): CodeIgniter\CodeIgniter->run()
WARNING - 2023-06-06 00:59:45 --> [DEPRECATED] Function utf8_decode() is deprecated in APPPATH\Controllers\Rastreo.php on line 373.
 1 SYSTEMPATH\CodeIgniter.php(934): App\Controllers\Rastreo->pdf('30')
 2 SYSTEMPATH\CodeIgniter.php(499): CodeIgniter\CodeIgniter->runController(Object(App\Controllers\Rastreo))
 3 SYSTEMPATH\CodeIgniter.php(368): CodeIgniter\CodeIgniter->handleRequest(null, Object(Config\Cache), false)
 4 FCPATH\index.php(67): CodeIgniter\CodeIgniter->run()
WARNING - 2023-06-06 00:59:45 --> [DEPRECATED] Function utf8_decode() is deprecated in APPPATH\Controllers\Rastreo.php on line 377.
 1 SYSTEMPATH\CodeIgniter.php(934): App\Controllers\Rastreo->pdf('30')
 2 SYSTEMPATH\CodeIgniter.php(499): CodeIgniter\CodeIgniter->runController(Object(App\Controllers\Rastreo))
 3 SYSTEMPATH\CodeIgniter.php(368): CodeIgniter\CodeIgniter->handleRequest(null, Object(Config\Cache), false)
 4 FCPATH\index.php(67): CodeIgniter\CodeIgniter->run()
WARNING - 2023-06-06 00:59:45 --> [DEPRECATED] Function utf8_decode() is deprecated in APPPATH\Controllers\Rastreo.php on line 382.
 1 SYSTEMPATH\CodeIgniter.php(934): App\Controllers\Rastreo->pdf('30')
 2 SYSTEMPATH\CodeIgniter.php(499): CodeIgniter\CodeIgniter->runController(Object(App\Controllers\Rastreo))
 3 SYSTEMPATH\CodeIgniter.php(368): CodeIgniter\CodeIgniter->handleRequest(null, Object(Config\Cache), false)
 4 FCPATH\index.php(67): CodeIgniter\CodeIgniter->run()
WARNING - 2023-06-06 00:59:45 --> [DEPRECATED] Function utf8_decode() is deprecated in APPPATH\Controllers\Rastreo.php on line 386.
 1 SYSTEMPATH\CodeIgniter.php(934): App\Controllers\Rastreo->pdf('30')
 2 SYSTEMPATH\CodeIgniter.php(499): CodeIgniter\CodeIgniter->runController(Object(App\Controllers\Rastreo))
 3 SYSTEMPATH\CodeIgniter.php(368): CodeIgniter\CodeIgniter->handleRequest(null, Object(Config\Cache), false)
 4 FCPATH\index.php(67): CodeIgniter\CodeIgniter->run()
WARNING - 2023-06-06 00:59:45 --> [DEPRECATED] Function utf8_decode() is deprecated in APPPATH\Controllers\Rastreo.php on line 391.
 1 SYSTEMPATH\CodeIgniter.php(934): App\Controllers\Rastreo->pdf('30')
 2 SYSTEMPATH\CodeIgniter.php(499): CodeIgniter\CodeIgniter->runController(Object(App\Controllers\Rastreo))
 3 SYSTEMPATH\CodeIgniter.php(368): CodeIgniter\CodeIgniter->handleRequest(null, Object(Config\Cache), false)
 4 FCPATH\index.php(67): CodeIgniter\CodeIgniter->run()
WARNING - 2023-06-06 00:59:45 --> [DEPRECATED] Function utf8_decode() is deprecated in APPPATH\Controllers\Rastreo.php on line 395.
 1 SYSTEMPATH\CodeIgniter.php(934): App\Controllers\Rastreo->pdf('30')
 2 SYSTEMPATH\CodeIgniter.php(499): CodeIgniter\CodeIgniter->runController(Object(App\Controllers\Rastreo))
 3 SYSTEMPATH\CodeIgniter.php(368): CodeIgniter\CodeIgniter->handleRequest(null, Object(Config\Cache), false)
 4 FCPATH\index.php(67): CodeIgniter\CodeIgniter->run()
WARNING - 2023-06-06 00:59:45 --> [DEPRECATED] Function utf8_decode() is deprecated in APPPATH\Controllers\Rastreo.php on line 412.
 1 SYSTEMPATH\CodeIgniter.php(934): App\Controllers\Rastreo->pdf('30')
 2 SYSTEMPATH\CodeIgniter.php(499): CodeIgniter\CodeIgniter->runController(Object(App\Controllers\Rastreo))
 3 SYSTEMPATH\CodeIgniter.php(368): CodeIgniter\CodeIgniter->handleRequest(null, Object(Config\Cache), false)
 4 FCPATH\index.php(67): CodeIgniter\CodeIgniter->run()
WARNING - 2023-06-06 00:59:45 --> [DEPRECATED] Function utf8_decode() is deprecated in APPPATH\Controllers\Rastreo.php on line 424.
 1 SYSTEMPATH\CodeIgniter.php(934): App\Controllers\Rastreo->pdf('30')
 2 SYSTEMPATH\CodeIgniter.php(499): CodeIgniter\CodeIgniter->runController(Object(App\Controllers\Rastreo))
 3 SYSTEMPATH\CodeIgniter.php(368): CodeIgniter\CodeIgniter->handleRequest(null, Object(Config\Cache), false)
 4 FCPATH\index.php(67): CodeIgniter\CodeIgniter->run()
WARNING - 2023-06-06 00:59:45 --> [DEPRECATED] Function utf8_decode() is deprecated in APPPATH\Controllers\Rastreo.php on line 427.
 1 SYSTEMPATH\CodeIgniter.php(934): App\Controllers\Rastreo->pdf('30')
 2 SYSTEMPATH\CodeIgniter.php(499): CodeIgniter\CodeIgniter->runController(Object(App\Controllers\Rastreo))
 3 SYSTEMPATH\CodeIgniter.php(368): CodeIgniter\CodeIgniter->handleRequest(null, Object(Config\Cache), false)
 4 FCPATH\index.php(67): CodeIgniter\CodeIgniter->run()
WARNING - 2023-06-06 00:59:45 --> [DEPRECATED] Function utf8_decode() is deprecated in APPPATH\Controllers\Rastreo.php on line 424.
 1 SYSTEMPATH\CodeIgniter.php(934): App\Controllers\Rastreo->pdf('30')
 2 SYSTEMPATH\CodeIgniter.php(499): CodeIgniter\CodeIgniter->runController(Object(App\Controllers\Rastreo))
 3 SYSTEMPATH\CodeIgniter.php(368): CodeIgniter\CodeIgniter->handleRequest(null, Object(Config\Cache), false)
 4 FCPATH\index.php(67): CodeIgniter\CodeIgniter->run()
WARNING - 2023-06-06 00:59:45 --> [DEPRECATED] Function utf8_decode() is deprecated in APPPATH\Controllers\Rastreo.php on line 427.
 1 SYSTEMPATH\CodeIgniter.php(934): App\Controllers\Rastreo->pdf('30')
 2 SYSTEMPATH\CodeIgniter.php(499): CodeIgniter\CodeIgniter->runController(Object(App\Controllers\Rastreo))
 3 SYSTEMPATH\CodeIgniter.php(368): CodeIgniter\CodeIgniter->handleRequest(null, Object(Config\Cache), false)
 4 FCPATH\index.php(67): CodeIgniter\CodeIgniter->run()
WARNING - 2023-06-06 00:59:45 --> [DEPRECATED] Function utf8_decode() is deprecated in APPPATH\Controllers\Rastreo.php on line 424.
 1 SYSTEMPATH\CodeIgniter.php(934): App\Controllers\Rastreo->pdf('30')
 2 SYSTEMPATH\CodeIgniter.php(499): CodeIgniter\CodeIgniter->runController(Object(App\Controllers\Rastreo))
 3 SYSTEMPATH\CodeIgniter.php(368): CodeIgniter\CodeIgniter->handleRequest(null, Object(Config\Cache), false)
 4 FCPATH\index.php(67): CodeIgniter\CodeIgniter->run()
WARNING - 2023-06-06 00:59:45 --> [DEPRECATED] Function utf8_decode() is deprecated in APPPATH\Controllers\Rastreo.php on line 427.
 1 SYSTEMPATH\CodeIgniter.php(934): App\Controllers\Rastreo->pdf('30')
 2 SYSTEMPATH\CodeIgniter.php(499): CodeIgniter\CodeIgniter->runController(Object(App\Controllers\Rastreo))
 3 SYSTEMPATH\CodeIgniter.php(368): CodeIgniter\CodeIgniter->handleRequest(null, Object(Config\Cache), false)
 4 FCPATH\index.php(67): CodeIgniter\CodeIgniter->run()
WARNING - 2023-06-06 00:59:45 --> [DEPRECATED] Function utf8_decode() is deprecated in APPPATH\Controllers\Rastreo.php on line 424.
 1 SYSTEMPATH\CodeIgniter.php(934): App\Controllers\Rastreo->pdf('30')
 2 SYSTEMPATH\CodeIgniter.php(499): CodeIgniter\CodeIgniter->runController(Object(App\Controllers\Rastreo))
 3 SYSTEMPATH\CodeIgniter.php(368): CodeIgniter\CodeIgniter->handleRequest(null, Object(Config\Cache), false)
 4 FCPATH\index.php(67): CodeIgniter\CodeIgniter->run()
WARNING - 2023-06-06 00:59:45 --> [DEPRECATED] Function utf8_decode() is deprecated in APPPATH\Controllers\Rastreo.php on line 427.
 1 SYSTEMPATH\CodeIgniter.php(934): App\Controllers\Rastreo->pdf('30')
 2 SYSTEMPATH\CodeIgniter.php(499): CodeIgniter\CodeIgniter->runController(Object(App\Controllers\Rastreo))
 3 SYSTEMPATH\CodeIgniter.php(368): CodeIgniter\CodeIgniter->handleRequest(null, Object(Config\Cache), false)
 4 FCPATH\index.php(67): CodeIgniter\CodeIgniter->run()
WARNING - 2023-06-06 00:59:45 --> [DEPRECATED] Function utf8_decode() is deprecated in APPPATH\Controllers\Rastreo.php on line 424.
 1 SYSTEMPATH\CodeIgniter.php(934): App\Controllers\Rastreo->pdf('30')
 2 SYSTEMPATH\CodeIgniter.php(499): CodeIgniter\CodeIgniter->runController(Object(App\Controllers\Rastreo))
 3 SYSTEMPATH\CodeIgniter.php(368): CodeIgniter\CodeIgniter->handleRequest(null, Object(Config\Cache), false)
 4 FCPATH\index.php(67): CodeIgniter\CodeIgniter->run()
WARNING - 2023-06-06 00:59:45 --> [DEPRECATED] Function utf8_decode() is deprecated in APPPATH\Controllers\Rastreo.php on line 427.
 1 SYSTEMPATH\CodeIgniter.php(934): App\Controllers\Rastreo->pdf('30')
 2 SYSTEMPATH\CodeIgniter.php(499): CodeIgniter\CodeIgniter->runController(Object(App\Controllers\Rastreo))
 3 SYSTEMPATH\CodeIgniter.php(368): CodeIgniter\CodeIgniter->handleRequest(null, Object(Config\Cache), false)
 4 FCPATH\index.php(67): CodeIgniter\CodeIgniter->run()
WARNING - 2023-06-06 00:59:45 --> [DEPRECATED] Function utf8_decode() is deprecated in APPPATH\Controllers\Rastreo.php on line 424.
 1 SYSTEMPATH\CodeIgniter.php(934): App\Controllers\Rastreo->pdf('30')
 2 SYSTEMPATH\CodeIgniter.php(499): CodeIgniter\CodeIgniter->runController(Object(App\Controllers\Rastreo))
 3 SYSTEMPATH\CodeIgniter.php(368): CodeIgniter\CodeIgniter->handleRequest(null, Object(Config\Cache), false)
 4 FCPATH\index.php(67): CodeIgniter\CodeIgniter->run()
WARNING - 2023-06-06 00:59:45 --> [DEPRECATED] Function utf8_decode() is deprecated in APPPATH\Controllers\Rastreo.php on line 427.
 1 SYSTEMPATH\CodeIgniter.php(934): App\Controllers\Rastreo->pdf('30')
 2 SYSTEMPATH\CodeIgniter.php(499): CodeIgniter\CodeIgniter->runController(Object(App\Controllers\Rastreo))
 3 SYSTEMPATH\CodeIgniter.php(368): CodeIgniter\CodeIgniter->handleRequest(null, Object(Config\Cache), false)
 4 FCPATH\index.php(67): CodeIgniter\CodeIgniter->run()
WARNING - 2023-06-06 00:59:45 --> [DEPRECATED] Function utf8_decode() is deprecated in APPPATH\Controllers\Rastreo.php on line 453.
 1 SYSTEMPATH\CodeIgniter.php(934): App\Controllers\Rastreo->pdf('30')
 2 SYSTEMPATH\CodeIgniter.php(499): CodeIgniter\CodeIgniter->runController(Object(App\Controllers\Rastreo))
 3 SYSTEMPATH\CodeIgniter.php(368): CodeIgniter\CodeIgniter->handleRequest(null, Object(Config\Cache), false)
 4 FCPATH\index.php(67): CodeIgniter\CodeIgniter->run()
WARNING - 2023-06-06 00:59:45 --> [DEPRECATED] Function utf8_decode() is deprecated in APPPATH\Controllers\Rastreo.php on line 463.
 1 SYSTEMPATH\CodeIgniter.php(934): App\Controllers\Rastreo->pdf('30')
 2 SYSTEMPATH\CodeIgniter.php(499): CodeIgniter\CodeIgniter->runController(Object(App\Controllers\Rastreo))
 3 SYSTEMPATH\CodeIgniter.php(368): CodeIgniter\CodeIgniter->handleRequest(null, Object(Config\Cache), false)
 4 FCPATH\index.php(67): CodeIgniter\CodeIgniter->run()
WARNING - 2023-06-06 00:59:45 --> [DEPRECATED] Function utf8_decode() is deprecated in APPPATH\Controllers\Rastreo.php on line 463.
 1 SYSTEMPATH\CodeIgniter.php(934): App\Controllers\Rastreo->pdf('30')
 2 SYSTEMPATH\CodeIgniter.php(499): CodeIgniter\CodeIgniter->runController(Object(App\Controllers\Rastreo))
 3 SYSTEMPATH\CodeIgniter.php(368): CodeIgniter\CodeIgniter->handleRequest(null, Object(Config\Cache), false)
 4 FCPATH\index.php(67): CodeIgniter\CodeIgniter->run()
WARNING - 2023-06-06 00:59:45 --> [DEPRECATED] Function utf8_decode() is deprecated in APPPATH\Controllers\Rastreo.php on line 463.
 1 SYSTEMPATH\CodeIgniter.php(934): App\Controllers\Rastreo->pdf('30')
 2 SYSTEMPATH\CodeIgniter.php(499): CodeIgniter\CodeIgniter->runController(Object(App\Controllers\Rastreo))
 3 SYSTEMPATH\CodeIgniter.php(368): CodeIgniter\CodeIgniter->handleRequest(null, Object(Config\Cache), false)
 4 FCPATH\index.php(67): CodeIgniter\CodeIgniter->run()
WARNING - 2023-06-06 00:59:45 --> [DEPRECATED] Function utf8_decode() is deprecated in APPPATH\Controllers\Rastreo.php on line 467.
 1 SYSTEMPATH\CodeIgniter.php(934): App\Controllers\Rastreo->pdf('30')
 2 SYSTEMPATH\CodeIgniter.php(499): CodeIgniter\CodeIgniter->runController(Object(App\Controllers\Rastreo))
 3 SYSTEMPATH\CodeIgniter.php(368): CodeIgniter\CodeIgniter->handleRequest(null, Object(Config\Cache), false)
 4 FCPATH\index.php(67): CodeIgniter\CodeIgniter->run()
INFO - 2023-06-06 01:01:20 --> Session: Class initialized using 'CodeIgniter\Session\Handlers\FileHandler' driver.
WARNING - 2023-06-06 01:05:38 --> [DEPRECATED] Function utf8_decode() is deprecated in APPPATH\Controllers\Rastreo.php on line 365.
 1 SYSTEMPATH\CodeIgniter.php(934): App\Controllers\Rastreo->pdf('30')
 2 SYSTEMPATH\CodeIgniter.php(499): CodeIgniter\CodeIgniter->runController(Object(App\Controllers\Rastreo))
 3 SYSTEMPATH\CodeIgniter.php(368): CodeIgniter\CodeIgniter->handleRequest(null, Object(Config\Cache), false)
 4 FCPATH\index.php(67): CodeIgniter\CodeIgniter->run()
WARNING - 2023-06-06 01:05:38 --> [DEPRECATED] Function utf8_decode() is deprecated in APPPATH\Controllers\Rastreo.php on line 369.
 1 SYSTEMPATH\CodeIgniter.php(934): App\Controllers\Rastreo->pdf('30')
 2 SYSTEMPATH\CodeIgniter.php(499): CodeIgniter\CodeIgniter->runController(Object(App\Controllers\Rastreo))
 3 SYSTEMPATH\CodeIgniter.php(368): CodeIgniter\CodeIgniter->handleRequest(null, Object(Config\Cache), false)
 4 FCPATH\index.php(67): CodeIgniter\CodeIgniter->run()
WARNING - 2023-06-06 01:05:38 --> [DEPRECATED] Function utf8_decode() is deprecated in APPPATH\Controllers\Rastreo.php on line 373.
 1 SYSTEMPATH\CodeIgniter.php(934): App\Controllers\Rastreo->pdf('30')
 2 SYSTEMPATH\CodeIgniter.php(499): CodeIgniter\CodeIgniter->runController(Object(App\Controllers\Rastreo))
 3 SYSTEMPATH\CodeIgniter.php(368): CodeIgniter\CodeIgniter->handleRequest(null, Object(Config\Cache), false)
 4 FCPATH\index.php(67): CodeIgniter\CodeIgniter->run()
WARNING - 2023-06-06 01:05:38 --> [DEPRECATED] Function utf8_decode() is deprecated in APPPATH\Controllers\Rastreo.php on line 377.
 1 SYSTEMPATH\CodeIgniter.php(934): App\Controllers\Rastreo->pdf('30')
 2 SYSTEMPATH\CodeIgniter.php(499): CodeIgniter\CodeIgniter->runController(Object(App\Controllers\Rastreo))
 3 SYSTEMPATH\CodeIgniter.php(368): CodeIgniter\CodeIgniter->handleRequest(null, Object(Config\Cache), false)
 4 FCPATH\index.php(67): CodeIgniter\CodeIgniter->run()
WARNING - 2023-06-06 01:05:38 --> [DEPRECATED] Function utf8_decode() is deprecated in APPPATH\Controllers\Rastreo.php on line 382.
 1 SYSTEMPATH\CodeIgniter.php(934): App\Controllers\Rastreo->pdf('30')
 2 SYSTEMPATH\CodeIgniter.php(499): CodeIgniter\CodeIgniter->runController(Object(App\Controllers\Rastreo))
 3 SYSTEMPATH\CodeIgniter.php(368): CodeIgniter\CodeIgniter->handleRequest(null, Object(Config\Cache), false)
 4 FCPATH\index.php(67): CodeIgniter\CodeIgniter->run()
WARNING - 2023-06-06 01:05:38 --> [DEPRECATED] Function utf8_decode() is deprecated in APPPATH\Controllers\Rastreo.php on line 386.
 1 SYSTEMPATH\CodeIgniter.php(934): App\Controllers\Rastreo->pdf('30')
 2 SYSTEMPATH\CodeIgniter.php(499): CodeIgniter\CodeIgniter->runController(Object(App\Controllers\Rastreo))
 3 SYSTEMPATH\CodeIgniter.php(368): CodeIgniter\CodeIgniter->handleRequest(null, Object(Config\Cache), false)
 4 FCPATH\index.php(67): CodeIgniter\CodeIgniter->run()
WARNING - 2023-06-06 01:05:38 --> [DEPRECATED] Function utf8_decode() is deprecated in APPPATH\Controllers\Rastreo.php on line 391.
 1 SYSTEMPATH\CodeIgniter.php(934): App\Controllers\Rastreo->pdf('30')
 2 SYSTEMPATH\CodeIgniter.php(499): CodeIgniter\CodeIgniter->runController(Object(App\Controllers\Rastreo))
 3 SYSTEMPATH\CodeIgniter.php(368): CodeIgniter\CodeIgniter->handleRequest(null, Object(Config\Cache), false)
 4 FCPATH\index.php(67): CodeIgniter\CodeIgniter->run()
WARNING - 2023-06-06 01:05:38 --> [DEPRECATED] Function utf8_decode() is deprecated in APPPATH\Controllers\Rastreo.php on line 395.
 1 SYSTEMPATH\CodeIgniter.php(934): App\Controllers\Rastreo->pdf('30')
 2 SYSTEMPATH\CodeIgniter.php(499): CodeIgniter\CodeIgniter->runController(Object(App\Controllers\Rastreo))
 3 SYSTEMPATH\CodeIgniter.php(368): CodeIgniter\CodeIgniter->handleRequest(null, Object(Config\Cache), false)
 4 FCPATH\index.php(67): CodeIgniter\CodeIgniter->run()
WARNING - 2023-06-06 01:05:38 --> [DEPRECATED] Function utf8_decode() is deprecated in APPPATH\Controllers\Rastreo.php on line 412.
 1 SYSTEMPATH\CodeIgniter.php(934): App\Controllers\Rastreo->pdf('30')
 2 SYSTEMPATH\CodeIgniter.php(499): CodeIgniter\CodeIgniter->runController(Object(App\Controllers\Rastreo))
 3 SYSTEMPATH\CodeIgniter.php(368): CodeIgniter\CodeIgniter->handleRequest(null, Object(Config\Cache), false)
 4 FCPATH\index.php(67): CodeIgniter\CodeIgniter->run()
WARNING - 2023-06-06 01:05:38 --> [DEPRECATED] Function utf8_decode() is deprecated in APPPATH\Controllers\Rastreo.php on line 424.
 1 SYSTEMPATH\CodeIgniter.php(934): App\Controllers\Rastreo->pdf('30')
 2 SYSTEMPATH\CodeIgniter.php(499): CodeIgniter\CodeIgniter->runController(Object(App\Controllers\Rastreo))
 3 SYSTEMPATH\CodeIgniter.php(368): CodeIgniter\CodeIgniter->handleRequest(null, Object(Config\Cache), false)
 4 FCPATH\index.php(67): CodeIgniter\CodeIgniter->run()
WARNING - 2023-06-06 01:05:38 --> [DEPRECATED] Function utf8_decode() is deprecated in APPPATH\Controllers\Rastreo.php on line 427.
 1 SYSTEMPATH\CodeIgniter.php(934): App\Controllers\Rastreo->pdf('30')
 2 SYSTEMPATH\CodeIgniter.php(499): CodeIgniter\CodeIgniter->runController(Object(App\Controllers\Rastreo))
 3 SYSTEMPATH\CodeIgniter.php(368): CodeIgniter\CodeIgniter->handleRequest(null, Object(Config\Cache), false)
 4 FCPATH\index.php(67): CodeIgniter\CodeIgniter->run()
WARNING - 2023-06-06 01:05:38 --> [DEPRECATED] Function utf8_decode() is deprecated in APPPATH\Controllers\Rastreo.php on line 424.
 1 SYSTEMPATH\CodeIgniter.php(934): App\Controllers\Rastreo->pdf('30')
 2 SYSTEMPATH\CodeIgniter.php(499): CodeIgniter\CodeIgniter->runController(Object(App\Controllers\Rastreo))
 3 SYSTEMPATH\CodeIgniter.php(368): CodeIgniter\CodeIgniter->handleRequest(null, Object(Config\Cache), false)
 4 FCPATH\index.php(67): CodeIgniter\CodeIgniter->run()
WARNING - 2023-06-06 01:05:38 --> [DEPRECATED] Function utf8_decode() is deprecated in APPPATH\Controllers\Rastreo.php on line 427.
 1 SYSTEMPATH\CodeIgniter.php(934): App\Controllers\Rastreo->pdf('30')
 2 SYSTEMPATH\CodeIgniter.php(499): CodeIgniter\CodeIgniter->runController(Object(App\Controllers\Rastreo))
 3 SYSTEMPATH\CodeIgniter.php(368): CodeIgniter\CodeIgniter->handleRequest(null, Object(Config\Cache), false)
 4 FCPATH\index.php(67): CodeIgniter\CodeIgniter->run()
WARNING - 2023-06-06 01:05:38 --> [DEPRECATED] Function utf8_decode() is deprecated in APPPATH\Controllers\Rastreo.php on line 424.
 1 SYSTEMPATH\CodeIgniter.php(934): App\Controllers\Rastreo->pdf('30')
 2 SYSTEMPATH\CodeIgniter.php(499): CodeIgniter\CodeIgniter->runController(Object(App\Controllers\Rastreo))
 3 SYSTEMPATH\CodeIgniter.php(368): CodeIgniter\CodeIgniter->handleRequest(null, Object(Config\Cache), false)
 4 FCPATH\index.php(67): CodeIgniter\CodeIgniter->run()
WARNING - 2023-06-06 01:05:38 --> [DEPRECATED] Function utf8_decode() is deprecated in APPPATH\Controllers\Rastreo.php on line 427.
 1 SYSTEMPATH\CodeIgniter.php(934): App\Controllers\Rastreo->pdf('30')
 2 SYSTEMPATH\CodeIgniter.php(499): CodeIgniter\CodeIgniter->runController(Object(App\Controllers\Rastreo))
 3 SYSTEMPATH\CodeIgniter.php(368): CodeIgniter\CodeIgniter->handleRequest(null, Object(Config\Cache), false)
 4 FCPATH\index.php(67): CodeIgniter\CodeIgniter->run()
WARNING - 2023-06-06 01:05:38 --> [DEPRECATED] Function utf8_decode() is deprecated in APPPATH\Controllers\Rastreo.php on line 424.
 1 SYSTEMPATH\CodeIgniter.php(934): App\Controllers\Rastreo->pdf('30')
 2 SYSTEMPATH\CodeIgniter.php(499): CodeIgniter\CodeIgniter->runController(Object(App\Controllers\Rastreo))
 3 SYSTEMPATH\CodeIgniter.php(368): CodeIgniter\CodeIgniter->handleRequest(null, Object(Config\Cache), false)
 4 FCPATH\index.php(67): CodeIgniter\CodeIgniter->run()
WARNING - 2023-06-06 01:05:38 --> [DEPRECATED] Function utf8_decode() is deprecated in APPPATH\Controllers\Rastreo.php on line 427.
 1 SYSTEMPATH\CodeIgniter.php(934): App\Controllers\Rastreo->pdf('30')
 2 SYSTEMPATH\CodeIgniter.php(499): CodeIgniter\CodeIgniter->runController(Object(App\Controllers\Rastreo))
 3 SYSTEMPATH\CodeIgniter.php(368): CodeIgniter\CodeIgniter->handleRequest(null, Object(Config\Cache), false)
 4 FCPATH\index.php(67): CodeIgniter\CodeIgniter->run()
WARNING - 2023-06-06 01:05:38 --> [DEPRECATED] Function utf8_decode() is deprecated in APPPATH\Controllers\Rastreo.php on line 424.
 1 SYSTEMPATH\CodeIgniter.php(934): App\Controllers\Rastreo->pdf('30')
 2 SYSTEMPATH\CodeIgniter.php(499): CodeIgniter\CodeIgniter->runController(Object(App\Controllers\Rastreo))
 3 SYSTEMPATH\CodeIgniter.php(368): CodeIgniter\CodeIgniter->handleRequest(null, Object(Config\Cache), false)
 4 FCPATH\index.php(67): CodeIgniter\CodeIgniter->run()
WARNING - 2023-06-06 01:05:38 --> [DEPRECATED] Function utf8_decode() is deprecated in APPPATH\Controllers\Rastreo.php on line 427.
 1 SYSTEMPATH\CodeIgniter.php(934): App\Controllers\Rastreo->pdf('30')
 2 SYSTEMPATH\CodeIgniter.php(499): CodeIgniter\CodeIgniter->runController(Object(App\Controllers\Rastreo))
 3 SYSTEMPATH\CodeIgniter.php(368): CodeIgniter\CodeIgniter->handleRequest(null, Object(Config\Cache), false)
 4 FCPATH\index.php(67): CodeIgniter\CodeIgniter->run()
WARNING - 2023-06-06 01:05:38 --> [DEPRECATED] Function utf8_decode() is deprecated in APPPATH\Controllers\Rastreo.php on line 424.
 1 SYSTEMPATH\CodeIgniter.php(934): App\Controllers\Rastreo->pdf('30')
 2 SYSTEMPATH\CodeIgniter.php(499): CodeIgniter\CodeIgniter->runController(Object(App\Controllers\Rastreo))
 3 SYSTEMPATH\CodeIgniter.php(368): CodeIgniter\CodeIgniter->handleRequest(null, Object(Config\Cache), false)
 4 FCPATH\index.php(67): CodeIgniter\CodeIgniter->run()
WARNING - 2023-06-06 01:05:38 --> [DEPRECATED] Function utf8_decode() is deprecated in APPPATH\Controllers\Rastreo.php on line 427.
 1 SYSTEMPATH\CodeIgniter.php(934): App\Controllers\Rastreo->pdf('30')
 2 SYSTEMPATH\CodeIgniter.php(499): CodeIgniter\CodeIgniter->runController(Object(App\Controllers\Rastreo))
 3 SYSTEMPATH\CodeIgniter.php(368): CodeIgniter\CodeIgniter->handleRequest(null, Object(Config\Cache), false)
 4 FCPATH\index.php(67): CodeIgniter\CodeIgniter->run()
WARNING - 2023-06-06 01:05:38 --> [DEPRECATED] Function utf8_decode() is deprecated in APPPATH\Controllers\Rastreo.php on line 453.
 1 SYSTEMPATH\CodeIgniter.php(934): App\Controllers\Rastreo->pdf('30')
 2 SYSTEMPATH\CodeIgniter.php(499): CodeIgniter\CodeIgniter->runController(Object(App\Controllers\Rastreo))
 3 SYSTEMPATH\CodeIgniter.php(368): CodeIgniter\CodeIgniter->handleRequest(null, Object(Config\Cache), false)
 4 FCPATH\index.php(67): CodeIgniter\CodeIgniter->run()
WARNING - 2023-06-06 01:05:38 --> [DEPRECATED] Function utf8_decode() is deprecated in APPPATH\Controllers\Rastreo.php on line 463.
 1 SYSTEMPATH\CodeIgniter.php(934): App\Controllers\Rastreo->pdf('30')
 2 SYSTEMPATH\CodeIgniter.php(499): CodeIgniter\CodeIgniter->runController(Object(App\Controllers\Rastreo))
 3 SYSTEMPATH\CodeIgniter.php(368): CodeIgniter\CodeIgniter->handleRequest(null, Object(Config\Cache), false)
 4 FCPATH\index.php(67): CodeIgniter\CodeIgniter->run()
WARNING - 2023-06-06 01:05:38 --> [DEPRECATED] Function utf8_decode() is deprecated in APPPATH\Controllers\Rastreo.php on line 463.
 1 SYSTEMPATH\CodeIgniter.php(934): App\Controllers\Rastreo->pdf('30')
 2 SYSTEMPATH\CodeIgniter.php(499): CodeIgniter\CodeIgniter->runController(Object(App\Controllers\Rastreo))
 3 SYSTEMPATH\CodeIgniter.php(368): CodeIgniter\CodeIgniter->handleRequest(null, Object(Config\Cache), false)
 4 FCPATH\index.php(67): CodeIgniter\CodeIgniter->run()
WARNING - 2023-06-06 01:05:38 --> [DEPRECATED] Function utf8_decode() is deprecated in APPPATH\Controllers\Rastreo.php on line 463.
 1 SYSTEMPATH\CodeIgniter.php(934): App\Controllers\Rastreo->pdf('30')
 2 SYSTEMPATH\CodeIgniter.php(499): CodeIgniter\CodeIgniter->runController(Object(App\Controllers\Rastreo))
 3 SYSTEMPATH\CodeIgniter.php(368): CodeIgniter\CodeIgniter->handleRequest(null, Object(Config\Cache), false)
 4 FCPATH\index.php(67): CodeIgniter\CodeIgniter->run()
WARNING - 2023-06-06 01:05:38 --> [DEPRECATED] Function utf8_decode() is deprecated in APPPATH\Controllers\Rastreo.php on line 467.
 1 SYSTEMPATH\CodeIgniter.php(934): App\Controllers\Rastreo->pdf('30')
 2 SYSTEMPATH\CodeIgniter.php(499): CodeIgniter\CodeIgniter->runController(Object(App\Controllers\Rastreo))
 3 SYSTEMPATH\CodeIgniter.php(368): CodeIgniter\CodeIgniter->handleRequest(null, Object(Config\Cache), false)
 4 FCPATH\index.php(67): CodeIgniter\CodeIgniter->run()
WARNING - 2023-06-06 01:14:21 --> [DEPRECATED] Function utf8_decode() is deprecated in APPPATH\Controllers\Rastreo.php on line 365.
 1 SYSTEMPATH\CodeIgniter.php(934): App\Controllers\Rastreo->pdf('30')
 2 SYSTEMPATH\CodeIgniter.php(499): CodeIgniter\CodeIgniter->runController(Object(App\Controllers\Rastreo))
 3 SYSTEMPATH\CodeIgniter.php(368): CodeIgniter\CodeIgniter->handleRequest(null, Object(Config\Cache), false)
 4 FCPATH\index.php(67): CodeIgniter\CodeIgniter->run()
WARNING - 2023-06-06 01:14:21 --> [DEPRECATED] Function utf8_decode() is deprecated in APPPATH\Controllers\Rastreo.php on line 369.
 1 SYSTEMPATH\CodeIgniter.php(934): App\Controllers\Rastreo->pdf('30')
 2 SYSTEMPATH\CodeIgniter.php(499): CodeIgniter\CodeIgniter->runController(Object(App\Controllers\Rastreo))
 3 SYSTEMPATH\CodeIgniter.php(368): CodeIgniter\CodeIgniter->handleRequest(null, Object(Config\Cache), false)
 4 FCPATH\index.php(67): CodeIgniter\CodeIgniter->run()
WARNING - 2023-06-06 01:14:21 --> [DEPRECATED] Function utf8_decode() is deprecated in APPPATH\Controllers\Rastreo.php on line 373.
 1 SYSTEMPATH\CodeIgniter.php(934): App\Controllers\Rastreo->pdf('30')
 2 SYSTEMPATH\CodeIgniter.php(499): CodeIgniter\CodeIgniter->runController(Object(App\Controllers\Rastreo))
 3 SYSTEMPATH\CodeIgniter.php(368): CodeIgniter\CodeIgniter->handleRequest(null, Object(Config\Cache), false)
 4 FCPATH\index.php(67): CodeIgniter\CodeIgniter->run()
WARNING - 2023-06-06 01:14:21 --> [DEPRECATED] Function utf8_decode() is deprecated in APPPATH\Controllers\Rastreo.php on line 377.
 1 SYSTEMPATH\CodeIgniter.php(934): App\Controllers\Rastreo->pdf('30')
 2 SYSTEMPATH\CodeIgniter.php(499): CodeIgniter\CodeIgniter->runController(Object(App\Controllers\Rastreo))
 3 SYSTEMPATH\CodeIgniter.php(368): CodeIgniter\CodeIgniter->handleRequest(null, Object(Config\Cache), false)
 4 FCPATH\index.php(67): CodeIgniter\CodeIgniter->run()
WARNING - 2023-06-06 01:14:21 --> [DEPRECATED] Function utf8_decode() is deprecated in APPPATH\Controllers\Rastreo.php on line 382.
 1 SYSTEMPATH\CodeIgniter.php(934): App\Controllers\Rastreo->pdf('30')
 2 SYSTEMPATH\CodeIgniter.php(499): CodeIgniter\CodeIgniter->runController(Object(App\Controllers\Rastreo))
 3 SYSTEMPATH\CodeIgniter.php(368): CodeIgniter\CodeIgniter->handleRequest(null, Object(Config\Cache), false)
 4 FCPATH\index.php(67): CodeIgniter\CodeIgniter->run()
WARNING - 2023-06-06 01:14:21 --> [DEPRECATED] Function utf8_decode() is deprecated in APPPATH\Controllers\Rastreo.php on line 386.
 1 SYSTEMPATH\CodeIgniter.php(934): App\Controllers\Rastreo->pdf('30')
 2 SYSTEMPATH\CodeIgniter.php(499): CodeIgniter\CodeIgniter->runController(Object(App\Controllers\Rastreo))
 3 SYSTEMPATH\CodeIgniter.php(368): CodeIgniter\CodeIgniter->handleRequest(null, Object(Config\Cache), false)
 4 FCPATH\index.php(67): CodeIgniter\CodeIgniter->run()
WARNING - 2023-06-06 01:14:21 --> [DEPRECATED] Function utf8_decode() is deprecated in APPPATH\Controllers\Rastreo.php on line 391.
 1 SYSTEMPATH\CodeIgniter.php(934): App\Controllers\Rastreo->pdf('30')
 2 SYSTEMPATH\CodeIgniter.php(499): CodeIgniter\CodeIgniter->runController(Object(App\Controllers\Rastreo))
 3 SYSTEMPATH\CodeIgniter.php(368): CodeIgniter\CodeIgniter->handleRequest(null, Object(Config\Cache), false)
 4 FCPATH\index.php(67): CodeIgniter\CodeIgniter->run()
WARNING - 2023-06-06 01:14:21 --> [DEPRECATED] Function utf8_decode() is deprecated in APPPATH\Controllers\Rastreo.php on line 395.
 1 SYSTEMPATH\CodeIgniter.php(934): App\Controllers\Rastreo->pdf('30')
 2 SYSTEMPATH\CodeIgniter.php(499): CodeIgniter\CodeIgniter->runController(Object(App\Controllers\Rastreo))
 3 SYSTEMPATH\CodeIgniter.php(368): CodeIgniter\CodeIgniter->handleRequest(null, Object(Config\Cache), false)
 4 FCPATH\index.php(67): CodeIgniter\CodeIgniter->run()
WARNING - 2023-06-06 01:14:21 --> [DEPRECATED] Function utf8_decode() is deprecated in APPPATH\Controllers\Rastreo.php on line 412.
 1 SYSTEMPATH\CodeIgniter.php(934): App\Controllers\Rastreo->pdf('30')
 2 SYSTEMPATH\CodeIgniter.php(499): CodeIgniter\CodeIgniter->runController(Object(App\Controllers\Rastreo))
 3 SYSTEMPATH\CodeIgniter.php(368): CodeIgniter\CodeIgniter->handleRequest(null, Object(Config\Cache), false)
 4 FCPATH\index.php(67): CodeIgniter\CodeIgniter->run()
WARNING - 2023-06-06 01:14:21 --> [DEPRECATED] Function utf8_decode() is deprecated in APPPATH\Controllers\Rastreo.php on line 424.
 1 SYSTEMPATH\CodeIgniter.php(934): App\Controllers\Rastreo->pdf('30')
 2 SYSTEMPATH\CodeIgniter.php(499): CodeIgniter\CodeIgniter->runController(Object(App\Controllers\Rastreo))
 3 SYSTEMPATH\CodeIgniter.php(368): CodeIgniter\CodeIgniter->handleRequest(null, Object(Config\Cache), false)
 4 FCPATH\index.php(67): CodeIgniter\CodeIgniter->run()
WARNING - 2023-06-06 01:14:21 --> [DEPRECATED] Function utf8_decode() is deprecated in APPPATH\Controllers\Rastreo.php on line 427.
 1 SYSTEMPATH\CodeIgniter.php(934): App\Controllers\Rastreo->pdf('30')
 2 SYSTEMPATH\CodeIgniter.php(499): CodeIgniter\CodeIgniter->runController(Object(App\Controllers\Rastreo))
 3 SYSTEMPATH\CodeIgniter.php(368): CodeIgniter\CodeIgniter->handleRequest(null, Object(Config\Cache), false)
 4 FCPATH\index.php(67): CodeIgniter\CodeIgniter->run()
WARNING - 2023-06-06 01:14:21 --> [DEPRECATED] Function utf8_decode() is deprecated in APPPATH\Controllers\Rastreo.php on line 424.
 1 SYSTEMPATH\CodeIgniter.php(934): App\Controllers\Rastreo->pdf('30')
 2 SYSTEMPATH\CodeIgniter.php(499): CodeIgniter\CodeIgniter->runController(Object(App\Controllers\Rastreo))
 3 SYSTEMPATH\CodeIgniter.php(368): CodeIgniter\CodeIgniter->handleRequest(null, Object(Config\Cache), false)
 4 FCPATH\index.php(67): CodeIgniter\CodeIgniter->run()
WARNING - 2023-06-06 01:14:21 --> [DEPRECATED] Function utf8_decode() is deprecated in APPPATH\Controllers\Rastreo.php on line 427.
 1 SYSTEMPATH\CodeIgniter.php(934): App\Controllers\Rastreo->pdf('30')
 2 SYSTEMPATH\CodeIgniter.php(499): CodeIgniter\CodeIgniter->runController(Object(App\Controllers\Rastreo))
 3 SYSTEMPATH\CodeIgniter.php(368): CodeIgniter\CodeIgniter->handleRequest(null, Object(Config\Cache), false)
 4 FCPATH\index.php(67): CodeIgniter\CodeIgniter->run()
WARNING - 2023-06-06 01:14:21 --> [DEPRECATED] Function utf8_decode() is deprecated in APPPATH\Controllers\Rastreo.php on line 424.
 1 SYSTEMPATH\CodeIgniter.php(934): App\Controllers\Rastreo->pdf('30')
 2 SYSTEMPATH\CodeIgniter.php(499): CodeIgniter\CodeIgniter->runController(Object(App\Controllers\Rastreo))
 3 SYSTEMPATH\CodeIgniter.php(368): CodeIgniter\CodeIgniter->handleRequest(null, Object(Config\Cache), false)
 4 FCPATH\index.php(67): CodeIgniter\CodeIgniter->run()
WARNING - 2023-06-06 01:14:21 --> [DEPRECATED] Function utf8_decode() is deprecated in APPPATH\Controllers\Rastreo.php on line 427.
 1 SYSTEMPATH\CodeIgniter.php(934): App\Controllers\Rastreo->pdf('30')
 2 SYSTEMPATH\CodeIgniter.php(499): CodeIgniter\CodeIgniter->runController(Object(App\Controllers\Rastreo))
 3 SYSTEMPATH\CodeIgniter.php(368): CodeIgniter\CodeIgniter->handleRequest(null, Object(Config\Cache), false)
 4 FCPATH\index.php(67): CodeIgniter\CodeIgniter->run()
WARNING - 2023-06-06 01:14:21 --> [DEPRECATED] Function utf8_decode() is deprecated in APPPATH\Controllers\Rastreo.php on line 424.
 1 SYSTEMPATH\CodeIgniter.php(934): App\Controllers\Rastreo->pdf('30')
 2 SYSTEMPATH\CodeIgniter.php(499): CodeIgniter\CodeIgniter->runController(Object(App\Controllers\Rastreo))
 3 SYSTEMPATH\CodeIgniter.php(368): CodeIgniter\CodeIgniter->handleRequest(null, Object(Config\Cache), false)
 4 FCPATH\index.php(67): CodeIgniter\CodeIgniter->run()
WARNING - 2023-06-06 01:14:21 --> [DEPRECATED] Function utf8_decode() is deprecated in APPPATH\Controllers\Rastreo.php on line 427.
 1 SYSTEMPATH\CodeIgniter.php(934): App\Controllers\Rastreo->pdf('30')
 2 SYSTEMPATH\CodeIgniter.php(499): CodeIgniter\CodeIgniter->runController(Object(App\Controllers\Rastreo))
 3 SYSTEMPATH\CodeIgniter.php(368): CodeIgniter\CodeIgniter->handleRequest(null, Object(Config\Cache), false)
 4 FCPATH\index.php(67): CodeIgniter\CodeIgniter->run()
WARNING - 2023-06-06 01:14:21 --> [DEPRECATED] Function utf8_decode() is deprecated in APPPATH\Controllers\Rastreo.php on line 424.
 1 SYSTEMPATH\CodeIgniter.php(934): App\Controllers\Rastreo->pdf('30')
 2 SYSTEMPATH\CodeIgniter.php(499): CodeIgniter\CodeIgniter->runController(Object(App\Controllers\Rastreo))
 3 SYSTEMPATH\CodeIgniter.php(368): CodeIgniter\CodeIgniter->handleRequest(null, Object(Config\Cache), false)
 4 FCPATH\index.php(67): CodeIgniter\CodeIgniter->run()
WARNING - 2023-06-06 01:14:21 --> [DEPRECATED] Function utf8_decode() is deprecated in APPPATH\Controllers\Rastreo.php on line 427.
 1 SYSTEMPATH\CodeIgniter.php(934): App\Controllers\Rastreo->pdf('30')
 2 SYSTEMPATH\CodeIgniter.php(499): CodeIgniter\CodeIgniter->runController(Object(App\Controllers\Rastreo))
 3 SYSTEMPATH\CodeIgniter.php(368): CodeIgniter\CodeIgniter->handleRequest(null, Object(Config\Cache), false)
 4 FCPATH\index.php(67): CodeIgniter\CodeIgniter->run()
WARNING - 2023-06-06 01:14:21 --> [DEPRECATED] Function utf8_decode() is deprecated in APPPATH\Controllers\Rastreo.php on line 424.
 1 SYSTEMPATH\CodeIgniter.php(934): App\Controllers\Rastreo->pdf('30')
 2 SYSTEMPATH\CodeIgniter.php(499): CodeIgniter\CodeIgniter->runController(Object(App\Controllers\Rastreo))
 3 SYSTEMPATH\CodeIgniter.php(368): CodeIgniter\CodeIgniter->handleRequest(null, Object(Config\Cache), false)
 4 FCPATH\index.php(67): CodeIgniter\CodeIgniter->run()
WARNING - 2023-06-06 01:14:21 --> [DEPRECATED] Function utf8_decode() is deprecated in APPPATH\Controllers\Rastreo.php on line 427.
 1 SYSTEMPATH\CodeIgniter.php(934): App\Controllers\Rastreo->pdf('30')
 2 SYSTEMPATH\CodeIgniter.php(499): CodeIgniter\CodeIgniter->runController(Object(App\Controllers\Rastreo))
 3 SYSTEMPATH\CodeIgniter.php(368): CodeIgniter\CodeIgniter->handleRequest(null, Object(Config\Cache), false)
 4 FCPATH\index.php(67): CodeIgniter\CodeIgniter->run()
WARNING - 2023-06-06 01:14:21 --> [DEPRECATED] Function utf8_decode() is deprecated in APPPATH\Controllers\Rastreo.php on line 453.
 1 SYSTEMPATH\CodeIgniter.php(934): App\Controllers\Rastreo->pdf('30')
 2 SYSTEMPATH\CodeIgniter.php(499): CodeIgniter\CodeIgniter->runController(Object(App\Controllers\Rastreo))
 3 SYSTEMPATH\CodeIgniter.php(368): CodeIgniter\CodeIgniter->handleRequest(null, Object(Config\Cache), false)
 4 FCPATH\index.php(67): CodeIgniter\CodeIgniter->run()
WARNING - 2023-06-06 01:14:21 --> [DEPRECATED] Function utf8_decode() is deprecated in APPPATH\Controllers\Rastreo.php on line 463.
 1 SYSTEMPATH\CodeIgniter.php(934): App\Controllers\Rastreo->pdf('30')
 2 SYSTEMPATH\CodeIgniter.php(499): CodeIgniter\CodeIgniter->runController(Object(App\Controllers\Rastreo))
 3 SYSTEMPATH\CodeIgniter.php(368): CodeIgniter\CodeIgniter->handleRequest(null, Object(Config\Cache), false)
 4 FCPATH\index.php(67): CodeIgniter\CodeIgniter->run()
WARNING - 2023-06-06 01:14:21 --> [DEPRECATED] Function utf8_decode() is deprecated in APPPATH\Controllers\Rastreo.php on line 463.
 1 SYSTEMPATH\CodeIgniter.php(934): App\Controllers\Rastreo->pdf('30')
 2 SYSTEMPATH\CodeIgniter.php(499): CodeIgniter\CodeIgniter->runController(Object(App\Controllers\Rastreo))
 3 SYSTEMPATH\CodeIgniter.php(368): CodeIgniter\CodeIgniter->handleRequest(null, Object(Config\Cache), false)
 4 FCPATH\index.php(67): CodeIgniter\CodeIgniter->run()
WARNING - 2023-06-06 01:14:21 --> [DEPRECATED] Function utf8_decode() is deprecated in APPPATH\Controllers\Rastreo.php on line 463.
 1 SYSTEMPATH\CodeIgniter.php(934): App\Controllers\Rastreo->pdf('30')
 2 SYSTEMPATH\CodeIgniter.php(499): CodeIgniter\CodeIgniter->runController(Object(App\Controllers\Rastreo))
 3 SYSTEMPATH\CodeIgniter.php(368): CodeIgniter\CodeIgniter->handleRequest(null, Object(Config\Cache), false)
 4 FCPATH\index.php(67): CodeIgniter\CodeIgniter->run()
WARNING - 2023-06-06 01:14:21 --> [DEPRECATED] Function utf8_decode() is deprecated in APPPATH\Controllers\Rastreo.php on line 467.
 1 SYSTEMPATH\CodeIgniter.php(934): App\Controllers\Rastreo->pdf('30')
 2 SYSTEMPATH\CodeIgniter.php(499): CodeIgniter\CodeIgniter->runController(Object(App\Controllers\Rastreo))
 3 SYSTEMPATH\CodeIgniter.php(368): CodeIgniter\CodeIgniter->handleRequest(null, Object(Config\Cache), false)
 4 FCPATH\index.php(67): CodeIgniter\CodeIgniter->run()
CRITICAL - 2023-06-06 01:14:21 --> Undefined property: stdClass::$yy
in APPPATH\Controllers\Rastreo.php on line 485.
 1 APPPATH\Controllers\Rastreo.php(485): CodeIgniter\Debug\Exceptions->errorHandler(2, 'Undefined property: stdClass::$yy', 'C:\\xampp\\htdocs\\empaquesys\\app\\Controllers\\Rastreo.php', 485)
 2 SYSTEMPATH\CodeIgniter.php(934): App\Controllers\Rastreo->pdf('30')
 3 SYSTEMPATH\CodeIgniter.php(499): CodeIgniter\CodeIgniter->runController(Object(App\Controllers\Rastreo))
 4 SYSTEMPATH\CodeIgniter.php(368): CodeIgniter\CodeIgniter->handleRequest(null, Object(Config\Cache), false)
 5 FCPATH\index.php(67): CodeIgniter\CodeIgniter->run()
WARNING - 2023-06-06 01:14:42 --> [DEPRECATED] Function utf8_decode() is deprecated in APPPATH\Controllers\Rastreo.php on line 365.
 1 SYSTEMPATH\CodeIgniter.php(934): App\Controllers\Rastreo->pdf('30')
 2 SYSTEMPATH\CodeIgniter.php(499): CodeIgniter\CodeIgniter->runController(Object(App\Controllers\Rastreo))
 3 SYSTEMPATH\CodeIgniter.php(368): CodeIgniter\CodeIgniter->handleRequest(null, Object(Config\Cache), false)
 4 FCPATH\index.php(67): CodeIgniter\CodeIgniter->run()
WARNING - 2023-06-06 01:14:42 --> [DEPRECATED] Function utf8_decode() is deprecated in APPPATH\Controllers\Rastreo.php on line 369.
 1 SYSTEMPATH\CodeIgniter.php(934): App\Controllers\Rastreo->pdf('30')
 2 SYSTEMPATH\CodeIgniter.php(499): CodeIgniter\CodeIgniter->runController(Object(App\Controllers\Rastreo))
 3 SYSTEMPATH\CodeIgniter.php(368): CodeIgniter\CodeIgniter->handleRequest(null, Object(Config\Cache), false)
 4 FCPATH\index.php(67): CodeIgniter\CodeIgniter->run()
WARNING - 2023-06-06 01:14:42 --> [DEPRECATED] Function utf8_decode() is deprecated in APPPATH\Controllers\Rastreo.php on line 373.
 1 SYSTEMPATH\CodeIgniter.php(934): App\Controllers\Rastreo->pdf('30')
 2 SYSTEMPATH\CodeIgniter.php(499): CodeIgniter\CodeIgniter->runController(Object(App\Controllers\Rastreo))
 3 SYSTEMPATH\CodeIgniter.php(368): CodeIgniter\CodeIgniter->handleRequest(null, Object(Config\Cache), false)
 4 FCPATH\index.php(67): CodeIgniter\CodeIgniter->run()
WARNING - 2023-06-06 01:14:42 --> [DEPRECATED] Function utf8_decode() is deprecated in APPPATH\Controllers\Rastreo.php on line 377.
 1 SYSTEMPATH\CodeIgniter.php(934): App\Controllers\Rastreo->pdf('30')
 2 SYSTEMPATH\CodeIgniter.php(499): CodeIgniter\CodeIgniter->runController(Object(App\Controllers\Rastreo))
 3 SYSTEMPATH\CodeIgniter.php(368): CodeIgniter\CodeIgniter->handleRequest(null, Object(Config\Cache), false)
 4 FCPATH\index.php(67): CodeIgniter\CodeIgniter->run()
WARNING - 2023-06-06 01:14:42 --> [DEPRECATED] Function utf8_decode() is deprecated in APPPATH\Controllers\Rastreo.php on line 382.
 1 SYSTEMPATH\CodeIgniter.php(934): App\Controllers\Rastreo->pdf('30')
 2 SYSTEMPATH\CodeIgniter.php(499): CodeIgniter\CodeIgniter->runController(Object(App\Controllers\Rastreo))
 3 SYSTEMPATH\CodeIgniter.php(368): CodeIgniter\CodeIgniter->handleRequest(null, Object(Config\Cache), false)
 4 FCPATH\index.php(67): CodeIgniter\CodeIgniter->run()
WARNING - 2023-06-06 01:14:42 --> [DEPRECATED] Function utf8_decode() is deprecated in APPPATH\Controllers\Rastreo.php on line 386.
 1 SYSTEMPATH\CodeIgniter.php(934): App\Controllers\Rastreo->pdf('30')
 2 SYSTEMPATH\CodeIgniter.php(499): CodeIgniter\CodeIgniter->runController(Object(App\Controllers\Rastreo))
 3 SYSTEMPATH\CodeIgniter.php(368): CodeIgniter\CodeIgniter->handleRequest(null, Object(Config\Cache), false)
 4 FCPATH\index.php(67): CodeIgniter\CodeIgniter->run()
WARNING - 2023-06-06 01:14:42 --> [DEPRECATED] Function utf8_decode() is deprecated in APPPATH\Controllers\Rastreo.php on line 391.
 1 SYSTEMPATH\CodeIgniter.php(934): App\Controllers\Rastreo->pdf('30')
 2 SYSTEMPATH\CodeIgniter.php(499): CodeIgniter\CodeIgniter->runController(Object(App\Controllers\Rastreo))
 3 SYSTEMPATH\CodeIgniter.php(368): CodeIgniter\CodeIgniter->handleRequest(null, Object(Config\Cache), false)
 4 FCPATH\index.php(67): CodeIgniter\CodeIgniter->run()
WARNING - 2023-06-06 01:14:42 --> [DEPRECATED] Function utf8_decode() is deprecated in APPPATH\Controllers\Rastreo.php on line 395.
 1 SYSTEMPATH\CodeIgniter.php(934): App\Controllers\Rastreo->pdf('30')
 2 SYSTEMPATH\CodeIgniter.php(499): CodeIgniter\CodeIgniter->runController(Object(App\Controllers\Rastreo))
 3 SYSTEMPATH\CodeIgniter.php(368): CodeIgniter\CodeIgniter->handleRequest(null, Object(Config\Cache), false)
 4 FCPATH\index.php(67): CodeIgniter\CodeIgniter->run()
WARNING - 2023-06-06 01:14:42 --> [DEPRECATED] Function utf8_decode() is deprecated in APPPATH\Controllers\Rastreo.php on line 412.
 1 SYSTEMPATH\CodeIgniter.php(934): App\Controllers\Rastreo->pdf('30')
 2 SYSTEMPATH\CodeIgniter.php(499): CodeIgniter\CodeIgniter->runController(Object(App\Controllers\Rastreo))
 3 SYSTEMPATH\CodeIgniter.php(368): CodeIgniter\CodeIgniter->handleRequest(null, Object(Config\Cache), false)
 4 FCPATH\index.php(67): CodeIgniter\CodeIgniter->run()
WARNING - 2023-06-06 01:14:42 --> [DEPRECATED] Function utf8_decode() is deprecated in APPPATH\Controllers\Rastreo.php on line 424.
 1 SYSTEMPATH\CodeIgniter.php(934): App\Controllers\Rastreo->pdf('30')
 2 SYSTEMPATH\CodeIgniter.php(499): CodeIgniter\CodeIgniter->runController(Object(App\Controllers\Rastreo))
 3 SYSTEMPATH\CodeIgniter.php(368): CodeIgniter\CodeIgniter->handleRequest(null, Object(Config\Cache), false)
 4 FCPATH\index.php(67): CodeIgniter\CodeIgniter->run()
WARNING - 2023-06-06 01:14:42 --> [DEPRECATED] Function utf8_decode() is deprecated in APPPATH\Controllers\Rastreo.php on line 427.
 1 SYSTEMPATH\CodeIgniter.php(934): App\Controllers\Rastreo->pdf('30')
 2 SYSTEMPATH\CodeIgniter.php(499): CodeIgniter\CodeIgniter->runController(Object(App\Controllers\Rastreo))
 3 SYSTEMPATH\CodeIgniter.php(368): CodeIgniter\CodeIgniter->handleRequest(null, Object(Config\Cache), false)
 4 FCPATH\index.php(67): CodeIgniter\CodeIgniter->run()
WARNING - 2023-06-06 01:14:42 --> [DEPRECATED] Function utf8_decode() is deprecated in APPPATH\Controllers\Rastreo.php on line 424.
 1 SYSTEMPATH\CodeIgniter.php(934): App\Controllers\Rastreo->pdf('30')
 2 SYSTEMPATH\CodeIgniter.php(499): CodeIgniter\CodeIgniter->runController(Object(App\Controllers\Rastreo))
 3 SYSTEMPATH\CodeIgniter.php(368): CodeIgniter\CodeIgniter->handleRequest(null, Object(Config\Cache), false)
 4 FCPATH\index.php(67): CodeIgniter\CodeIgniter->run()
WARNING - 2023-06-06 01:14:42 --> [DEPRECATED] Function utf8_decode() is deprecated in APPPATH\Controllers\Rastreo.php on line 427.
 1 SYSTEMPATH\CodeIgniter.php(934): App\Controllers\Rastreo->pdf('30')
 2 SYSTEMPATH\CodeIgniter.php(499): CodeIgniter\CodeIgniter->runController(Object(App\Controllers\Rastreo))
 3 SYSTEMPATH\CodeIgniter.php(368): CodeIgniter\CodeIgniter->handleRequest(null, Object(Config\Cache), false)
 4 FCPATH\index.php(67): CodeIgniter\CodeIgniter->run()
WARNING - 2023-06-06 01:14:42 --> [DEPRECATED] Function utf8_decode() is deprecated in APPPATH\Controllers\Rastreo.php on line 424.
 1 SYSTEMPATH\CodeIgniter.php(934): App\Controllers\Rastreo->pdf('30')
 2 SYSTEMPATH\CodeIgniter.php(499): CodeIgniter\CodeIgniter->runController(Object(App\Controllers\Rastreo))
 3 SYSTEMPATH\CodeIgniter.php(368): CodeIgniter\CodeIgniter->handleRequest(null, Object(Config\Cache), false)
 4 FCPATH\index.php(67): CodeIgniter\CodeIgniter->run()
WARNING - 2023-06-06 01:14:42 --> [DEPRECATED] Function utf8_decode() is deprecated in APPPATH\Controllers\Rastreo.php on line 427.
 1 SYSTEMPATH\CodeIgniter.php(934): App\Controllers\Rastreo->pdf('30')
 2 SYSTEMPATH\CodeIgniter.php(499): CodeIgniter\CodeIgniter->runController(Object(App\Controllers\Rastreo))
 3 SYSTEMPATH\CodeIgniter.php(368): CodeIgniter\CodeIgniter->handleRequest(null, Object(Config\Cache), false)
 4 FCPATH\index.php(67): CodeIgniter\CodeIgniter->run()
WARNING - 2023-06-06 01:14:42 --> [DEPRECATED] Function utf8_decode() is deprecated in APPPATH\Controllers\Rastreo.php on line 424.
 1 SYSTEMPATH\CodeIgniter.php(934): App\Controllers\Rastreo->pdf('30')
 2 SYSTEMPATH\CodeIgniter.php(499): CodeIgniter\CodeIgniter->runController(Object(App\Controllers\Rastreo))
 3 SYSTEMPATH\CodeIgniter.php(368): CodeIgniter\CodeIgniter->handleRequest(null, Object(Config\Cache), false)
 4 FCPATH\index.php(67): CodeIgniter\CodeIgniter->run()
WARNING - 2023-06-06 01:14:42 --> [DEPRECATED] Function utf8_decode() is deprecated in APPPATH\Controllers\Rastreo.php on line 427.
 1 SYSTEMPATH\CodeIgniter.php(934): App\Controllers\Rastreo->pdf('30')
 2 SYSTEMPATH\CodeIgniter.php(499): CodeIgniter\CodeIgniter->runController(Object(App\Controllers\Rastreo))
 3 SYSTEMPATH\CodeIgniter.php(368): CodeIgniter\CodeIgniter->handleRequest(null, Object(Config\Cache), false)
 4 FCPATH\index.php(67): CodeIgniter\CodeIgniter->run()
WARNING - 2023-06-06 01:14:42 --> [DEPRECATED] Function utf8_decode() is deprecated in APPPATH\Controllers\Rastreo.php on line 424.
 1 SYSTEMPATH\CodeIgniter.php(934): App\Controllers\Rastreo->pdf('30')
 2 SYSTEMPATH\CodeIgniter.php(499): CodeIgniter\CodeIgniter->runController(Object(App\Controllers\Rastreo))
 3 SYSTEMPATH\CodeIgniter.php(368): CodeIgniter\CodeIgniter->handleRequest(null, Object(Config\Cache), false)
 4 FCPATH\index.php(67): CodeIgniter\CodeIgniter->run()
WARNING - 2023-06-06 01:14:42 --> [DEPRECATED] Function utf8_decode() is deprecated in APPPATH\Controllers\Rastreo.php on line 427.
 1 SYSTEMPATH\CodeIgniter.php(934): App\Controllers\Rastreo->pdf('30')
 2 SYSTEMPATH\CodeIgniter.php(499): CodeIgniter\CodeIgniter->runController(Object(App\Controllers\Rastreo))
 3 SYSTEMPATH\CodeIgniter.php(368): CodeIgniter\CodeIgniter->handleRequest(null, Object(Config\Cache), false)
 4 FCPATH\index.php(67): CodeIgniter\CodeIgniter->run()
WARNING - 2023-06-06 01:14:42 --> [DEPRECATED] Function utf8_decode() is deprecated in APPPATH\Controllers\Rastreo.php on line 424.
 1 SYSTEMPATH\CodeIgniter.php(934): App\Controllers\Rastreo->pdf('30')
 2 SYSTEMPATH\CodeIgniter.php(499): CodeIgniter\CodeIgniter->runController(Object(App\Controllers\Rastreo))
 3 SYSTEMPATH\CodeIgniter.php(368): CodeIgniter\CodeIgniter->handleRequest(null, Object(Config\Cache), false)
 4 FCPATH\index.php(67): CodeIgniter\CodeIgniter->run()
WARNING - 2023-06-06 01:14:42 --> [DEPRECATED] Function utf8_decode() is deprecated in APPPATH\Controllers\Rastreo.php on line 427.
 1 SYSTEMPATH\CodeIgniter.php(934): App\Controllers\Rastreo->pdf('30')
 2 SYSTEMPATH\CodeIgniter.php(499): CodeIgniter\CodeIgniter->runController(Object(App\Controllers\Rastreo))
 3 SYSTEMPATH\CodeIgniter.php(368): CodeIgniter\CodeIgniter->handleRequest(null, Object(Config\Cache), false)
 4 FCPATH\index.php(67): CodeIgniter\CodeIgniter->run()
WARNING - 2023-06-06 01:14:42 --> [DEPRECATED] Function utf8_decode() is deprecated in APPPATH\Controllers\Rastreo.php on line 453.
 1 SYSTEMPATH\CodeIgniter.php(934): App\Controllers\Rastreo->pdf('30')
 2 SYSTEMPATH\CodeIgniter.php(499): CodeIgniter\CodeIgniter->runController(Object(App\Controllers\Rastreo))
 3 SYSTEMPATH\CodeIgniter.php(368): CodeIgniter\CodeIgniter->handleRequest(null, Object(Config\Cache), false)
 4 FCPATH\index.php(67): CodeIgniter\CodeIgniter->run()
WARNING - 2023-06-06 01:14:42 --> [DEPRECATED] Function utf8_decode() is deprecated in APPPATH\Controllers\Rastreo.php on line 463.
 1 SYSTEMPATH\CodeIgniter.php(934): App\Controllers\Rastreo->pdf('30')
 2 SYSTEMPATH\CodeIgniter.php(499): CodeIgniter\CodeIgniter->runController(Object(App\Controllers\Rastreo))
 3 SYSTEMPATH\CodeIgniter.php(368): CodeIgniter\CodeIgniter->handleRequest(null, Object(Config\Cache), false)
 4 FCPATH\index.php(67): CodeIgniter\CodeIgniter->run()
WARNING - 2023-06-06 01:14:42 --> [DEPRECATED] Function utf8_decode() is deprecated in APPPATH\Controllers\Rastreo.php on line 463.
 1 SYSTEMPATH\CodeIgniter.php(934): App\Controllers\Rastreo->pdf('30')
 2 SYSTEMPATH\CodeIgniter.php(499): CodeIgniter\CodeIgniter->runController(Object(App\Controllers\Rastreo))
 3 SYSTEMPATH\CodeIgniter.php(368): CodeIgniter\CodeIgniter->handleRequest(null, Object(Config\Cache), false)
 4 FCPATH\index.php(67): CodeIgniter\CodeIgniter->run()
WARNING - 2023-06-06 01:14:42 --> [DEPRECATED] Function utf8_decode() is deprecated in APPPATH\Controllers\Rastreo.php on line 463.
 1 SYSTEMPATH\CodeIgniter.php(934): App\Controllers\Rastreo->pdf('30')
 2 SYSTEMPATH\CodeIgniter.php(499): CodeIgniter\CodeIgniter->runController(Object(App\Controllers\Rastreo))
 3 SYSTEMPATH\CodeIgniter.php(368): CodeIgniter\CodeIgniter->handleRequest(null, Object(Config\Cache), false)
 4 FCPATH\index.php(67): CodeIgniter\CodeIgniter->run()
WARNING - 2023-06-06 01:14:42 --> [DEPRECATED] Function utf8_decode() is deprecated in APPPATH\Controllers\Rastreo.php on line 467.
 1 SYSTEMPATH\CodeIgniter.php(934): App\Controllers\Rastreo->pdf('30')
 2 SYSTEMPATH\CodeIgniter.php(499): CodeIgniter\CodeIgniter->runController(Object(App\Controllers\Rastreo))
 3 SYSTEMPATH\CodeIgniter.php(368): CodeIgniter\CodeIgniter->handleRequest(null, Object(Config\Cache), false)
 4 FCPATH\index.php(67): CodeIgniter\CodeIgniter->run()
