ERROR - 2021-12-02 22:43:52 --> Unknown column 'termografo' in 'field list'
CRITICAL - 2021-12-02 22:43:52 --> Unknown column 'termografo' in 'field list'
#0 C:\xampp\htdocs\empaquesys\vendor\codeigniter4\framework\system\Database\MySQLi\Connection.php(292): mysqli->query('UPDATE `t_palle...', 0)
#1 C:\xampp\htdocs\empaquesys\vendor\codeigniter4\framework\system\Database\BaseConnection.php(670): CodeIgniter\Database\MySQLi\Connection->execute('UPDATE `t_palle...')
#2 C:\xampp\htdocs\empaquesys\vendor\codeigniter4\framework\system\Database\BaseConnection.php(598): CodeIgniter\Database\BaseConnection->simpleQuery('UPDATE `t_palle...')
#3 C:\xampp\htdocs\empaquesys\vendor\codeigniter4\framework\system\Database\BaseBuilder.php(1901): CodeIgniter\Database\BaseConnection->query('UPDATE `t_palle...', Array, false)
#4 C:\xampp\htdocs\empaquesys\app\Models\Membarques.php(32): CodeIgniter\Database\BaseBuilder->update()
#5 C:\xampp\htdocs\empaquesys\app\Controllers\Embarques.php(143): App\Models\Membarques->Actualizar_data_embarque_pallet(Array, '9')
#6 C:\xampp\htdocs\empaquesys\vendor\codeigniter4\framework\system\CodeIgniter.php(824): App\Controllers\Embarques->Actualizar_embarque_pallet()
#7 C:\xampp\htdocs\empaquesys\vendor\codeigniter4\framework\system\CodeIgniter.php(410): CodeIgniter\CodeIgniter->runController(Object(App\Controllers\Embarques))
#8 C:\xampp\htdocs\empaquesys\vendor\codeigniter4\framework\system\CodeIgniter.php(318): CodeIgniter\CodeIgniter->handleRequest(NULL, Object(Config\Cache), false)
#9 C:\xampp\htdocs\empaquesys\index.php(44): CodeIgniter\CodeIgniter->run()
#10 {main}
CRITICAL - 2021-12-02 22:43:52 --> Uncaught ErrorException: Undefined property: Config\Exceptions::$sensitiveDataInTrace in C:\xampp\htdocs\empaquesys\vendor\codeigniter4\framework\system\Debug\Exceptions.php:242
Stack trace:
#0 C:\xampp\htdocs\empaquesys\vendor\codeigniter4\framework\system\Debug\Exceptions.php(242): CodeIgniter\Debug\Exceptions->errorHandler(2, 'Undefined prope...', 'C:\\xampp\\htdocs...', 242)
#1 C:\xampp\htdocs\empaquesys\vendor\codeigniter4\framework\system\Debug\Exceptions.php(110): CodeIgniter\Debug\Exceptions->collectVars(Object(mysqli_sql_exception), 500)
#2 [internal function]: CodeIgniter\Debug\Exceptions->exceptionHandler(Object(mysqli_sql_exception))
#3 {main}
  thrown
#0 [internal function]: CodeIgniter\Debug\Exceptions->shutdownHandler()
#1 {main}
ERROR - 2021-12-02 22:43:59 --> Unknown column 'termografo' in 'field list'
CRITICAL - 2021-12-02 22:43:59 --> Unknown column 'termografo' in 'field list'
#0 C:\xampp\htdocs\empaquesys\vendor\codeigniter4\framework\system\Database\MySQLi\Connection.php(292): mysqli->query('UPDATE `t_palle...', 0)
#1 C:\xampp\htdocs\empaquesys\vendor\codeigniter4\framework\system\Database\BaseConnection.php(670): CodeIgniter\Database\MySQLi\Connection->execute('UPDATE `t_palle...')
#2 C:\xampp\htdocs\empaquesys\vendor\codeigniter4\framework\system\Database\BaseConnection.php(598): CodeIgniter\Database\BaseConnection->simpleQuery('UPDATE `t_palle...')
#3 C:\xampp\htdocs\empaquesys\vendor\codeigniter4\framework\system\Database\BaseBuilder.php(1901): CodeIgniter\Database\BaseConnection->query('UPDATE `t_palle...', Array, false)
#4 C:\xampp\htdocs\empaquesys\app\Models\Membarques.php(32): CodeIgniter\Database\BaseBuilder->update()
#5 C:\xampp\htdocs\empaquesys\app\Controllers\Embarques.php(143): App\Models\Membarques->Actualizar_data_embarque_pallet(Array, '9')
#6 C:\xampp\htdocs\empaquesys\vendor\codeigniter4\framework\system\CodeIgniter.php(824): App\Controllers\Embarques->Actualizar_embarque_pallet()
#7 C:\xampp\htdocs\empaquesys\vendor\codeigniter4\framework\system\CodeIgniter.php(410): CodeIgniter\CodeIgniter->runController(Object(App\Controllers\Embarques))
#8 C:\xampp\htdocs\empaquesys\vendor\codeigniter4\framework\system\CodeIgniter.php(318): CodeIgniter\CodeIgniter->handleRequest(NULL, Object(Config\Cache), false)
#9 C:\xampp\htdocs\empaquesys\index.php(44): CodeIgniter\CodeIgniter->run()
#10 {main}
CRITICAL - 2021-12-02 22:43:59 --> Uncaught ErrorException: Undefined property: Config\Exceptions::$sensitiveDataInTrace in C:\xampp\htdocs\empaquesys\vendor\codeigniter4\framework\system\Debug\Exceptions.php:242
Stack trace:
#0 C:\xampp\htdocs\empaquesys\vendor\codeigniter4\framework\system\Debug\Exceptions.php(242): CodeIgniter\Debug\Exceptions->errorHandler(2, 'Undefined prope...', 'C:\\xampp\\htdocs...', 242)
#1 C:\xampp\htdocs\empaquesys\vendor\codeigniter4\framework\system\Debug\Exceptions.php(110): CodeIgniter\Debug\Exceptions->collectVars(Object(mysqli_sql_exception), 500)
#2 [internal function]: CodeIgniter\Debug\Exceptions->exceptionHandler(Object(mysqli_sql_exception))
#3 {main}
  thrown
#0 [internal function]: CodeIgniter\Debug\Exceptions->shutdownHandler()
#1 {main}
ERROR - 2021-12-02 22:44:04 --> Unknown column 'termografo' in 'field list'
CRITICAL - 2021-12-02 22:44:04 --> Unknown column 'termografo' in 'field list'
#0 C:\xampp\htdocs\empaquesys\vendor\codeigniter4\framework\system\Database\MySQLi\Connection.php(292): mysqli->query('UPDATE `t_palle...', 0)
#1 C:\xampp\htdocs\empaquesys\vendor\codeigniter4\framework\system\Database\BaseConnection.php(670): CodeIgniter\Database\MySQLi\Connection->execute('UPDATE `t_palle...')
#2 C:\xampp\htdocs\empaquesys\vendor\codeigniter4\framework\system\Database\BaseConnection.php(598): CodeIgniter\Database\BaseConnection->simpleQuery('UPDATE `t_palle...')
#3 C:\xampp\htdocs\empaquesys\vendor\codeigniter4\framework\system\Database\BaseBuilder.php(1901): CodeIgniter\Database\BaseConnection->query('UPDATE `t_palle...', Array, false)
#4 C:\xampp\htdocs\empaquesys\app\Models\Membarques.php(32): CodeIgniter\Database\BaseBuilder->update()
#5 C:\xampp\htdocs\empaquesys\app\Controllers\Embarques.php(143): App\Models\Membarques->Actualizar_data_embarque_pallet(Array, '9')
#6 C:\xampp\htdocs\empaquesys\vendor\codeigniter4\framework\system\CodeIgniter.php(824): App\Controllers\Embarques->Actualizar_embarque_pallet()
#7 C:\xampp\htdocs\empaquesys\vendor\codeigniter4\framework\system\CodeIgniter.php(410): CodeIgniter\CodeIgniter->runController(Object(App\Controllers\Embarques))
#8 C:\xampp\htdocs\empaquesys\vendor\codeigniter4\framework\system\CodeIgniter.php(318): CodeIgniter\CodeIgniter->handleRequest(NULL, Object(Config\Cache), false)
#9 C:\xampp\htdocs\empaquesys\index.php(44): CodeIgniter\CodeIgniter->run()
#10 {main}
CRITICAL - 2021-12-02 22:44:04 --> Uncaught ErrorException: Undefined property: Config\Exceptions::$sensitiveDataInTrace in C:\xampp\htdocs\empaquesys\vendor\codeigniter4\framework\system\Debug\Exceptions.php:242
Stack trace:
#0 C:\xampp\htdocs\empaquesys\vendor\codeigniter4\framework\system\Debug\Exceptions.php(242): CodeIgniter\Debug\Exceptions->errorHandler(2, 'Undefined prope...', 'C:\\xampp\\htdocs...', 242)
#1 C:\xampp\htdocs\empaquesys\vendor\codeigniter4\framework\system\Debug\Exceptions.php(110): CodeIgniter\Debug\Exceptions->collectVars(Object(mysqli_sql_exception), 500)
#2 [internal function]: CodeIgniter\Debug\Exceptions->exceptionHandler(Object(mysqli_sql_exception))
#3 {main}
  thrown
#0 [internal function]: CodeIgniter\Debug\Exceptions->shutdownHandler()
#1 {main}
