CRITICAL - 2022-01-13 04:07:17 --> Array to string conversion
#0 C:\xampp\htdocs\empaquesys\app\Models\Membarques.php(97): CodeIgniter\Debug\Exceptions->errorHandler(2, 'Array to string...', 'C:\\xampp\\htdocs...', 97)
#1 C:\xampp\htdocs\empaquesys\app\Controllers\Embarques.php(109): App\Models\Membarques->prueba(Array)
#2 C:\xampp\htdocs\empaquesys\vendor\codeigniter4\framework\system\CodeIgniter.php(825): App\Controllers\Embarques->Agregarpallet('1')
#3 C:\xampp\htdocs\empaquesys\vendor\codeigniter4\framework\system\CodeIgniter.php(412): CodeIgniter\CodeIgniter->runController(Object(App\Controllers\Embarques))
#4 C:\xampp\htdocs\empaquesys\vendor\codeigniter4\framework\system\CodeIgniter.php(320): CodeIgniter\CodeIgniter->handleRequest(NULL, Object(Config\Cache), false)
#5 C:\xampp\htdocs\empaquesys\index.php(44): CodeIgniter\CodeIgniter->run()
#6 {main}
CRITICAL - 2022-01-13 04:10:29 --> Array to string conversion
#0 C:\xampp\htdocs\empaquesys\app\Models\Membarques.php(97): CodeIgniter\Debug\Exceptions->errorHandler(2, 'Array to string...', 'C:\\xampp\\htdocs...', 97)
#1 C:\xampp\htdocs\empaquesys\app\Controllers\Embarques.php(109): App\Models\Membarques->prueba(Array)
#2 C:\xampp\htdocs\empaquesys\vendor\codeigniter4\framework\system\CodeIgniter.php(825): App\Controllers\Embarques->Agregarpallet('1')
#3 C:\xampp\htdocs\empaquesys\vendor\codeigniter4\framework\system\CodeIgniter.php(412): CodeIgniter\CodeIgniter->runController(Object(App\Controllers\Embarques))
#4 C:\xampp\htdocs\empaquesys\vendor\codeigniter4\framework\system\CodeIgniter.php(320): CodeIgniter\CodeIgniter->handleRequest(NULL, Object(Config\Cache), false)
#5 C:\xampp\htdocs\empaquesys\index.php(44): CodeIgniter\CodeIgniter->run()
#6 {main}
CRITICAL - 2022-01-13 04:10:31 --> Array to string conversion
#0 C:\xampp\htdocs\empaquesys\app\Models\Membarques.php(97): CodeIgniter\Debug\Exceptions->errorHandler(2, 'Array to string...', 'C:\\xampp\\htdocs...', 97)
#1 C:\xampp\htdocs\empaquesys\app\Controllers\Embarques.php(109): App\Models\Membarques->prueba(Array)
#2 C:\xampp\htdocs\empaquesys\vendor\codeigniter4\framework\system\CodeIgniter.php(825): App\Controllers\Embarques->Agregarpallet('1')
#3 C:\xampp\htdocs\empaquesys\vendor\codeigniter4\framework\system\CodeIgniter.php(412): CodeIgniter\CodeIgniter->runController(Object(App\Controllers\Embarques))
#4 C:\xampp\htdocs\empaquesys\vendor\codeigniter4\framework\system\CodeIgniter.php(320): CodeIgniter\CodeIgniter->handleRequest(NULL, Object(Config\Cache), false)
#5 C:\xampp\htdocs\empaquesys\index.php(44): CodeIgniter\CodeIgniter->run()
#6 {main}
CRITICAL - 2022-01-13 04:12:38 --> Array to string conversion
#0 C:\xampp\htdocs\empaquesys\app\Models\Membarques.php(97): CodeIgniter\Debug\Exceptions->errorHandler(2, 'Array to string...', 'C:\\xampp\\htdocs...', 97)
#1 C:\xampp\htdocs\empaquesys\app\Controllers\Embarques.php(109): App\Models\Membarques->prueba(Array)
#2 C:\xampp\htdocs\empaquesys\vendor\codeigniter4\framework\system\CodeIgniter.php(825): App\Controllers\Embarques->Agregarpallet('1')
#3 C:\xampp\htdocs\empaquesys\vendor\codeigniter4\framework\system\CodeIgniter.php(412): CodeIgniter\CodeIgniter->runController(Object(App\Controllers\Embarques))
#4 C:\xampp\htdocs\empaquesys\vendor\codeigniter4\framework\system\CodeIgniter.php(320): CodeIgniter\CodeIgniter->handleRequest(NULL, Object(Config\Cache), false)
#5 C:\xampp\htdocs\empaquesys\index.php(44): CodeIgniter\CodeIgniter->run()
#6 {main}
CRITICAL - 2022-01-13 04:16:26 --> Array to string conversion
#0 C:\xampp\htdocs\empaquesys\app\Models\Membarques.php(97): CodeIgniter\Debug\Exceptions->errorHandler(2, 'Array to string...', 'C:\\xampp\\htdocs...', 97)
#1 C:\xampp\htdocs\empaquesys\app\Controllers\Embarques.php(109): App\Models\Membarques->prueba(Array)
#2 C:\xampp\htdocs\empaquesys\vendor\codeigniter4\framework\system\CodeIgniter.php(825): App\Controllers\Embarques->Agregarpallet('1')
#3 C:\xampp\htdocs\empaquesys\vendor\codeigniter4\framework\system\CodeIgniter.php(412): CodeIgniter\CodeIgniter->runController(Object(App\Controllers\Embarques))
#4 C:\xampp\htdocs\empaquesys\vendor\codeigniter4\framework\system\CodeIgniter.php(320): CodeIgniter\CodeIgniter->handleRequest(NULL, Object(Config\Cache), false)
#5 C:\xampp\htdocs\empaquesys\index.php(44): CodeIgniter\CodeIgniter->run()
#6 {main}
CRITICAL - 2022-01-13 04:17:46 --> Array to string conversion
#0 C:\xampp\htdocs\empaquesys\app\Models\Membarques.php(97): CodeIgniter\Debug\Exceptions->errorHandler(2, 'Array to string...', 'C:\\xampp\\htdocs...', 97)
#1 C:\xampp\htdocs\empaquesys\app\Controllers\Embarques.php(109): App\Models\Membarques->prueba(Array)
#2 C:\xampp\htdocs\empaquesys\vendor\codeigniter4\framework\system\CodeIgniter.php(825): App\Controllers\Embarques->Agregarpallet('1')
#3 C:\xampp\htdocs\empaquesys\vendor\codeigniter4\framework\system\CodeIgniter.php(412): CodeIgniter\CodeIgniter->runController(Object(App\Controllers\Embarques))
#4 C:\xampp\htdocs\empaquesys\vendor\codeigniter4\framework\system\CodeIgniter.php(320): CodeIgniter\CodeIgniter->handleRequest(NULL, Object(Config\Cache), false)
#5 C:\xampp\htdocs\empaquesys\index.php(44): CodeIgniter\CodeIgniter->run()
#6 {main}
CRITICAL - 2022-01-13 04:19:48 --> Array to string conversion
#0 C:\xampp\htdocs\empaquesys\app\Models\Membarques.php(97): CodeIgniter\Debug\Exceptions->errorHandler(2, 'Array to string...', 'C:\\xampp\\htdocs...', 97)
#1 C:\xampp\htdocs\empaquesys\app\Controllers\Embarques.php(109): App\Models\Membarques->prueba(Array)
#2 C:\xampp\htdocs\empaquesys\vendor\codeigniter4\framework\system\CodeIgniter.php(825): App\Controllers\Embarques->Agregarpallet('1')
#3 C:\xampp\htdocs\empaquesys\vendor\codeigniter4\framework\system\CodeIgniter.php(412): CodeIgniter\CodeIgniter->runController(Object(App\Controllers\Embarques))
#4 C:\xampp\htdocs\empaquesys\vendor\codeigniter4\framework\system\CodeIgniter.php(320): CodeIgniter\CodeIgniter->handleRequest(NULL, Object(Config\Cache), false)
#5 C:\xampp\htdocs\empaquesys\index.php(44): CodeIgniter\CodeIgniter->run()
#6 {main}
CRITICAL - 2022-01-13 04:22:19 --> Array to string conversion
#0 C:\xampp\htdocs\empaquesys\app\Models\Membarques.php(97): CodeIgniter\Debug\Exceptions->errorHandler(2, 'Array to string...', 'C:\\xampp\\htdocs...', 97)
#1 C:\xampp\htdocs\empaquesys\app\Controllers\Embarques.php(109): App\Models\Membarques->prueba(Array)
#2 C:\xampp\htdocs\empaquesys\vendor\codeigniter4\framework\system\CodeIgniter.php(825): App\Controllers\Embarques->Agregarpallet('1')
#3 C:\xampp\htdocs\empaquesys\vendor\codeigniter4\framework\system\CodeIgniter.php(412): CodeIgniter\CodeIgniter->runController(Object(App\Controllers\Embarques))
#4 C:\xampp\htdocs\empaquesys\vendor\codeigniter4\framework\system\CodeIgniter.php(320): CodeIgniter\CodeIgniter->handleRequest(NULL, Object(Config\Cache), false)
#5 C:\xampp\htdocs\empaquesys\index.php(44): CodeIgniter\CodeIgniter->run()
#6 {main}
CRITICAL - 2022-01-13 04:24:59 --> Array to string conversion
#0 C:\xampp\htdocs\empaquesys\app\Models\Membarques.php(97): CodeIgniter\Debug\Exceptions->errorHandler(2, 'Array to string...', 'C:\\xampp\\htdocs...', 97)
#1 C:\xampp\htdocs\empaquesys\app\Controllers\Embarques.php(109): App\Models\Membarques->prueba(Array)
#2 C:\xampp\htdocs\empaquesys\vendor\codeigniter4\framework\system\CodeIgniter.php(825): App\Controllers\Embarques->Agregarpallet('1')
#3 C:\xampp\htdocs\empaquesys\vendor\codeigniter4\framework\system\CodeIgniter.php(412): CodeIgniter\CodeIgniter->runController(Object(App\Controllers\Embarques))
#4 C:\xampp\htdocs\empaquesys\vendor\codeigniter4\framework\system\CodeIgniter.php(320): CodeIgniter\CodeIgniter->handleRequest(NULL, Object(Config\Cache), false)
#5 C:\xampp\htdocs\empaquesys\index.php(44): CodeIgniter\CodeIgniter->run()
#6 {main}
CRITICAL - 2022-01-13 04:25:01 --> Array to string conversion
#0 C:\xampp\htdocs\empaquesys\app\Models\Membarques.php(97): CodeIgniter\Debug\Exceptions->errorHandler(2, 'Array to string...', 'C:\\xampp\\htdocs...', 97)
#1 C:\xampp\htdocs\empaquesys\app\Controllers\Embarques.php(109): App\Models\Membarques->prueba(Array)
#2 C:\xampp\htdocs\empaquesys\vendor\codeigniter4\framework\system\CodeIgniter.php(825): App\Controllers\Embarques->Agregarpallet('1')
#3 C:\xampp\htdocs\empaquesys\vendor\codeigniter4\framework\system\CodeIgniter.php(412): CodeIgniter\CodeIgniter->runController(Object(App\Controllers\Embarques))
#4 C:\xampp\htdocs\empaquesys\vendor\codeigniter4\framework\system\CodeIgniter.php(320): CodeIgniter\CodeIgniter->handleRequest(NULL, Object(Config\Cache), false)
#5 C:\xampp\htdocs\empaquesys\index.php(44): CodeIgniter\CodeIgniter->run()
#6 {main}
CRITICAL - 2022-01-13 04:25:02 --> Array to string conversion
#0 C:\xampp\htdocs\empaquesys\app\Models\Membarques.php(97): CodeIgniter\Debug\Exceptions->errorHandler(2, 'Array to string...', 'C:\\xampp\\htdocs...', 97)
#1 C:\xampp\htdocs\empaquesys\app\Controllers\Embarques.php(109): App\Models\Membarques->prueba(Array)
#2 C:\xampp\htdocs\empaquesys\vendor\codeigniter4\framework\system\CodeIgniter.php(825): App\Controllers\Embarques->Agregarpallet('1')
#3 C:\xampp\htdocs\empaquesys\vendor\codeigniter4\framework\system\CodeIgniter.php(412): CodeIgniter\CodeIgniter->runController(Object(App\Controllers\Embarques))
#4 C:\xampp\htdocs\empaquesys\vendor\codeigniter4\framework\system\CodeIgniter.php(320): CodeIgniter\CodeIgniter->handleRequest(NULL, Object(Config\Cache), false)
#5 C:\xampp\htdocs\empaquesys\index.php(44): CodeIgniter\CodeIgniter->run()
#6 {main}
CRITICAL - 2022-01-13 04:25:03 --> Array to string conversion
#0 C:\xampp\htdocs\empaquesys\app\Models\Membarques.php(97): CodeIgniter\Debug\Exceptions->errorHandler(2, 'Array to string...', 'C:\\xampp\\htdocs...', 97)
#1 C:\xampp\htdocs\empaquesys\app\Controllers\Embarques.php(109): App\Models\Membarques->prueba(Array)
#2 C:\xampp\htdocs\empaquesys\vendor\codeigniter4\framework\system\CodeIgniter.php(825): App\Controllers\Embarques->Agregarpallet('1')
#3 C:\xampp\htdocs\empaquesys\vendor\codeigniter4\framework\system\CodeIgniter.php(412): CodeIgniter\CodeIgniter->runController(Object(App\Controllers\Embarques))
#4 C:\xampp\htdocs\empaquesys\vendor\codeigniter4\framework\system\CodeIgniter.php(320): CodeIgniter\CodeIgniter->handleRequest(NULL, Object(Config\Cache), false)
#5 C:\xampp\htdocs\empaquesys\index.php(44): CodeIgniter\CodeIgniter->run()
#6 {main}
CRITICAL - 2022-01-13 04:30:21 --> Array to string conversion
#0 C:\xampp\htdocs\empaquesys\app\Models\Membarques.php(97): CodeIgniter\Debug\Exceptions->errorHandler(2, 'Array to string...', 'C:\\xampp\\htdocs...', 97)
#1 C:\xampp\htdocs\empaquesys\app\Controllers\Embarques.php(109): App\Models\Membarques->pruebaRR(Array)
#2 C:\xampp\htdocs\empaquesys\vendor\codeigniter4\framework\system\CodeIgniter.php(825): App\Controllers\Embarques->Agregarpallet('1')
#3 C:\xampp\htdocs\empaquesys\vendor\codeigniter4\framework\system\CodeIgniter.php(412): CodeIgniter\CodeIgniter->runController(Object(App\Controllers\Embarques))
#4 C:\xampp\htdocs\empaquesys\vendor\codeigniter4\framework\system\CodeIgniter.php(320): CodeIgniter\CodeIgniter->handleRequest(NULL, Object(Config\Cache), false)
#5 C:\xampp\htdocs\empaquesys\index.php(44): CodeIgniter\CodeIgniter->run()
#6 {main}
CRITICAL - 2022-01-13 04:31:21 --> Array to string conversion
#0 C:\xampp\htdocs\empaquesys\app\Models\Membarques.php(97): CodeIgniter\Debug\Exceptions->errorHandler(2, 'Array to string...', 'C:\\xampp\\htdocs...', 97)
#1 C:\xampp\htdocs\empaquesys\app\Controllers\Embarques.php(109): App\Models\Membarques->pruebaRR(Array)
#2 C:\xampp\htdocs\empaquesys\vendor\codeigniter4\framework\system\CodeIgniter.php(825): App\Controllers\Embarques->Agregarpallet('1')
#3 C:\xampp\htdocs\empaquesys\vendor\codeigniter4\framework\system\CodeIgniter.php(412): CodeIgniter\CodeIgniter->runController(Object(App\Controllers\Embarques))
#4 C:\xampp\htdocs\empaquesys\vendor\codeigniter4\framework\system\CodeIgniter.php(320): CodeIgniter\CodeIgniter->handleRequest(NULL, Object(Config\Cache), false)
#5 C:\xampp\htdocs\empaquesys\index.php(44): CodeIgniter\CodeIgniter->run()
#6 {main}
ERROR - 2022-01-13 04:34:56 --> You have an error in your SQL syntax; check the manual that corresponds to your MariaDB server version for the right syntax to use near 'FROM `t_pallet_embarque`
WHERE `embarque_id` = ('1')
GROUP BY `pedido`' at line 2
CRITICAL - 2022-01-13 04:34:56 --> You have an error in your SQL syntax; check the manual that corresponds to your MariaDB server version for the right syntax to use near 'FROM `t_pallet_embarque`
WHERE `embarque_id` = ('1')
GROUP BY `pedido`' at line 2
#0 C:\xampp\htdocs\empaquesys\vendor\codeigniter4\framework\system\Database\MySQLi\Connection.php(292): mysqli->query('SELECT *, GROUP...', 0)
#1 C:\xampp\htdocs\empaquesys\vendor\codeigniter4\framework\system\Database\BaseConnection.php(670): CodeIgniter\Database\MySQLi\Connection->execute('SELECT *, GROUP...')
#2 C:\xampp\htdocs\empaquesys\vendor\codeigniter4\framework\system\Database\BaseConnection.php(598): CodeIgniter\Database\BaseConnection->simpleQuery('SELECT *, GROUP...')
#3 C:\xampp\htdocs\empaquesys\vendor\codeigniter4\framework\system\Database\BaseBuilder.php(1455): CodeIgniter\Database\BaseConnection->query('SELECT *, GROUP...', Array, false)
#4 C:\xampp\htdocs\empaquesys\app\Models\Membarques.php(105): CodeIgniter\Database\BaseBuilder->get()
#5 C:\xampp\htdocs\empaquesys\app\Controllers\Embarques.php(109): App\Models\Membarques->pruebaRR(Array)
#6 C:\xampp\htdocs\empaquesys\vendor\codeigniter4\framework\system\CodeIgniter.php(825): App\Controllers\Embarques->Agregarpallet('1')
#7 C:\xampp\htdocs\empaquesys\vendor\codeigniter4\framework\system\CodeIgniter.php(412): CodeIgniter\CodeIgniter->runController(Object(App\Controllers\Embarques))
#8 C:\xampp\htdocs\empaquesys\vendor\codeigniter4\framework\system\CodeIgniter.php(320): CodeIgniter\CodeIgniter->handleRequest(NULL, Object(Config\Cache), false)
#9 C:\xampp\htdocs\empaquesys\index.php(44): CodeIgniter\CodeIgniter->run()
#10 {main}
ERROR - 2022-01-13 04:35:21 --> You have an error in your SQL syntax; check the manual that corresponds to your MariaDB server version for the right syntax to use near 'FROM `t_pallet_embarque`
WHERE `embarque_id` = ('1')
GROUP BY `pedido`' at line 2
CRITICAL - 2022-01-13 04:35:21 --> You have an error in your SQL syntax; check the manual that corresponds to your MariaDB server version for the right syntax to use near 'FROM `t_pallet_embarque`
WHERE `embarque_id` = ('1')
GROUP BY `pedido`' at line 2
#0 C:\xampp\htdocs\empaquesys\vendor\codeigniter4\framework\system\Database\MySQLi\Connection.php(292): mysqli->query('SELECT *, GROUP...', 0)
#1 C:\xampp\htdocs\empaquesys\vendor\codeigniter4\framework\system\Database\BaseConnection.php(670): CodeIgniter\Database\MySQLi\Connection->execute('SELECT *, GROUP...')
#2 C:\xampp\htdocs\empaquesys\vendor\codeigniter4\framework\system\Database\BaseConnection.php(598): CodeIgniter\Database\BaseConnection->simpleQuery('SELECT *, GROUP...')
#3 C:\xampp\htdocs\empaquesys\vendor\codeigniter4\framework\system\Database\BaseBuilder.php(1455): CodeIgniter\Database\BaseConnection->query('SELECT *, GROUP...', Array, false)
#4 C:\xampp\htdocs\empaquesys\app\Models\Membarques.php(105): CodeIgniter\Database\BaseBuilder->get()
#5 C:\xampp\htdocs\empaquesys\app\Controllers\Embarques.php(109): App\Models\Membarques->pruebaRR(Array)
#6 C:\xampp\htdocs\empaquesys\vendor\codeigniter4\framework\system\CodeIgniter.php(825): App\Controllers\Embarques->Agregarpallet('1')
#7 C:\xampp\htdocs\empaquesys\vendor\codeigniter4\framework\system\CodeIgniter.php(412): CodeIgniter\CodeIgniter->runController(Object(App\Controllers\Embarques))
#8 C:\xampp\htdocs\empaquesys\vendor\codeigniter4\framework\system\CodeIgniter.php(320): CodeIgniter\CodeIgniter->handleRequest(NULL, Object(Config\Cache), false)
#9 C:\xampp\htdocs\empaquesys\index.php(44): CodeIgniter\CodeIgniter->run()
#10 {main}
ERROR - 2022-01-13 04:35:22 --> You have an error in your SQL syntax; check the manual that corresponds to your MariaDB server version for the right syntax to use near 'FROM `t_pallet_embarque`
WHERE `embarque_id` = ('1')
GROUP BY `pedido`' at line 2
CRITICAL - 2022-01-13 04:35:22 --> You have an error in your SQL syntax; check the manual that corresponds to your MariaDB server version for the right syntax to use near 'FROM `t_pallet_embarque`
WHERE `embarque_id` = ('1')
GROUP BY `pedido`' at line 2
#0 C:\xampp\htdocs\empaquesys\vendor\codeigniter4\framework\system\Database\MySQLi\Connection.php(292): mysqli->query('SELECT *, GROUP...', 0)
#1 C:\xampp\htdocs\empaquesys\vendor\codeigniter4\framework\system\Database\BaseConnection.php(670): CodeIgniter\Database\MySQLi\Connection->execute('SELECT *, GROUP...')
#2 C:\xampp\htdocs\empaquesys\vendor\codeigniter4\framework\system\Database\BaseConnection.php(598): CodeIgniter\Database\BaseConnection->simpleQuery('SELECT *, GROUP...')
#3 C:\xampp\htdocs\empaquesys\vendor\codeigniter4\framework\system\Database\BaseBuilder.php(1455): CodeIgniter\Database\BaseConnection->query('SELECT *, GROUP...', Array, false)
#4 C:\xampp\htdocs\empaquesys\app\Models\Membarques.php(105): CodeIgniter\Database\BaseBuilder->get()
#5 C:\xampp\htdocs\empaquesys\app\Controllers\Embarques.php(109): App\Models\Membarques->pruebaRR(Array)
#6 C:\xampp\htdocs\empaquesys\vendor\codeigniter4\framework\system\CodeIgniter.php(825): App\Controllers\Embarques->Agregarpallet('1')
#7 C:\xampp\htdocs\empaquesys\vendor\codeigniter4\framework\system\CodeIgniter.php(412): CodeIgniter\CodeIgniter->runController(Object(App\Controllers\Embarques))
#8 C:\xampp\htdocs\empaquesys\vendor\codeigniter4\framework\system\CodeIgniter.php(320): CodeIgniter\CodeIgniter->handleRequest(NULL, Object(Config\Cache), false)
#9 C:\xampp\htdocs\empaquesys\index.php(44): CodeIgniter\CodeIgniter->run()
#10 {main}
ERROR - 2022-01-13 04:42:38 --> You have an error in your SQL syntax; check the manual that corresponds to your MariaDB server version for the right syntax to use near '*, sum(cantidad) as quantity_sum from t_pallet_embarque GROUP BY pedido, `cal...' at line 1
CRITICAL - 2022-01-13 04:42:38 --> You have an error in your SQL syntax; check the manual that corresponds to your MariaDB server version for the right syntax to use near '*, sum(cantidad) as quantity_sum from t_pallet_embarque GROUP BY pedido, `cal...' at line 1
#0 C:\xampp\htdocs\empaquesys\vendor\codeigniter4\framework\system\Database\MySQLi\Connection.php(292): mysqli->query('SELECT *, GROUP...', 0)
#1 C:\xampp\htdocs\empaquesys\vendor\codeigniter4\framework\system\Database\BaseConnection.php(670): CodeIgniter\Database\MySQLi\Connection->execute('SELECT *, GROUP...')
#2 C:\xampp\htdocs\empaquesys\vendor\codeigniter4\framework\system\Database\BaseConnection.php(598): CodeIgniter\Database\BaseConnection->simpleQuery('SELECT *, GROUP...')
#3 C:\xampp\htdocs\empaquesys\vendor\codeigniter4\framework\system\Database\BaseBuilder.php(1455): CodeIgniter\Database\BaseConnection->query('SELECT *, GROUP...', Array, false)
#4 C:\xampp\htdocs\empaquesys\app\Models\Membarques.php(107): CodeIgniter\Database\BaseBuilder->get()
#5 C:\xampp\htdocs\empaquesys\app\Controllers\Embarques.php(109): App\Models\Membarques->pruebaRR(Array)
#6 C:\xampp\htdocs\empaquesys\vendor\codeigniter4\framework\system\CodeIgniter.php(825): App\Controllers\Embarques->Agregarpallet('1')
#7 C:\xampp\htdocs\empaquesys\vendor\codeigniter4\framework\system\CodeIgniter.php(412): CodeIgniter\CodeIgniter->runController(Object(App\Controllers\Embarques))
#8 C:\xampp\htdocs\empaquesys\vendor\codeigniter4\framework\system\CodeIgniter.php(320): CodeIgniter\CodeIgniter->handleRequest(NULL, Object(Config\Cache), false)
#9 C:\xampp\htdocs\empaquesys\index.php(44): CodeIgniter\CodeIgniter->run()
#10 {main}
ERROR - 2022-01-13 04:42:43 --> You have an error in your SQL syntax; check the manual that corresponds to your MariaDB server version for the right syntax to use near '*, sum(cantidad) as quantity_sum from t_pallet_embarque GROUP BY pedido, `cal...' at line 1
CRITICAL - 2022-01-13 04:42:43 --> You have an error in your SQL syntax; check the manual that corresponds to your MariaDB server version for the right syntax to use near '*, sum(cantidad) as quantity_sum from t_pallet_embarque GROUP BY pedido, `cal...' at line 1
#0 C:\xampp\htdocs\empaquesys\vendor\codeigniter4\framework\system\Database\MySQLi\Connection.php(292): mysqli->query('SELECT *, GROUP...', 0)
#1 C:\xampp\htdocs\empaquesys\vendor\codeigniter4\framework\system\Database\BaseConnection.php(670): CodeIgniter\Database\MySQLi\Connection->execute('SELECT *, GROUP...')
#2 C:\xampp\htdocs\empaquesys\vendor\codeigniter4\framework\system\Database\BaseConnection.php(598): CodeIgniter\Database\BaseConnection->simpleQuery('SELECT *, GROUP...')
#3 C:\xampp\htdocs\empaquesys\vendor\codeigniter4\framework\system\Database\BaseBuilder.php(1455): CodeIgniter\Database\BaseConnection->query('SELECT *, GROUP...', Array, false)
#4 C:\xampp\htdocs\empaquesys\app\Models\Membarques.php(107): CodeIgniter\Database\BaseBuilder->get()
#5 C:\xampp\htdocs\empaquesys\app\Controllers\Embarques.php(109): App\Models\Membarques->pruebaRR(Array)
#6 C:\xampp\htdocs\empaquesys\vendor\codeigniter4\framework\system\CodeIgniter.php(825): App\Controllers\Embarques->Agregarpallet('1')
#7 C:\xampp\htdocs\empaquesys\vendor\codeigniter4\framework\system\CodeIgniter.php(412): CodeIgniter\CodeIgniter->runController(Object(App\Controllers\Embarques))
#8 C:\xampp\htdocs\empaquesys\vendor\codeigniter4\framework\system\CodeIgniter.php(320): CodeIgniter\CodeIgniter->handleRequest(NULL, Object(Config\Cache), false)
#9 C:\xampp\htdocs\empaquesys\index.php(44): CodeIgniter\CodeIgniter->run()
#10 {main}
ERROR - 2022-01-13 04:43:04 --> You have an error in your SQL syntax; check the manual that corresponds to your MariaDB server version for the right syntax to use near '*, sum(cantidad) as quantity_sum from t_pallet_embarque GROUP BY pedido, cali...' at line 1
CRITICAL - 2022-01-13 04:43:04 --> You have an error in your SQL syntax; check the manual that corresponds to your MariaDB server version for the right syntax to use near '*, sum(cantidad) as quantity_sum from t_pallet_embarque GROUP BY pedido, cali...' at line 1
#0 C:\xampp\htdocs\empaquesys\vendor\codeigniter4\framework\system\Database\MySQLi\Connection.php(292): mysqli->query('SELECT *, GROUP...', 0)
#1 C:\xampp\htdocs\empaquesys\vendor\codeigniter4\framework\system\Database\BaseConnection.php(670): CodeIgniter\Database\MySQLi\Connection->execute('SELECT *, GROUP...')
#2 C:\xampp\htdocs\empaquesys\vendor\codeigniter4\framework\system\Database\BaseConnection.php(598): CodeIgniter\Database\BaseConnection->simpleQuery('SELECT *, GROUP...')
#3 C:\xampp\htdocs\empaquesys\vendor\codeigniter4\framework\system\Database\BaseBuilder.php(1455): CodeIgniter\Database\BaseConnection->query('SELECT *, GROUP...', Array, false)
#4 C:\xampp\htdocs\empaquesys\app\Models\Membarques.php(107): CodeIgniter\Database\BaseBuilder->get()
#5 C:\xampp\htdocs\empaquesys\app\Controllers\Embarques.php(109): App\Models\Membarques->pruebaRR(Array)
#6 C:\xampp\htdocs\empaquesys\vendor\codeigniter4\framework\system\CodeIgniter.php(825): App\Controllers\Embarques->Agregarpallet('1')
#7 C:\xampp\htdocs\empaquesys\vendor\codeigniter4\framework\system\CodeIgniter.php(412): CodeIgniter\CodeIgniter->runController(Object(App\Controllers\Embarques))
#8 C:\xampp\htdocs\empaquesys\vendor\codeigniter4\framework\system\CodeIgniter.php(320): CodeIgniter\CodeIgniter->handleRequest(NULL, Object(Config\Cache), false)
#9 C:\xampp\htdocs\empaquesys\index.php(44): CodeIgniter\CodeIgniter->run()
#10 {main}
ERROR - 2022-01-13 04:43:54 --> You have an error in your SQL syntax; check the manual that corresponds to your MariaDB server version for the right syntax to use near '*, sum(cantidad) as quantity_sum from t_pallet_embarque GROUP BY pedido, cali...' at line 1
CRITICAL - 2022-01-13 04:43:54 --> You have an error in your SQL syntax; check the manual that corresponds to your MariaDB server version for the right syntax to use near '*, sum(cantidad) as quantity_sum from t_pallet_embarque GROUP BY pedido, cali...' at line 1
#0 C:\xampp\htdocs\empaquesys\vendor\codeigniter4\framework\system\Database\MySQLi\Connection.php(292): mysqli->query('SELECT *, GROUP...', 0)
#1 C:\xampp\htdocs\empaquesys\vendor\codeigniter4\framework\system\Database\BaseConnection.php(670): CodeIgniter\Database\MySQLi\Connection->execute('SELECT *, GROUP...')
#2 C:\xampp\htdocs\empaquesys\vendor\codeigniter4\framework\system\Database\BaseConnection.php(598): CodeIgniter\Database\BaseConnection->simpleQuery('SELECT *, GROUP...')
#3 C:\xampp\htdocs\empaquesys\vendor\codeigniter4\framework\system\Database\BaseBuilder.php(1455): CodeIgniter\Database\BaseConnection->query('SELECT *, GROUP...', Array, false)
#4 C:\xampp\htdocs\empaquesys\app\Models\Membarques.php(107): CodeIgniter\Database\BaseBuilder->get()
#5 C:\xampp\htdocs\empaquesys\app\Controllers\Embarques.php(109): App\Models\Membarques->pruebaRR(Array)
#6 C:\xampp\htdocs\empaquesys\vendor\codeigniter4\framework\system\CodeIgniter.php(825): App\Controllers\Embarques->Agregarpallet('1')
#7 C:\xampp\htdocs\empaquesys\vendor\codeigniter4\framework\system\CodeIgniter.php(412): CodeIgniter\CodeIgniter->runController(Object(App\Controllers\Embarques))
#8 C:\xampp\htdocs\empaquesys\vendor\codeigniter4\framework\system\CodeIgniter.php(320): CodeIgniter\CodeIgniter->handleRequest(NULL, Object(Config\Cache), false)
#9 C:\xampp\htdocs\empaquesys\index.php(44): CodeIgniter\CodeIgniter->run()
#10 {main}
ERROR - 2022-01-13 04:43:56 --> You have an error in your SQL syntax; check the manual that corresponds to your MariaDB server version for the right syntax to use near '*, sum(cantidad) as quantity_sum from t_pallet_embarque GROUP BY pedido, cali...' at line 1
CRITICAL - 2022-01-13 04:43:56 --> You have an error in your SQL syntax; check the manual that corresponds to your MariaDB server version for the right syntax to use near '*, sum(cantidad) as quantity_sum from t_pallet_embarque GROUP BY pedido, cali...' at line 1
#0 C:\xampp\htdocs\empaquesys\vendor\codeigniter4\framework\system\Database\MySQLi\Connection.php(292): mysqli->query('SELECT *, GROUP...', 0)
#1 C:\xampp\htdocs\empaquesys\vendor\codeigniter4\framework\system\Database\BaseConnection.php(670): CodeIgniter\Database\MySQLi\Connection->execute('SELECT *, GROUP...')
#2 C:\xampp\htdocs\empaquesys\vendor\codeigniter4\framework\system\Database\BaseConnection.php(598): CodeIgniter\Database\BaseConnection->simpleQuery('SELECT *, GROUP...')
#3 C:\xampp\htdocs\empaquesys\vendor\codeigniter4\framework\system\Database\BaseBuilder.php(1455): CodeIgniter\Database\BaseConnection->query('SELECT *, GROUP...', Array, false)
#4 C:\xampp\htdocs\empaquesys\app\Models\Membarques.php(107): CodeIgniter\Database\BaseBuilder->get()
#5 C:\xampp\htdocs\empaquesys\app\Controllers\Embarques.php(109): App\Models\Membarques->pruebaRR(Array)
#6 C:\xampp\htdocs\empaquesys\vendor\codeigniter4\framework\system\CodeIgniter.php(825): App\Controllers\Embarques->Agregarpallet('1')
#7 C:\xampp\htdocs\empaquesys\vendor\codeigniter4\framework\system\CodeIgniter.php(412): CodeIgniter\CodeIgniter->runController(Object(App\Controllers\Embarques))
#8 C:\xampp\htdocs\empaquesys\vendor\codeigniter4\framework\system\CodeIgniter.php(320): CodeIgniter\CodeIgniter->handleRequest(NULL, Object(Config\Cache), false)
#9 C:\xampp\htdocs\empaquesys\index.php(44): CodeIgniter\CodeIgniter->run()
#10 {main}
CRITICAL - 2022-01-13 04:47:59 --> Cannot use object of type mysqli as array
#0 C:\xampp\htdocs\empaquesys\vendor\codeigniter4\framework\system\View\View.php(210): include()
#1 C:\xampp\htdocs\empaquesys\vendor\codeigniter4\framework\system\View\View.php(213): CodeIgniter\View\View->CodeIgniter\View\{closure}()
#2 C:\xampp\htdocs\empaquesys\vendor\codeigniter4\framework\system\Common.php(1089): CodeIgniter\View\View->render('Embarques/Vaddp...', Array, true)
#3 C:\xampp\htdocs\empaquesys\app\Controllers\Embarques.php(113): view('Embarques/Vaddp...', Array)
#4 C:\xampp\htdocs\empaquesys\vendor\codeigniter4\framework\system\CodeIgniter.php(825): App\Controllers\Embarques->Agregarpallet('1')
#5 C:\xampp\htdocs\empaquesys\vendor\codeigniter4\framework\system\CodeIgniter.php(412): CodeIgniter\CodeIgniter->runController(Object(App\Controllers\Embarques))
#6 C:\xampp\htdocs\empaquesys\vendor\codeigniter4\framework\system\CodeIgniter.php(320): CodeIgniter\CodeIgniter->handleRequest(NULL, Object(Config\Cache), false)
#7 C:\xampp\htdocs\empaquesys\index.php(44): CodeIgniter\CodeIgniter->run()
#8 {main}
CRITICAL - 2022-01-13 04:50:34 --> Array to string conversion
#0 C:\xampp\htdocs\empaquesys\app\Views\Embarques\Vaddpallet.php(193): CodeIgniter\Debug\Exceptions->errorHandler(2, 'Array to string...', 'C:\\xampp\\htdocs...', 193)
#1 C:\xampp\htdocs\empaquesys\vendor\codeigniter4\framework\system\View\View.php(210): include('C:\\xampp\\htdocs...')
#2 C:\xampp\htdocs\empaquesys\vendor\codeigniter4\framework\system\View\View.php(213): CodeIgniter\View\View->CodeIgniter\View\{closure}()
#3 C:\xampp\htdocs\empaquesys\vendor\codeigniter4\framework\system\Common.php(1089): CodeIgniter\View\View->render('Embarques/Vaddp...', Array, true)
#4 C:\xampp\htdocs\empaquesys\app\Controllers\Embarques.php(113): view('Embarques/Vaddp...', Array)
#5 C:\xampp\htdocs\empaquesys\vendor\codeigniter4\framework\system\CodeIgniter.php(825): App\Controllers\Embarques->Agregarpallet('1')
#6 C:\xampp\htdocs\empaquesys\vendor\codeigniter4\framework\system\CodeIgniter.php(412): CodeIgniter\CodeIgniter->runController(Object(App\Controllers\Embarques))
#7 C:\xampp\htdocs\empaquesys\vendor\codeigniter4\framework\system\CodeIgniter.php(320): CodeIgniter\CodeIgniter->handleRequest(NULL, Object(Config\Cache), false)
#8 C:\xampp\htdocs\empaquesys\index.php(44): CodeIgniter\CodeIgniter->run()
#9 {main}
CRITICAL - 2022-01-13 04:50:48 --> Attempt to read property "total" on array
#0 C:\xampp\htdocs\empaquesys\app\Views\Embarques\Vaddpallet.php(193): CodeIgniter\Debug\Exceptions->errorHandler(2, 'Attempt to read...', 'C:\\xampp\\htdocs...', 193)
#1 C:\xampp\htdocs\empaquesys\vendor\codeigniter4\framework\system\View\View.php(210): include('C:\\xampp\\htdocs...')
#2 C:\xampp\htdocs\empaquesys\vendor\codeigniter4\framework\system\View\View.php(213): CodeIgniter\View\View->CodeIgniter\View\{closure}()
#3 C:\xampp\htdocs\empaquesys\vendor\codeigniter4\framework\system\Common.php(1089): CodeIgniter\View\View->render('Embarques/Vaddp...', Array, true)
#4 C:\xampp\htdocs\empaquesys\app\Controllers\Embarques.php(113): view('Embarques/Vaddp...', Array)
#5 C:\xampp\htdocs\empaquesys\vendor\codeigniter4\framework\system\CodeIgniter.php(825): App\Controllers\Embarques->Agregarpallet('1')
#6 C:\xampp\htdocs\empaquesys\vendor\codeigniter4\framework\system\CodeIgniter.php(412): CodeIgniter\CodeIgniter->runController(Object(App\Controllers\Embarques))
#7 C:\xampp\htdocs\empaquesys\vendor\codeigniter4\framework\system\CodeIgniter.php(320): CodeIgniter\CodeIgniter->handleRequest(NULL, Object(Config\Cache), false)
#8 C:\xampp\htdocs\empaquesys\index.php(44): CodeIgniter\CodeIgniter->run()
#9 {main}
CRITICAL - 2022-01-13 04:50:49 --> Attempt to read property "total" on array
#0 C:\xampp\htdocs\empaquesys\app\Views\Embarques\Vaddpallet.php(193): CodeIgniter\Debug\Exceptions->errorHandler(2, 'Attempt to read...', 'C:\\xampp\\htdocs...', 193)
#1 C:\xampp\htdocs\empaquesys\vendor\codeigniter4\framework\system\View\View.php(210): include('C:\\xampp\\htdocs...')
#2 C:\xampp\htdocs\empaquesys\vendor\codeigniter4\framework\system\View\View.php(213): CodeIgniter\View\View->CodeIgniter\View\{closure}()
#3 C:\xampp\htdocs\empaquesys\vendor\codeigniter4\framework\system\Common.php(1089): CodeIgniter\View\View->render('Embarques/Vaddp...', Array, true)
#4 C:\xampp\htdocs\empaquesys\app\Controllers\Embarques.php(113): view('Embarques/Vaddp...', Array)
#5 C:\xampp\htdocs\empaquesys\vendor\codeigniter4\framework\system\CodeIgniter.php(825): App\Controllers\Embarques->Agregarpallet('1')
#6 C:\xampp\htdocs\empaquesys\vendor\codeigniter4\framework\system\CodeIgniter.php(412): CodeIgniter\CodeIgniter->runController(Object(App\Controllers\Embarques))
#7 C:\xampp\htdocs\empaquesys\vendor\codeigniter4\framework\system\CodeIgniter.php(320): CodeIgniter\CodeIgniter->handleRequest(NULL, Object(Config\Cache), false)
#8 C:\xampp\htdocs\empaquesys\index.php(44): CodeIgniter\CodeIgniter->run()
#9 {main}
